<?xml version="1.0" encoding="UTF-8"?>
<testsuite name="retoDemo" tests="1" skipped="0" failures="0" errors="0" timestamp="2022-04-27T03:04:43" hostname="DESKTOP-1EP5HQ0" time="21.713">
  <properties/>
  <testcase name="perform user registration by entering the following" classname="retoDemo" time="21.713"/>
  <system-out><![CDATA[]]></system-out>
  <system-err><![CDATA[[Test worker] WARN net.thucydides.core.steps.BaseStepListener - stepStarted: net.thucydides.core.steps.ExecutedStepDescription@3ce2ab6b
[Test worker] WARN net.thucydides.core.steps.BaseStepListener - stepStarted: net.thucydides.core.steps.ExecutedStepDescription@1da312bc
[Test worker] WARN net.thucydides.core.steps.BaseStepListener - stepStarted: net.thucydides.core.steps.ExecutedStepDescription@d9961e1
abr 26, 2022 10:04:44 PM org.openqa.selenium.remote.DesiredCapabilities chrome
INFORMACIÓN: Using `new ChromeOptions()` is preferred to `DesiredCapabilities.chrome()`
[Test worker] INFO net.serenitybdd.core.webdriver.driverproviders.ProvideNewDriver - Instantiating driver
[Test worker] INFO net.serenitybdd.core.webdriver.driverproviders.ProvideNewDriver - Driver capabilities: Capabilities {acceptInsecureCerts: false, browserName: chrome, chrome.switches: --start-maximized, goog:chromeOptions: {args: [--start-maximized], extensions: []}, loggingPrefs: org.openqa.selenium.logging..., platform: ANY, version: }
Starting ChromeDriver 100.0.4896.60 (6a5d10861ce8de5fce22564658033b43cb7de047-refs/branch-heads/4896@{#875}) on port 9136
Only local connections are allowed.
Please see https://chromedriver.chromium.org/security-considerations for suggestions on keeping ChromeDriver safe.
ChromeDriver was started successfully.
abr 26, 2022 10:04:48 PM org.openqa.selenium.remote.ProtocolHandshake createSession
INFORMACIÓN: Detected dialect: W3C
[Test worker] WARN net.thucydides.core.steps.BaseStepListener - stepFinished: current outcome:perform user registration by entering the following:Given Fernando wants to create users on the demo page [Fernando open up [Fernando opens the Open demo page]]
[Test worker] WARN net.thucydides.core.steps.BaseStepListener - stepFinished: current outcome:perform user registration by entering the following:Given Fernando wants to create users on the demo page [Fernando open up [Fernando opens the Open demo page]]
[Test worker] WARN net.thucydides.core.steps.BaseStepListener - stepStarted: net.thucydides.core.steps.ExecutedStepDescription@dd7c336
[Test worker] WARN net.thucydides.core.steps.BaseStepListener - stepStarted: net.thucydides.core.steps.ExecutedStepDescription@6417c835
[Test worker] WARN net.thucydides.core.steps.BaseStepListener - stepFinished: current outcome:perform user registration by entering the following:Given Fernando wants to create users on the demo page [Fernando open up [Fernando opens the Open demo page], Fernando register demo [Fernando clicks on enter first name]]
[Test worker] WARN net.thucydides.core.steps.BaseStepListener - stepStarted: net.thucydides.core.steps.ExecutedStepDescription@2c49d5d8
[Test worker] WARN net.thucydides.core.steps.BaseStepListener - stepFinished: current outcome:perform user registration by entering the following:Given Fernando wants to create users on the demo page [Fernando open up [Fernando opens the Open demo page], Fernando register demo [Fernando clicks on enter first name, Fernando enters 'Fernando' into enter first name]]
[Test worker] WARN net.thucydides.core.steps.BaseStepListener - stepStarted: net.thucydides.core.steps.ExecutedStepDescription@6ce5a038
[Test worker] WARN net.thucydides.core.steps.BaseStepListener - stepFinished: current outcome:perform user registration by entering the following:Given Fernando wants to create users on the demo page [Fernando open up [Fernando opens the Open demo page], Fernando register demo [Fernando clicks on enter first name, Fernando enters 'Fernando' into enter first name, Fernando enters 'Villa Alvarez' into enter last name]]
[Test worker] WARN net.thucydides.core.steps.BaseStepListener - stepStarted: net.thucydides.core.steps.ExecutedStepDescription@36293f3e
[Test worker] WARN net.thucydides.core.steps.BaseStepListener - stepFinished: current outcome:perform user registration by entering the following:Given Fernando wants to create users on the demo page [Fernando open up [Fernando opens the Open demo page], Fernando register demo [Fernando clicks on enter first name, Fernando enters 'Fernando' into enter first name, Fernando enters 'Villa Alvarez' into enter last name, Fernando enters 'Mz 11 Casa 1 Las Brisas-Pereira' into enter address]]
[Test worker] WARN net.thucydides.core.steps.BaseStepListener - stepStarted: net.thucydides.core.steps.ExecutedStepDescription@27fb087a
[Test worker] WARN net.thucydides.core.steps.BaseStepListener - stepFinished: current outcome:perform user registration by entering the following:Given Fernando wants to create users on the demo page [Fernando open up [Fernando opens the Open demo page], Fernando register demo [Fernando clicks on enter first name, Fernando enters 'Fernando' into enter first name, Fernando enters 'Villa Alvarez' into enter last name, Fernando enters 'Mz 11 Casa 1 Las Brisas-Pereira' into enter address, Fernando enters 'fvilla.82@hotmail.com' into Input Email]]
[Test worker] WARN net.thucydides.core.steps.BaseStepListener - stepStarted: net.thucydides.core.steps.ExecutedStepDescription@42a6cf8e
[Test worker] WARN net.thucydides.core.steps.BaseStepListener - stepFinished: current outcome:perform user registration by entering the following:Given Fernando wants to create users on the demo page [Fernando open up [Fernando opens the Open demo page], Fernando register demo [Fernando clicks on enter first name, Fernando enters 'Fernando' into enter first name, Fernando enters 'Villa Alvarez' into enter last name, Fernando enters 'Mz 11 Casa 1 Las Brisas-Pereira' into enter address, Fernando enters 'fvilla.82@hotmail.com' into Input Email, Fernando enters '3124335093' into Input phone]]
[Test worker] WARN net.thucydides.core.steps.BaseStepListener - stepStarted: net.thucydides.core.steps.ExecutedStepDescription@8500115
[Test worker] WARN net.thucydides.core.steps.BaseStepListener - stepFinished: current outcome:perform user registration by entering the following:Given Fernando wants to create users on the demo page [Fernando open up [Fernando opens the Open demo page], Fernando register demo [Fernando clicks on enter first name, Fernando enters 'Fernando' into enter first name, Fernando enters 'Villa Alvarez' into enter last name, Fernando enters 'Mz 11 Casa 1 Las Brisas-Pereira' into enter address, Fernando enters 'fvilla.82@hotmail.com' into Input Email, Fernando enters '3124335093' into Input phone, Fernando clicks on Indicate Gender]]
[Test worker] WARN net.thucydides.core.steps.BaseStepListener - stepStarted: net.thucydides.core.steps.ExecutedStepDescription@430dcc14
[Test worker] WARN net.thucydides.core.steps.BaseStepListener - stepFinished: current outcome:perform user registration by entering the following:Given Fernando wants to create users on the demo page [Fernando open up [Fernando opens the Open demo page], Fernando register demo [Fernando clicks on enter first name, Fernando enters 'Fernando' into enter first name, Fernando enters 'Villa Alvarez' into enter last name, Fernando enters 'Mz 11 Casa 1 Las Brisas-Pereira' into enter address, Fernando enters 'fvilla.82@hotmail.com' into Input Email, Fernando enters '3124335093' into Input phone, Fernando clicks on Indicate Gender, Fernando clicks on Indicate hobbies]]
[Test worker] WARN net.thucydides.core.steps.BaseStepListener - stepStarted: net.thucydides.core.steps.ExecutedStepDescription@1415c0ce
[Test worker] WARN net.thucydides.core.steps.BaseStepListener - stepFinished: current outcome:perform user registration by entering the following:Given Fernando wants to create users on the demo page [Fernando open up [Fernando opens the Open demo page], Fernando register demo [Fernando clicks on enter first name, Fernando enters 'Fernando' into enter first name, Fernando enters 'Villa Alvarez' into enter last name, Fernando enters 'Mz 11 Casa 1 Las Brisas-Pereira' into enter address, Fernando enters 'fvilla.82@hotmail.com' into Input Email, Fernando enters '3124335093' into Input phone, Fernando clicks on Indicate Gender, Fernando clicks on Indicate hobbies, Fernando clicks on click language]]
[Test worker] WARN net.thucydides.core.steps.BaseStepListener - stepStarted: net.thucydides.core.steps.ExecutedStepDescription@78fde09
[Test worker] WARN net.thucydides.core.steps.BaseStepListener - stepFinished: current outcome:perform user registration by entering the following:Given Fernando wants to create users on the demo page [Fernando open up [Fernando opens the Open demo page], Fernando register demo [Fernando clicks on enter first name, Fernando enters 'Fernando' into enter first name, Fernando enters 'Villa Alvarez' into enter last name, Fernando enters 'Mz 11 Casa 1 Las Brisas-Pereira' into enter address, Fernando enters 'fvilla.82@hotmail.com' into Input Email, Fernando enters '3124335093' into Input phone, Fernando clicks on Indicate Gender, Fernando clicks on Indicate hobbies, Fernando clicks on click language, Fernando clicks on click language]]
[Test worker] WARN net.thucydides.core.steps.BaseStepListener - stepStarted: net.thucydides.core.steps.ExecutedStepDescription@3f54664b
[Test worker] WARN net.thucydides.core.steps.BaseStepListener - stepFinished: current outcome:perform user registration by entering the following:Given Fernando wants to create users on the demo page [Fernando open up [Fernando opens the Open demo page], Fernando register demo [Fernando clicks on enter first name, Fernando enters 'Fernando' into enter first name, Fernando enters 'Villa Alvarez' into enter last name, Fernando enters 'Mz 11 Casa 1 Las Brisas-Pereira' into enter address, Fernando enters 'fvilla.82@hotmail.com' into Input Email, Fernando enters '3124335093' into Input phone, Fernando clicks on Indicate Gender, Fernando clicks on Indicate hobbies, Fernando clicks on click language, Fernando clicks on click language, Fernando clicks on click language 2]]
[Test worker] WARN net.thucydides.core.steps.BaseStepListener - stepStarted: net.thucydides.core.steps.ExecutedStepDescription@7da1c55
[Test worker] WARN net.thucydides.core.steps.BaseStepListener - stepFinished: current outcome:perform user registration by entering the following:Given Fernando wants to create users on the demo page [Fernando open up [Fernando opens the Open demo page], Fernando register demo [Fernando clicks on enter first name, Fernando enters 'Fernando' into enter first name, Fernando enters 'Villa Alvarez' into enter last name, Fernando enters 'Mz 11 Casa 1 Las Brisas-Pereira' into enter address, Fernando enters 'fvilla.82@hotmail.com' into Input Email, Fernando enters '3124335093' into Input phone, Fernando clicks on Indicate Gender, Fernando clicks on Indicate hobbies, Fernando clicks on click language, Fernando clicks on click language, Fernando clicks on click language 2, Fernando clicks on click language 3 ]]
[Test worker] WARN net.thucydides.core.steps.BaseStepListener - stepStarted: net.thucydides.core.steps.ExecutedStepDescription@7df40c15
[Test worker] WARN net.thucydides.core.steps.BaseStepListener - stepFinished: current outcome:perform user registration by entering the following:Given Fernando wants to create users on the demo page [Fernando open up [Fernando opens the Open demo page], Fernando register demo [Fernando clicks on enter first name, Fernando enters 'Fernando' into enter first name, Fernando enters 'Villa Alvarez' into enter last name, Fernando enters 'Mz 11 Casa 1 Las Brisas-Pereira' into enter address, Fernando enters 'fvilla.82@hotmail.com' into Input Email, Fernando enters '3124335093' into Input phone, Fernando clicks on Indicate Gender, Fernando clicks on Indicate hobbies, Fernando clicks on click language, Fernando clicks on click language, Fernando clicks on click language 2, Fernando clicks on click language 3 , Fernando clicks on click language 4 ]]
[Test worker] WARN net.thucydides.core.steps.BaseStepListener - stepFinished: current outcome:perform user registration by entering the following:Given Fernando wants to create users on the demo page [Fernando open up [Fernando opens the Open demo page], Fernando register demo [Fernando clicks on enter first name, Fernando enters 'Fernando' into enter first name, Fernando enters 'Villa Alvarez' into enter last name, Fernando enters 'Mz 11 Casa 1 Las Brisas-Pereira' into enter address, Fernando enters 'fvilla.82@hotmail.com' into Input Email, Fernando enters '3124335093' into Input phone, Fernando clicks on Indicate Gender, Fernando clicks on Indicate hobbies, Fernando clicks on click language, Fernando clicks on click language, Fernando clicks on click language 2, Fernando clicks on click language 3 , Fernando clicks on click language 4 ]]
[Test worker] WARN net.thucydides.core.steps.BaseStepListener - stepFinished: current outcome:perform user registration by entering the following:Given Fernando wants to create users on the demo page [Fernando open up [Fernando opens the Open demo page], Fernando register demo [Fernando clicks on enter first name, Fernando enters 'Fernando' into enter first name, Fernando enters 'Villa Alvarez' into enter last name, Fernando enters 'Mz 11 Casa 1 Las Brisas-Pereira' into enter address, Fernando enters 'fvilla.82@hotmail.com' into Input Email, Fernando enters '3124335093' into Input phone, Fernando clicks on Indicate Gender, Fernando clicks on Indicate hobbies, Fernando clicks on click language, Fernando clicks on click language, Fernando clicks on click language 2, Fernando clicks on click language 3 , Fernando clicks on click language 4 ]]
[Test worker] WARN net.thucydides.core.steps.BaseStepListener - stepStarted: net.thucydides.core.steps.ExecutedStepDescription@2c3efae7
[Test worker] WARN net.thucydides.core.steps.BaseStepListener - stepFinished: current outcome:perform user registration by entering the following:Given Fernando wants to create users on the demo page [Fernando open up [Fernando opens the Open demo page], Fernando register demo [Fernando clicks on enter first name, Fernando enters 'Fernando' into enter first name, Fernando enters 'Villa Alvarez' into enter last name, Fernando enters 'Mz 11 Casa 1 Las Brisas-Pereira' into enter address, Fernando enters 'fvilla.82@hotmail.com' into Input Email, Fernando enters '3124335093' into Input phone, Fernando clicks on Indicate Gender, Fernando clicks on Indicate hobbies, Fernando clicks on click language, Fernando clicks on click language, Fernando clicks on click language 2, Fernando clicks on click language 3 , Fernando clicks on click language 4 ]], When Entering the registration tab of the page http://demo.automationtesting.in/Register.html
[Test worker] WARN net.thucydides.core.steps.BaseStepListener - stepStarted: net.thucydides.core.steps.ExecutedStepDescription@36fe21e3
[Test worker] WARN net.thucydides.core.steps.BaseStepListener - stepFinished: current outcome:perform user registration by entering the following:Given Fernando wants to create users on the demo page [Fernando open up [Fernando opens the Open demo page], Fernando register demo [Fernando clicks on enter first name, Fernando enters 'Fernando' into enter first name, Fernando enters 'Villa Alvarez' into enter last name, Fernando enters 'Mz 11 Casa 1 Las Brisas-Pereira' into enter address, Fernando enters 'fvilla.82@hotmail.com' into Input Email, Fernando enters '3124335093' into Input phone, Fernando clicks on Indicate Gender, Fernando clicks on Indicate hobbies, Fernando clicks on click language, Fernando clicks on click language, Fernando clicks on click language 2, Fernando clicks on click language 3 , Fernando clicks on click language 4 ]], When Entering the registration tab of the page http://demo.automationtesting.in/Register.html, Then correctly register your data
[Test worker] WARN net.thucydides.core.steps.BaseStepListener - testFinished: perform user registration by entering the following:Given Fernando wants to create users on the demo page [Fernando open up [Fernando opens the Open demo page], Fernando register demo [Fernando clicks on enter first name, Fernando enters 'Fernando' into enter first name, Fernando enters 'Villa Alvarez' into enter last name, Fernando enters 'Mz 11 Casa 1 Las Brisas-Pereira' into enter address, Fernando enters 'fvilla.82@hotmail.com' into Input Email, Fernando enters '3124335093' into Input phone, Fernando clicks on Indicate Gender, Fernando clicks on Indicate hobbies, Fernando clicks on click language, Fernando clicks on click language, Fernando clicks on click language 2, Fernando clicks on click language 3 , Fernando clicks on click language 4 ]], When Entering the registration tab of the page http://demo.automationtesting.in/Register.html, Then correctly register your data
[Test worker] WARN net.thucydides.core.steps.BaseStepListener - TestOutcomes: [perform user registration by entering the following:Given Fernando wants to create users on the demo page [Fernando open up [Fernando opens the Open demo page], Fernando register demo [Fernando clicks on enter first name, Fernando enters 'Fernando' into enter first name, Fernando enters 'Villa Alvarez' into enter last name, Fernando enters 'Mz 11 Casa 1 Las Brisas-Pereira' into enter address, Fernando enters 'fvilla.82@hotmail.com' into Input Email, Fernando enters '3124335093' into Input phone, Fernando clicks on Indicate Gender, Fernando clicks on Indicate hobbies, Fernando clicks on click language, Fernando clicks on click language, Fernando clicks on click language 2, Fernando clicks on click language 3 , Fernando clicks on click language 4 ]], When Entering the registration tab of the page http://demo.automationtesting.in/Register.html, Then correctly register your data]
[Test worker] WARN net.thucydides.core.steps.BaseStepListener - Final testOutcomes: [perform user registration by entering the following:Given Fernando wants to create users on the demo page [Fernando open up [Fernando opens the Open demo page], Fernando register demo [Fernando clicks on enter first name, Fernando enters 'Fernando' into enter first name, Fernando enters 'Villa Alvarez' into enter last name, Fernando enters 'Mz 11 Casa 1 Las Brisas-Pereira' into enter address, Fernando enters 'fvilla.82@hotmail.com' into Input Email, Fernando enters '3124335093' into Input phone, Fernando clicks on Indicate Gender, Fernando clicks on Indicate hobbies, Fernando clicks on click language, Fernando clicks on click language, Fernando clicks on click language 2, Fernando clicks on click language 3 , Fernando clicks on click language 4 ]], When Entering the registration tab of the page http://demo.automationtesting.in/Register.html, Then correctly register your data]
[Test worker] INFO net.thucydides.core.steps.ConsoleLoggingListener - 
        __    _____ _____ ____ _____   ____   _    ____  ____  _____ ____  
  _     \ \  |_   _| ____/ ___|_   _| |  _ \ / \  / ___|/ ___|| ____|  _ \ 
 (_)_____| |   | | |  _| \___ \ | |   | |_) / _ \ \___ \\___ \|  _| | | | |
  _|_____| |   | | | |___ ___) || |   |  __/ ___ \ ___) |___) | |___| |_| |
 (_)     | |   |_| |_____|____/ |_|   |_| /_/   \_\____/|____/|_____|____/ 
        /_/                                                                

TEST PASSED: perform user registration by entering the following
----------------------------------------------------------------------------
]]></system-err>
</testsuite>
