<?xml version="1.0" encoding="UTF-8"?>
<testsuite name="retoDemo" tests="2" skipped="0" failures="0" errors="0" timestamp="2022-04-28T03:12:59" hostname="DESKTOP-1EP5HQ0" time="47.573">
  <properties/>
  <testcase name="perform user registration by entering the following" classname="retoDemo" time="23.824"/>
  <testcase name="perform user registration by entering the following" classname="retoDemo" time="23.738"/>
  <system-out><![CDATA[]]></system-out>
  <system-err><![CDATA[[Test worker] WARN net.thucydides.core.steps.BaseStepListener - stepStarted: net.thucydides.core.steps.ExecutedStepDescription@2d13b094
[Test worker] WARN net.thucydides.core.steps.BaseStepListener - stepStarted: net.thucydides.core.steps.ExecutedStepDescription@2d97841d
[Test worker] WARN net.thucydides.core.steps.BaseStepListener - stepStarted: net.thucydides.core.steps.ExecutedStepDescription@218c7aaf
abr 27, 2022 10:13:00 PM org.openqa.selenium.remote.DesiredCapabilities chrome
INFORMACIÓN: Using `new ChromeOptions()` is preferred to `DesiredCapabilities.chrome()`
[Test worker] INFO net.serenitybdd.core.webdriver.driverproviders.ProvideNewDriver - Instantiating driver
[Test worker] INFO net.serenitybdd.core.webdriver.driverproviders.ProvideNewDriver - Driver capabilities: Capabilities {acceptInsecureCerts: false, browserName: chrome, chrome.switches: --start-maximized, goog:chromeOptions: {args: [--start-maximized], extensions: []}, loggingPrefs: org.openqa.selenium.logging..., platform: ANY, version: }
Starting ChromeDriver 100.0.4896.60 (6a5d10861ce8de5fce22564658033b43cb7de047-refs/branch-heads/4896@{#875}) on port 6348
Only local connections are allowed.
Please see https://chromedriver.chromium.org/security-considerations for suggestions on keeping ChromeDriver safe.
ChromeDriver was started successfully.
abr 27, 2022 10:13:03 PM org.openqa.selenium.remote.ProtocolHandshake createSession
INFORMACIÓN: Detected dialect: W3C
[Test worker] WARN net.thucydides.core.steps.BaseStepListener - stepFinished: current outcome:perform user registration by entering the following:Example: {firstname=Fernando, lastname=Villa Alvarez, address=Mz 11 Casa 1, email=fvilla.82@hotmail.com, phone=3124335093, year=1982, month=April, day=12, password1=Poiuytre155**, password2=Poiuytre155**} [Given Fernando wants to create users on the demo page [Fernando open up [Fernando opens the Open demo page]]]
[Test worker] WARN net.thucydides.core.steps.BaseStepListener - stepFinished: current outcome:perform user registration by entering the following:Example: {firstname=Fernando, lastname=Villa Alvarez, address=Mz 11 Casa 1, email=fvilla.82@hotmail.com, phone=3124335093, year=1982, month=April, day=12, password1=Poiuytre155**, password2=Poiuytre155**} [Given Fernando wants to create users on the demo page [Fernando open up [Fernando opens the Open demo page]]]
[Test worker] WARN net.thucydides.core.steps.BaseStepListener - stepFinished: current outcome:perform user registration by entering the following:Example: {firstname=Fernando, lastname=Villa Alvarez, address=Mz 11 Casa 1, email=fvilla.82@hotmail.com, phone=3124335093, year=1982, month=April, day=12, password1=Poiuytre155**, password2=Poiuytre155**} [Given Fernando wants to create users on the demo page [Fernando open up [Fernando opens the Open demo page]]]
[Test worker] WARN net.thucydides.core.steps.BaseStepListener - stepStarted: net.thucydides.core.steps.ExecutedStepDescription@73e61b76
[Test worker] WARN net.thucydides.core.steps.BaseStepListener - stepStarted: net.thucydides.core.steps.ExecutedStepDescription@15912eee
[Test worker] WARN net.thucydides.core.steps.BaseStepListener - stepStarted: net.thucydides.core.steps.ExecutedStepDescription@11e12206
[Test worker] WARN net.thucydides.core.steps.BaseStepListener - stepFinished: current outcome:perform user registration by entering the following:Example: {firstname=Fernando, lastname=Villa Alvarez, address=Mz 11 Casa 1, email=fvilla.82@hotmail.com, phone=3124335093, year=1982, month=April, day=12, password1=Poiuytre155**, password2=Poiuytre155**} [Given Fernando wants to create users on the demo page [Fernando open up [Fernando opens the Open demo page]], When Entering the register tab of the automation demo site
| firstname | lastname | address | email | phone | year | month | day | password1 | password2 |
| Fernando | Villa Alvarez | Mz 11 Casa 1 | fvilla.82@hotmail.com | 3124335093 | 1982 | April | 12 | Poiuytre155** | Poiuytre155** | [Fernando register demo [Fernando clicks on enter first name]]]
[Test worker] WARN net.thucydides.core.steps.BaseStepListener - stepStarted: net.thucydides.core.steps.ExecutedStepDescription@4863ba55
[Test worker] WARN net.thucydides.core.steps.BaseStepListener - stepFinished: current outcome:perform user registration by entering the following:Example: {firstname=Fernando, lastname=Villa Alvarez, address=Mz 11 Casa 1, email=fvilla.82@hotmail.com, phone=3124335093, year=1982, month=April, day=12, password1=Poiuytre155**, password2=Poiuytre155**} [Given Fernando wants to create users on the demo page [Fernando open up [Fernando opens the Open demo page]], When Entering the register tab of the automation demo site
| firstname | lastname | address | email | phone | year | month | day | password1 | password2 |
| Fernando | Villa Alvarez | Mz 11 Casa 1 | fvilla.82@hotmail.com | 3124335093 | 1982 | April | 12 | Poiuytre155** | Poiuytre155** | [Fernando register demo [Fernando clicks on enter first name, Fernando enters 'Fernando' into enter first name]]]
[Test worker] WARN net.thucydides.core.steps.BaseStepListener - stepStarted: net.thucydides.core.steps.ExecutedStepDescription@13e747aa
[Test worker] WARN net.thucydides.core.steps.BaseStepListener - stepFinished: current outcome:perform user registration by entering the following:Example: {firstname=Fernando, lastname=Villa Alvarez, address=Mz 11 Casa 1, email=fvilla.82@hotmail.com, phone=3124335093, year=1982, month=April, day=12, password1=Poiuytre155**, password2=Poiuytre155**} [Given Fernando wants to create users on the demo page [Fernando open up [Fernando opens the Open demo page]], When Entering the register tab of the automation demo site
| firstname | lastname | address | email | phone | year | month | day | password1 | password2 |
| Fernando | Villa Alvarez | Mz 11 Casa 1 | fvilla.82@hotmail.com | 3124335093 | 1982 | April | 12 | Poiuytre155** | Poiuytre155** | [Fernando register demo [Fernando clicks on enter first name, Fernando enters 'Fernando' into enter first name, Fernando enters 'Villa Alvarez' into enter last name]]]
[Test worker] WARN net.thucydides.core.steps.BaseStepListener - stepStarted: net.thucydides.core.steps.ExecutedStepDescription@6b791b94
[Test worker] WARN net.thucydides.core.steps.BaseStepListener - stepFinished: current outcome:perform user registration by entering the following:Example: {firstname=Fernando, lastname=Villa Alvarez, address=Mz 11 Casa 1, email=fvilla.82@hotmail.com, phone=3124335093, year=1982, month=April, day=12, password1=Poiuytre155**, password2=Poiuytre155**} [Given Fernando wants to create users on the demo page [Fernando open up [Fernando opens the Open demo page]], When Entering the register tab of the automation demo site
| firstname | lastname | address | email | phone | year | month | day | password1 | password2 |
| Fernando | Villa Alvarez | Mz 11 Casa 1 | fvilla.82@hotmail.com | 3124335093 | 1982 | April | 12 | Poiuytre155** | Poiuytre155** | [Fernando register demo [Fernando clicks on enter first name, Fernando enters 'Fernando' into enter first name, Fernando enters 'Villa Alvarez' into enter last name, Fernando enters 'Mz 11 Casa 1' into enter address]]]
[Test worker] WARN net.thucydides.core.steps.BaseStepListener - stepStarted: net.thucydides.core.steps.ExecutedStepDescription@407d5e41
[Test worker] WARN net.thucydides.core.steps.BaseStepListener - stepFinished: current outcome:perform user registration by entering the following:Example: {firstname=Fernando, lastname=Villa Alvarez, address=Mz 11 Casa 1, email=fvilla.82@hotmail.com, phone=3124335093, year=1982, month=April, day=12, password1=Poiuytre155**, password2=Poiuytre155**} [Given Fernando wants to create users on the demo page [Fernando open up [Fernando opens the Open demo page]], When Entering the register tab of the automation demo site
| firstname | lastname | address | email | phone | year | month | day | password1 | password2 |
| Fernando | Villa Alvarez | Mz 11 Casa 1 | fvilla.82@hotmail.com | 3124335093 | 1982 | April | 12 | Poiuytre155** | Poiuytre155** | [Fernando register demo [Fernando clicks on enter first name, Fernando enters 'Fernando' into enter first name, Fernando enters 'Villa Alvarez' into enter last name, Fernando enters 'Mz 11 Casa 1' into enter address, Fernando enters 'fvilla.82@hotmail.com' into Input Email]]]
[Test worker] WARN net.thucydides.core.steps.BaseStepListener - stepStarted: net.thucydides.core.steps.ExecutedStepDescription@2324bb36
[Test worker] WARN net.thucydides.core.steps.BaseStepListener - stepFinished: current outcome:perform user registration by entering the following:Example: {firstname=Fernando, lastname=Villa Alvarez, address=Mz 11 Casa 1, email=fvilla.82@hotmail.com, phone=3124335093, year=1982, month=April, day=12, password1=Poiuytre155**, password2=Poiuytre155**} [Given Fernando wants to create users on the demo page [Fernando open up [Fernando opens the Open demo page]], When Entering the register tab of the automation demo site
| firstname | lastname | address | email | phone | year | month | day | password1 | password2 |
| Fernando | Villa Alvarez | Mz 11 Casa 1 | fvilla.82@hotmail.com | 3124335093 | 1982 | April | 12 | Poiuytre155** | Poiuytre155** | [Fernando register demo [Fernando clicks on enter first name, Fernando enters 'Fernando' into enter first name, Fernando enters 'Villa Alvarez' into enter last name, Fernando enters 'Mz 11 Casa 1' into enter address, Fernando enters 'fvilla.82@hotmail.com' into Input Email, Fernando enters '3124335093' into Input phone]]]
[Test worker] WARN net.thucydides.core.steps.BaseStepListener - stepStarted: net.thucydides.core.steps.ExecutedStepDescription@302e3fa7
[Test worker] WARN net.thucydides.core.steps.BaseStepListener - stepFinished: current outcome:perform user registration by entering the following:Example: {firstname=Fernando, lastname=Villa Alvarez, address=Mz 11 Casa 1, email=fvilla.82@hotmail.com, phone=3124335093, year=1982, month=April, day=12, password1=Poiuytre155**, password2=Poiuytre155**} [Given Fernando wants to create users on the demo page [Fernando open up [Fernando opens the Open demo page]], When Entering the register tab of the automation demo site
| firstname | lastname | address | email | phone | year | month | day | password1 | password2 |
| Fernando | Villa Alvarez | Mz 11 Casa 1 | fvilla.82@hotmail.com | 3124335093 | 1982 | April | 12 | Poiuytre155** | Poiuytre155** | [Fernando register demo [Fernando clicks on enter first name, Fernando enters 'Fernando' into enter first name, Fernando enters 'Villa Alvarez' into enter last name, Fernando enters 'Mz 11 Casa 1' into enter address, Fernando enters 'fvilla.82@hotmail.com' into Input Email, Fernando enters '3124335093' into Input phone, Fernando clicks on Indicate Gender]]]
[Test worker] WARN net.thucydides.core.steps.BaseStepListener - stepStarted: net.thucydides.core.steps.ExecutedStepDescription@56ea1cc9
[Test worker] WARN net.thucydides.core.steps.BaseStepListener - stepFinished: current outcome:perform user registration by entering the following:Example: {firstname=Fernando, lastname=Villa Alvarez, address=Mz 11 Casa 1, email=fvilla.82@hotmail.com, phone=3124335093, year=1982, month=April, day=12, password1=Poiuytre155**, password2=Poiuytre155**} [Given Fernando wants to create users on the demo page [Fernando open up [Fernando opens the Open demo page]], When Entering the register tab of the automation demo site
| firstname | lastname | address | email | phone | year | month | day | password1 | password2 |
| Fernando | Villa Alvarez | Mz 11 Casa 1 | fvilla.82@hotmail.com | 3124335093 | 1982 | April | 12 | Poiuytre155** | Poiuytre155** | [Fernando register demo [Fernando clicks on enter first name, Fernando enters 'Fernando' into enter first name, Fernando enters 'Villa Alvarez' into enter last name, Fernando enters 'Mz 11 Casa 1' into enter address, Fernando enters 'fvilla.82@hotmail.com' into Input Email, Fernando enters '3124335093' into Input phone, Fernando clicks on Indicate Gender, Fernando clicks on Indicate hobbies]]]
[Test worker] WARN net.thucydides.core.steps.BaseStepListener - stepStarted: net.thucydides.core.steps.ExecutedStepDescription@c3d2959
[Test worker] WARN net.thucydides.core.steps.BaseStepListener - stepFinished: current outcome:perform user registration by entering the following:Example: {firstname=Fernando, lastname=Villa Alvarez, address=Mz 11 Casa 1, email=fvilla.82@hotmail.com, phone=3124335093, year=1982, month=April, day=12, password1=Poiuytre155**, password2=Poiuytre155**} [Given Fernando wants to create users on the demo page [Fernando open up [Fernando opens the Open demo page]], When Entering the register tab of the automation demo site
| firstname | lastname | address | email | phone | year | month | day | password1 | password2 |
| Fernando | Villa Alvarez | Mz 11 Casa 1 | fvilla.82@hotmail.com | 3124335093 | 1982 | April | 12 | Poiuytre155** | Poiuytre155** | [Fernando register demo [Fernando clicks on enter first name, Fernando enters 'Fernando' into enter first name, Fernando enters 'Villa Alvarez' into enter last name, Fernando enters 'Mz 11 Casa 1' into enter address, Fernando enters 'fvilla.82@hotmail.com' into Input Email, Fernando enters '3124335093' into Input phone, Fernando clicks on Indicate Gender, Fernando clicks on Indicate hobbies, Fernando clicks on click language]]]
[Test worker] WARN net.thucydides.core.steps.BaseStepListener - stepStarted: net.thucydides.core.steps.ExecutedStepDescription@698dc9ae
[Test worker] WARN net.thucydides.core.steps.BaseStepListener - stepFinished: current outcome:perform user registration by entering the following:Example: {firstname=Fernando, lastname=Villa Alvarez, address=Mz 11 Casa 1, email=fvilla.82@hotmail.com, phone=3124335093, year=1982, month=April, day=12, password1=Poiuytre155**, password2=Poiuytre155**} [Given Fernando wants to create users on the demo page [Fernando open up [Fernando opens the Open demo page]], When Entering the register tab of the automation demo site
| firstname | lastname | address | email | phone | year | month | day | password1 | password2 |
| Fernando | Villa Alvarez | Mz 11 Casa 1 | fvilla.82@hotmail.com | 3124335093 | 1982 | April | 12 | Poiuytre155** | Poiuytre155** | [Fernando register demo [Fernando clicks on enter first name, Fernando enters 'Fernando' into enter first name, Fernando enters 'Villa Alvarez' into enter last name, Fernando enters 'Mz 11 Casa 1' into enter address, Fernando enters 'fvilla.82@hotmail.com' into Input Email, Fernando enters '3124335093' into Input phone, Fernando clicks on Indicate Gender, Fernando clicks on Indicate hobbies, Fernando clicks on click language, Fernando clicks on click language]]]
[Test worker] WARN net.thucydides.core.steps.BaseStepListener - stepStarted: net.thucydides.core.steps.ExecutedStepDescription@18f07d0f
[Test worker] WARN net.thucydides.core.steps.BaseStepListener - stepFinished: current outcome:perform user registration by entering the following:Example: {firstname=Fernando, lastname=Villa Alvarez, address=Mz 11 Casa 1, email=fvilla.82@hotmail.com, phone=3124335093, year=1982, month=April, day=12, password1=Poiuytre155**, password2=Poiuytre155**} [Given Fernando wants to create users on the demo page [Fernando open up [Fernando opens the Open demo page]], When Entering the register tab of the automation demo site
| firstname | lastname | address | email | phone | year | month | day | password1 | password2 |
| Fernando | Villa Alvarez | Mz 11 Casa 1 | fvilla.82@hotmail.com | 3124335093 | 1982 | April | 12 | Poiuytre155** | Poiuytre155** | [Fernando register demo [Fernando clicks on enter first name, Fernando enters 'Fernando' into enter first name, Fernando enters 'Villa Alvarez' into enter last name, Fernando enters 'Mz 11 Casa 1' into enter address, Fernando enters 'fvilla.82@hotmail.com' into Input Email, Fernando enters '3124335093' into Input phone, Fernando clicks on Indicate Gender, Fernando clicks on Indicate hobbies, Fernando clicks on click language, Fernando clicks on click language, Fernando clicks on click language 2]]]
[Test worker] WARN net.thucydides.core.steps.BaseStepListener - stepStarted: net.thucydides.core.steps.ExecutedStepDescription@26f9a991
[Test worker] WARN net.thucydides.core.steps.BaseStepListener - stepFinished: current outcome:perform user registration by entering the following:Example: {firstname=Fernando, lastname=Villa Alvarez, address=Mz 11 Casa 1, email=fvilla.82@hotmail.com, phone=3124335093, year=1982, month=April, day=12, password1=Poiuytre155**, password2=Poiuytre155**} [Given Fernando wants to create users on the demo page [Fernando open up [Fernando opens the Open demo page]], When Entering the register tab of the automation demo site
| firstname | lastname | address | email | phone | year | month | day | password1 | password2 |
| Fernando | Villa Alvarez | Mz 11 Casa 1 | fvilla.82@hotmail.com | 3124335093 | 1982 | April | 12 | Poiuytre155** | Poiuytre155** | [Fernando register demo [Fernando clicks on enter first name, Fernando enters 'Fernando' into enter first name, Fernando enters 'Villa Alvarez' into enter last name, Fernando enters 'Mz 11 Casa 1' into enter address, Fernando enters 'fvilla.82@hotmail.com' into Input Email, Fernando enters '3124335093' into Input phone, Fernando clicks on Indicate Gender, Fernando clicks on Indicate hobbies, Fernando clicks on click language, Fernando clicks on click language, Fernando clicks on click language 2, Fernando clicks on click language 3 ]]]
[Test worker] WARN net.thucydides.core.steps.BaseStepListener - stepStarted: net.thucydides.core.steps.ExecutedStepDescription@1164ef3c
[Test worker] WARN net.thucydides.core.steps.BaseStepListener - stepFinished: current outcome:perform user registration by entering the following:Example: {firstname=Fernando, lastname=Villa Alvarez, address=Mz 11 Casa 1, email=fvilla.82@hotmail.com, phone=3124335093, year=1982, month=April, day=12, password1=Poiuytre155**, password2=Poiuytre155**} [Given Fernando wants to create users on the demo page [Fernando open up [Fernando opens the Open demo page]], When Entering the register tab of the automation demo site
| firstname | lastname | address | email | phone | year | month | day | password1 | password2 |
| Fernando | Villa Alvarez | Mz 11 Casa 1 | fvilla.82@hotmail.com | 3124335093 | 1982 | April | 12 | Poiuytre155** | Poiuytre155** | [Fernando register demo [Fernando clicks on enter first name, Fernando enters 'Fernando' into enter first name, Fernando enters 'Villa Alvarez' into enter last name, Fernando enters 'Mz 11 Casa 1' into enter address, Fernando enters 'fvilla.82@hotmail.com' into Input Email, Fernando enters '3124335093' into Input phone, Fernando clicks on Indicate Gender, Fernando clicks on Indicate hobbies, Fernando clicks on click language, Fernando clicks on click language, Fernando clicks on click language 2, Fernando clicks on click language 3 , Fernando clicks on indicate skills]]]
[Test worker] WARN net.thucydides.core.steps.BaseStepListener - stepStarted: net.thucydides.core.steps.ExecutedStepDescription@42c5cb49
[Test worker] WARN net.thucydides.core.steps.BaseStepListener - stepFinished: current outcome:perform user registration by entering the following:Example: {firstname=Fernando, lastname=Villa Alvarez, address=Mz 11 Casa 1, email=fvilla.82@hotmail.com, phone=3124335093, year=1982, month=April, day=12, password1=Poiuytre155**, password2=Poiuytre155**} [Given Fernando wants to create users on the demo page [Fernando open up [Fernando opens the Open demo page]], When Entering the register tab of the automation demo site
| firstname | lastname | address | email | phone | year | month | day | password1 | password2 |
| Fernando | Villa Alvarez | Mz 11 Casa 1 | fvilla.82@hotmail.com | 3124335093 | 1982 | April | 12 | Poiuytre155** | Poiuytre155** | [Fernando register demo [Fernando clicks on enter first name, Fernando enters 'Fernando' into enter first name, Fernando enters 'Villa Alvarez' into enter last name, Fernando enters 'Mz 11 Casa 1' into enter address, Fernando enters 'fvilla.82@hotmail.com' into Input Email, Fernando enters '3124335093' into Input phone, Fernando clicks on Indicate Gender, Fernando clicks on Indicate hobbies, Fernando clicks on click language, Fernando clicks on click language, Fernando clicks on click language 2, Fernando clicks on click language 3 , Fernando clicks on indicate skills, Fernando clicks on indicate COUNTRY]]]
[Test worker] WARN net.thucydides.core.steps.BaseStepListener - stepStarted: net.thucydides.core.steps.ExecutedStepDescription@3f2725f3
[Test worker] WARN net.thucydides.core.steps.BaseStepListener - stepFinished: current outcome:perform user registration by entering the following:Example: {firstname=Fernando, lastname=Villa Alvarez, address=Mz 11 Casa 1, email=fvilla.82@hotmail.com, phone=3124335093, year=1982, month=April, day=12, password1=Poiuytre155**, password2=Poiuytre155**} [Given Fernando wants to create users on the demo page [Fernando open up [Fernando opens the Open demo page]], When Entering the register tab of the automation demo site
| firstname | lastname | address | email | phone | year | month | day | password1 | password2 |
| Fernando | Villa Alvarez | Mz 11 Casa 1 | fvilla.82@hotmail.com | 3124335093 | 1982 | April | 12 | Poiuytre155** | Poiuytre155** | [Fernando register demo [Fernando clicks on enter first name, Fernando enters 'Fernando' into enter first name, Fernando enters 'Villa Alvarez' into enter last name, Fernando enters 'Mz 11 Casa 1' into enter address, Fernando enters 'fvilla.82@hotmail.com' into Input Email, Fernando enters '3124335093' into Input phone, Fernando clicks on Indicate Gender, Fernando clicks on Indicate hobbies, Fernando clicks on click language, Fernando clicks on click language, Fernando clicks on click language 2, Fernando clicks on click language 3 , Fernando clicks on indicate skills, Fernando clicks on indicate COUNTRY, Fernando clicks on indicate SELECT COUNTRY]]]
[Test worker] WARN net.thucydides.core.steps.BaseStepListener - stepStarted: net.thucydides.core.steps.ExecutedStepDescription@4f23b39d
[Test worker] WARN net.thucydides.core.steps.BaseStepListener - stepFinished: current outcome:perform user registration by entering the following:Example: {firstname=Fernando, lastname=Villa Alvarez, address=Mz 11 Casa 1, email=fvilla.82@hotmail.com, phone=3124335093, year=1982, month=April, day=12, password1=Poiuytre155**, password2=Poiuytre155**} [Given Fernando wants to create users on the demo page [Fernando open up [Fernando opens the Open demo page]], When Entering the register tab of the automation demo site
| firstname | lastname | address | email | phone | year | month | day | password1 | password2 |
| Fernando | Villa Alvarez | Mz 11 Casa 1 | fvilla.82@hotmail.com | 3124335093 | 1982 | April | 12 | Poiuytre155** | Poiuytre155** | [Fernando register demo [Fernando clicks on enter first name, Fernando enters 'Fernando' into enter first name, Fernando enters 'Villa Alvarez' into enter last name, Fernando enters 'Mz 11 Casa 1' into enter address, Fernando enters 'fvilla.82@hotmail.com' into Input Email, Fernando enters '3124335093' into Input phone, Fernando clicks on Indicate Gender, Fernando clicks on Indicate hobbies, Fernando clicks on click language, Fernando clicks on click language, Fernando clicks on click language 2, Fernando clicks on click language 3 , Fernando clicks on indicate skills, Fernando clicks on indicate COUNTRY, Fernando clicks on indicate SELECT COUNTRY, Fernando select 1982 on select year]]]
[Test worker] WARN net.thucydides.core.steps.BaseStepListener - stepStarted: net.thucydides.core.steps.ExecutedStepDescription@166e436f
[Test worker] WARN net.thucydides.core.steps.BaseStepListener - stepFinished: current outcome:perform user registration by entering the following:Example: {firstname=Fernando, lastname=Villa Alvarez, address=Mz 11 Casa 1, email=fvilla.82@hotmail.com, phone=3124335093, year=1982, month=April, day=12, password1=Poiuytre155**, password2=Poiuytre155**} [Given Fernando wants to create users on the demo page [Fernando open up [Fernando opens the Open demo page]], When Entering the register tab of the automation demo site
| firstname | lastname | address | email | phone | year | month | day | password1 | password2 |
| Fernando | Villa Alvarez | Mz 11 Casa 1 | fvilla.82@hotmail.com | 3124335093 | 1982 | April | 12 | Poiuytre155** | Poiuytre155** | [Fernando register demo [Fernando clicks on enter first name, Fernando enters 'Fernando' into enter first name, Fernando enters 'Villa Alvarez' into enter last name, Fernando enters 'Mz 11 Casa 1' into enter address, Fernando enters 'fvilla.82@hotmail.com' into Input Email, Fernando enters '3124335093' into Input phone, Fernando clicks on Indicate Gender, Fernando clicks on Indicate hobbies, Fernando clicks on click language, Fernando clicks on click language, Fernando clicks on click language 2, Fernando clicks on click language 3 , Fernando clicks on indicate skills, Fernando clicks on indicate COUNTRY, Fernando clicks on indicate SELECT COUNTRY, Fernando select 1982 on select year, Fernando select April on select the month]]]
[Test worker] WARN net.thucydides.core.steps.BaseStepListener - stepStarted: net.thucydides.core.steps.ExecutedStepDescription@1fa2691e
[Test worker] WARN net.thucydides.core.steps.BaseStepListener - stepFinished: current outcome:perform user registration by entering the following:Example: {firstname=Fernando, lastname=Villa Alvarez, address=Mz 11 Casa 1, email=fvilla.82@hotmail.com, phone=3124335093, year=1982, month=April, day=12, password1=Poiuytre155**, password2=Poiuytre155**} [Given Fernando wants to create users on the demo page [Fernando open up [Fernando opens the Open demo page]], When Entering the register tab of the automation demo site
| firstname | lastname | address | email | phone | year | month | day | password1 | password2 |
| Fernando | Villa Alvarez | Mz 11 Casa 1 | fvilla.82@hotmail.com | 3124335093 | 1982 | April | 12 | Poiuytre155** | Poiuytre155** | [Fernando register demo [Fernando clicks on enter first name, Fernando enters 'Fernando' into enter first name, Fernando enters 'Villa Alvarez' into enter last name, Fernando enters 'Mz 11 Casa 1' into enter address, Fernando enters 'fvilla.82@hotmail.com' into Input Email, Fernando enters '3124335093' into Input phone, Fernando clicks on Indicate Gender, Fernando clicks on Indicate hobbies, Fernando clicks on click language, Fernando clicks on click language, Fernando clicks on click language 2, Fernando clicks on click language 3 , Fernando clicks on indicate skills, Fernando clicks on indicate COUNTRY, Fernando clicks on indicate SELECT COUNTRY, Fernando select 1982 on select year, Fernando select April on select the month, Fernando select 12 on select day]]]
[Test worker] WARN net.thucydides.core.steps.BaseStepListener - stepStarted: net.thucydides.core.steps.ExecutedStepDescription@4ef2894e
[Test worker] WARN net.thucydides.core.steps.BaseStepListener - stepFinished: current outcome:perform user registration by entering the following:Example: {firstname=Fernando, lastname=Villa Alvarez, address=Mz 11 Casa 1, email=fvilla.82@hotmail.com, phone=3124335093, year=1982, month=April, day=12, password1=Poiuytre155**, password2=Poiuytre155**} [Given Fernando wants to create users on the demo page [Fernando open up [Fernando opens the Open demo page]], When Entering the register tab of the automation demo site
| firstname | lastname | address | email | phone | year | month | day | password1 | password2 |
| Fernando | Villa Alvarez | Mz 11 Casa 1 | fvilla.82@hotmail.com | 3124335093 | 1982 | April | 12 | Poiuytre155** | Poiuytre155** | [Fernando register demo [Fernando clicks on enter first name, Fernando enters 'Fernando' into enter first name, Fernando enters 'Villa Alvarez' into enter last name, Fernando enters 'Mz 11 Casa 1' into enter address, Fernando enters 'fvilla.82@hotmail.com' into Input Email, Fernando enters '3124335093' into Input phone, Fernando clicks on Indicate Gender, Fernando clicks on Indicate hobbies, Fernando clicks on click language, Fernando clicks on click language, Fernando clicks on click language 2, Fernando clicks on click language 3 , Fernando clicks on indicate skills, Fernando clicks on indicate COUNTRY, Fernando clicks on indicate SELECT COUNTRY, Fernando select 1982 on select year, Fernando select April on select the month, Fernando select 12 on select day, Fernando enters 'Poiuytre155**' into write password to create]]]
[Test worker] WARN net.thucydides.core.steps.BaseStepListener - stepStarted: net.thucydides.core.steps.ExecutedStepDescription@2c974d8b
[Test worker] WARN net.thucydides.core.steps.BaseStepListener - stepFinished: current outcome:perform user registration by entering the following:Example: {firstname=Fernando, lastname=Villa Alvarez, address=Mz 11 Casa 1, email=fvilla.82@hotmail.com, phone=3124335093, year=1982, month=April, day=12, password1=Poiuytre155**, password2=Poiuytre155**} [Given Fernando wants to create users on the demo page [Fernando open up [Fernando opens the Open demo page]], When Entering the register tab of the automation demo site
| firstname | lastname | address | email | phone | year | month | day | password1 | password2 |
| Fernando | Villa Alvarez | Mz 11 Casa 1 | fvilla.82@hotmail.com | 3124335093 | 1982 | April | 12 | Poiuytre155** | Poiuytre155** | [Fernando register demo [Fernando clicks on enter first name, Fernando enters 'Fernando' into enter first name, Fernando enters 'Villa Alvarez' into enter last name, Fernando enters 'Mz 11 Casa 1' into enter address, Fernando enters 'fvilla.82@hotmail.com' into Input Email, Fernando enters '3124335093' into Input phone, Fernando clicks on Indicate Gender, Fernando clicks on Indicate hobbies, Fernando clicks on click language, Fernando clicks on click language, Fernando clicks on click language 2, Fernando clicks on click language 3 , Fernando clicks on indicate skills, Fernando clicks on indicate COUNTRY, Fernando clicks on indicate SELECT COUNTRY, Fernando select 1982 on select year, Fernando select April on select the month, Fernando select 12 on select day, Fernando enters 'Poiuytre155**' into write password to create, Fernando enters 'Poiuytre155**' into write password to confirm]]]
[Test worker] WARN net.thucydides.core.steps.BaseStepListener - stepStarted: net.thucydides.core.steps.ExecutedStepDescription@3c0468dc
[Test worker] WARN net.thucydides.core.steps.BaseStepListener - stepFinished: current outcome:perform user registration by entering the following:Example: {firstname=Fernando, lastname=Villa Alvarez, address=Mz 11 Casa 1, email=fvilla.82@hotmail.com, phone=3124335093, year=1982, month=April, day=12, password1=Poiuytre155**, password2=Poiuytre155**} [Given Fernando wants to create users on the demo page [Fernando open up [Fernando opens the Open demo page]], When Entering the register tab of the automation demo site
| firstname | lastname | address | email | phone | year | month | day | password1 | password2 |
| Fernando | Villa Alvarez | Mz 11 Casa 1 | fvilla.82@hotmail.com | 3124335093 | 1982 | April | 12 | Poiuytre155** | Poiuytre155** | [Fernando register demo [Fernando clicks on enter first name, Fernando enters 'Fernando' into enter first name, Fernando enters 'Villa Alvarez' into enter last name, Fernando enters 'Mz 11 Casa 1' into enter address, Fernando enters 'fvilla.82@hotmail.com' into Input Email, Fernando enters '3124335093' into Input phone, Fernando clicks on Indicate Gender, Fernando clicks on Indicate hobbies, Fernando clicks on click language, Fernando clicks on click language, Fernando clicks on click language 2, Fernando clicks on click language 3 , Fernando clicks on indicate skills, Fernando clicks on indicate COUNTRY, Fernando clicks on indicate SELECT COUNTRY, Fernando select 1982 on select year, Fernando select April on select the month, Fernando select 12 on select day, Fernando enters 'Poiuytre155**' into write password to create, Fernando enters 'Poiuytre155**' into write password to confirm, Fernando clicks on click button submit]]]
[Test worker] WARN net.thucydides.core.steps.BaseStepListener - stepStarted: net.thucydides.core.steps.ExecutedStepDescription@33fa7c78
[Test worker] WARN net.thucydides.core.steps.BaseStepListener - stepFinished: current outcome:perform user registration by entering the following:Example: {firstname=Fernando, lastname=Villa Alvarez, address=Mz 11 Casa 1, email=fvilla.82@hotmail.com, phone=3124335093, year=1982, month=April, day=12, password1=Poiuytre155**, password2=Poiuytre155**} [Given Fernando wants to create users on the demo page [Fernando open up [Fernando opens the Open demo page]], When Entering the register tab of the automation demo site
| firstname | lastname | address | email | phone | year | month | day | password1 | password2 |
| Fernando | Villa Alvarez | Mz 11 Casa 1 | fvilla.82@hotmail.com | 3124335093 | 1982 | April | 12 | Poiuytre155** | Poiuytre155** | [Fernando register demo [Fernando clicks on enter first name, Fernando enters 'Fernando' into enter first name, Fernando enters 'Villa Alvarez' into enter last name, Fernando enters 'Mz 11 Casa 1' into enter address, Fernando enters 'fvilla.82@hotmail.com' into Input Email, Fernando enters '3124335093' into Input phone, Fernando clicks on Indicate Gender, Fernando clicks on Indicate hobbies, Fernando clicks on click language, Fernando clicks on click language, Fernando clicks on click language 2, Fernando clicks on click language 3 , Fernando clicks on indicate skills, Fernando clicks on indicate COUNTRY, Fernando clicks on indicate SELECT COUNTRY, Fernando select 1982 on select year, Fernando select April on select the month, Fernando select 12 on select day, Fernando enters 'Poiuytre155**' into write password to create, Fernando enters 'Poiuytre155**' into write password to confirm, Fernando clicks on click button submit, Fernando clicks on Register data user]]]
[Test worker] WARN net.thucydides.core.steps.BaseStepListener - stepFinished: current outcome:perform user registration by entering the following:Example: {firstname=Fernando, lastname=Villa Alvarez, address=Mz 11 Casa 1, email=fvilla.82@hotmail.com, phone=3124335093, year=1982, month=April, day=12, password1=Poiuytre155**, password2=Poiuytre155**} [Given Fernando wants to create users on the demo page [Fernando open up [Fernando opens the Open demo page]], When Entering the register tab of the automation demo site
| firstname | lastname | address | email | phone | year | month | day | password1 | password2 |
| Fernando | Villa Alvarez | Mz 11 Casa 1 | fvilla.82@hotmail.com | 3124335093 | 1982 | April | 12 | Poiuytre155** | Poiuytre155** | [Fernando register demo [Fernando clicks on enter first name, Fernando enters 'Fernando' into enter first name, Fernando enters 'Villa Alvarez' into enter last name, Fernando enters 'Mz 11 Casa 1' into enter address, Fernando enters 'fvilla.82@hotmail.com' into Input Email, Fernando enters '3124335093' into Input phone, Fernando clicks on Indicate Gender, Fernando clicks on Indicate hobbies, Fernando clicks on click language, Fernando clicks on click language, Fernando clicks on click language 2, Fernando clicks on click language 3 , Fernando clicks on indicate skills, Fernando clicks on indicate COUNTRY, Fernando clicks on indicate SELECT COUNTRY, Fernando select 1982 on select year, Fernando select April on select the month, Fernando select 12 on select day, Fernando enters 'Poiuytre155**' into write password to create, Fernando enters 'Poiuytre155**' into write password to confirm, Fernando clicks on click button submit, Fernando clicks on Register data user]]]
[Test worker] WARN net.thucydides.core.steps.BaseStepListener - stepFinished: current outcome:perform user registration by entering the following:Example: {firstname=Fernando, lastname=Villa Alvarez, address=Mz 11 Casa 1, email=fvilla.82@hotmail.com, phone=3124335093, year=1982, month=April, day=12, password1=Poiuytre155**, password2=Poiuytre155**} [Given Fernando wants to create users on the demo page [Fernando open up [Fernando opens the Open demo page]], When Entering the register tab of the automation demo site
| firstname | lastname | address | email | phone | year | month | day | password1 | password2 |
| Fernando | Villa Alvarez | Mz 11 Casa 1 | fvilla.82@hotmail.com | 3124335093 | 1982 | April | 12 | Poiuytre155** | Poiuytre155** | [Fernando register demo [Fernando clicks on enter first name, Fernando enters 'Fernando' into enter first name, Fernando enters 'Villa Alvarez' into enter last name, Fernando enters 'Mz 11 Casa 1' into enter address, Fernando enters 'fvilla.82@hotmail.com' into Input Email, Fernando enters '3124335093' into Input phone, Fernando clicks on Indicate Gender, Fernando clicks on Indicate hobbies, Fernando clicks on click language, Fernando clicks on click language, Fernando clicks on click language 2, Fernando clicks on click language 3 , Fernando clicks on indicate skills, Fernando clicks on indicate COUNTRY, Fernando clicks on indicate SELECT COUNTRY, Fernando select 1982 on select year, Fernando select April on select the month, Fernando select 12 on select day, Fernando enters 'Poiuytre155**' into write password to create, Fernando enters 'Poiuytre155**' into write password to confirm, Fernando clicks on click button submit, Fernando clicks on Register data user]]]
[Test worker] WARN net.thucydides.core.steps.BaseStepListener - stepStarted: net.thucydides.core.steps.ExecutedStepDescription@101ab88c
[Test worker] WARN net.thucydides.core.steps.BaseStepListener - stepStarted: net.thucydides.core.steps.ExecutedStepDescription@4c95e6f3
[Test worker] WARN net.thucydides.core.steps.BaseStepListener - stepFinished: current outcome:perform user registration by entering the following:Example: {firstname=Fernando, lastname=Villa Alvarez, address=Mz 11 Casa 1, email=fvilla.82@hotmail.com, phone=3124335093, year=1982, month=April, day=12, password1=Poiuytre155**, password2=Poiuytre155**} [Given Fernando wants to create users on the demo page [Fernando open up [Fernando opens the Open demo page]], When Entering the register tab of the automation demo site
| firstname | lastname | address | email | phone | year | month | day | password1 | password2 |
| Fernando | Villa Alvarez | Mz 11 Casa 1 | fvilla.82@hotmail.com | 3124335093 | 1982 | April | 12 | Poiuytre155** | Poiuytre155** | [Fernando register demo [Fernando clicks on enter first name, Fernando enters 'Fernando' into enter first name, Fernando enters 'Villa Alvarez' into enter last name, Fernando enters 'Mz 11 Casa 1' into enter address, Fernando enters 'fvilla.82@hotmail.com' into Input Email, Fernando enters '3124335093' into Input phone, Fernando clicks on Indicate Gender, Fernando clicks on Indicate hobbies, Fernando clicks on click language, Fernando clicks on click language, Fernando clicks on click language 2, Fernando clicks on click language 3 , Fernando clicks on indicate skills, Fernando clicks on indicate COUNTRY, Fernando clicks on indicate SELECT COUNTRY, Fernando select 1982 on select year, Fernando select April on select the month, Fernando select 12 on select day, Fernando enters 'Poiuytre155**' into write password to create, Fernando enters 'Poiuytre155**' into write password to confirm, Fernando clicks on click button submit, Fernando clicks on Register data user]], Then correctly Register your data [Then answer]]
[Test worker] WARN net.thucydides.core.steps.BaseStepListener - stepFinished: current outcome:perform user registration by entering the following:Example: {firstname=Fernando, lastname=Villa Alvarez, address=Mz 11 Casa 1, email=fvilla.82@hotmail.com, phone=3124335093, year=1982, month=April, day=12, password1=Poiuytre155**, password2=Poiuytre155**} [Given Fernando wants to create users on the demo page [Fernando open up [Fernando opens the Open demo page]], When Entering the register tab of the automation demo site
| firstname | lastname | address | email | phone | year | month | day | password1 | password2 |
| Fernando | Villa Alvarez | Mz 11 Casa 1 | fvilla.82@hotmail.com | 3124335093 | 1982 | April | 12 | Poiuytre155** | Poiuytre155** | [Fernando register demo [Fernando clicks on enter first name, Fernando enters 'Fernando' into enter first name, Fernando enters 'Villa Alvarez' into enter last name, Fernando enters 'Mz 11 Casa 1' into enter address, Fernando enters 'fvilla.82@hotmail.com' into Input Email, Fernando enters '3124335093' into Input phone, Fernando clicks on Indicate Gender, Fernando clicks on Indicate hobbies, Fernando clicks on click language, Fernando clicks on click language, Fernando clicks on click language 2, Fernando clicks on click language 3 , Fernando clicks on indicate skills, Fernando clicks on indicate COUNTRY, Fernando clicks on indicate SELECT COUNTRY, Fernando select 1982 on select year, Fernando select April on select the month, Fernando select 12 on select day, Fernando enters 'Poiuytre155**' into write password to create, Fernando enters 'Poiuytre155**' into write password to confirm, Fernando clicks on click button submit, Fernando clicks on Register data user]], Then correctly Register your data [Then answer]]
[Test worker] WARN net.thucydides.core.steps.BaseStepListener - stepFinished: current outcome:perform user registration by entering the following:Example: {firstname=Fernando, lastname=Villa Alvarez, address=Mz 11 Casa 1, email=fvilla.82@hotmail.com, phone=3124335093, year=1982, month=April, day=12, password1=Poiuytre155**, password2=Poiuytre155**} [Given Fernando wants to create users on the demo page [Fernando open up [Fernando opens the Open demo page]], When Entering the register tab of the automation demo site
| firstname | lastname | address | email | phone | year | month | day | password1 | password2 |
| Fernando | Villa Alvarez | Mz 11 Casa 1 | fvilla.82@hotmail.com | 3124335093 | 1982 | April | 12 | Poiuytre155** | Poiuytre155** | [Fernando register demo [Fernando clicks on enter first name, Fernando enters 'Fernando' into enter first name, Fernando enters 'Villa Alvarez' into enter last name, Fernando enters 'Mz 11 Casa 1' into enter address, Fernando enters 'fvilla.82@hotmail.com' into Input Email, Fernando enters '3124335093' into Input phone, Fernando clicks on Indicate Gender, Fernando clicks on Indicate hobbies, Fernando clicks on click language, Fernando clicks on click language, Fernando clicks on click language 2, Fernando clicks on click language 3 , Fernando clicks on indicate skills, Fernando clicks on indicate COUNTRY, Fernando clicks on indicate SELECT COUNTRY, Fernando select 1982 on select year, Fernando select April on select the month, Fernando select 12 on select day, Fernando enters 'Poiuytre155**' into write password to create, Fernando enters 'Poiuytre155**' into write password to confirm, Fernando clicks on click button submit, Fernando clicks on Register data user]], Then correctly Register your data [Then answer]]
[Test worker] WARN net.thucydides.core.steps.BaseStepListener - testFinished: perform user registration by entering the following:Example: {firstname=Fernando, lastname=Villa Alvarez, address=Mz 11 Casa 1, email=fvilla.82@hotmail.com, phone=3124335093, year=1982, month=April, day=12, password1=Poiuytre155**, password2=Poiuytre155**} [Given Fernando wants to create users on the demo page [Fernando open up [Fernando opens the Open demo page]], When Entering the register tab of the automation demo site
| firstname | lastname | address | email | phone | year | month | day | password1 | password2 |
| Fernando | Villa Alvarez | Mz 11 Casa 1 | fvilla.82@hotmail.com | 3124335093 | 1982 | April | 12 | Poiuytre155** | Poiuytre155** | [Fernando register demo [Fernando clicks on enter first name, Fernando enters 'Fernando' into enter first name, Fernando enters 'Villa Alvarez' into enter last name, Fernando enters 'Mz 11 Casa 1' into enter address, Fernando enters 'fvilla.82@hotmail.com' into Input Email, Fernando enters '3124335093' into Input phone, Fernando clicks on Indicate Gender, Fernando clicks on Indicate hobbies, Fernando clicks on click language, Fernando clicks on click language, Fernando clicks on click language 2, Fernando clicks on click language 3 , Fernando clicks on indicate skills, Fernando clicks on indicate COUNTRY, Fernando clicks on indicate SELECT COUNTRY, Fernando select 1982 on select year, Fernando select April on select the month, Fernando select 12 on select day, Fernando enters 'Poiuytre155**' into write password to create, Fernando enters 'Poiuytre155**' into write password to confirm, Fernando clicks on click button submit, Fernando clicks on Register data user]], Then correctly Register your data [Then answer]]
[Test worker] WARN net.thucydides.core.steps.BaseStepListener - TestOutcomes: [perform user registration by entering the following:Example: {firstname=Fernando, lastname=Villa Alvarez, address=Mz 11 Casa 1, email=fvilla.82@hotmail.com, phone=3124335093, year=1982, month=April, day=12, password1=Poiuytre155**, password2=Poiuytre155**} [Given Fernando wants to create users on the demo page [Fernando open up [Fernando opens the Open demo page]], When Entering the register tab of the automation demo site
| firstname | lastname | address | email | phone | year | month | day | password1 | password2 |
| Fernando | Villa Alvarez | Mz 11 Casa 1 | fvilla.82@hotmail.com | 3124335093 | 1982 | April | 12 | Poiuytre155** | Poiuytre155** | [Fernando register demo [Fernando clicks on enter first name, Fernando enters 'Fernando' into enter first name, Fernando enters 'Villa Alvarez' into enter last name, Fernando enters 'Mz 11 Casa 1' into enter address, Fernando enters 'fvilla.82@hotmail.com' into Input Email, Fernando enters '3124335093' into Input phone, Fernando clicks on Indicate Gender, Fernando clicks on Indicate hobbies, Fernando clicks on click language, Fernando clicks on click language, Fernando clicks on click language 2, Fernando clicks on click language 3 , Fernando clicks on indicate skills, Fernando clicks on indicate COUNTRY, Fernando clicks on indicate SELECT COUNTRY, Fernando select 1982 on select year, Fernando select April on select the month, Fernando select 12 on select day, Fernando enters 'Poiuytre155**' into write password to create, Fernando enters 'Poiuytre155**' into write password to confirm, Fernando clicks on click button submit, Fernando clicks on Register data user]], Then correctly Register your data [Then answer]]]
[Test worker] WARN net.thucydides.core.steps.BaseStepListener - Final testOutcomes: [perform user registration by entering the following:Example: {firstname=Fernando, lastname=Villa Alvarez, address=Mz 11 Casa 1, email=fvilla.82@hotmail.com, phone=3124335093, year=1982, month=April, day=12, password1=Poiuytre155**, password2=Poiuytre155**} [Given Fernando wants to create users on the demo page [Fernando open up [Fernando opens the Open demo page]], When Entering the register tab of the automation demo site
| firstname | lastname | address | email | phone | year | month | day | password1 | password2 |
| Fernando | Villa Alvarez | Mz 11 Casa 1 | fvilla.82@hotmail.com | 3124335093 | 1982 | April | 12 | Poiuytre155** | Poiuytre155** | [Fernando register demo [Fernando clicks on enter first name, Fernando enters 'Fernando' into enter first name, Fernando enters 'Villa Alvarez' into enter last name, Fernando enters 'Mz 11 Casa 1' into enter address, Fernando enters 'fvilla.82@hotmail.com' into Input Email, Fernando enters '3124335093' into Input phone, Fernando clicks on Indicate Gender, Fernando clicks on Indicate hobbies, Fernando clicks on click language, Fernando clicks on click language, Fernando clicks on click language 2, Fernando clicks on click language 3 , Fernando clicks on indicate skills, Fernando clicks on indicate COUNTRY, Fernando clicks on indicate SELECT COUNTRY, Fernando select 1982 on select year, Fernando select April on select the month, Fernando select 12 on select day, Fernando enters 'Poiuytre155**' into write password to create, Fernando enters 'Poiuytre155**' into write password to confirm, Fernando clicks on click button submit, Fernando clicks on Register data user]], Then correctly Register your data [Then answer]]]
[Test worker] INFO net.thucydides.core.steps.ConsoleLoggingListener - 
        __    _____ _____ ____ _____   ____   _    ____  ____  _____ ____  
  _     \ \  |_   _| ____/ ___|_   _| |  _ \ / \  / ___|/ ___|| ____|  _ \ 
 (_)_____| |   | | |  _| \___ \ | |   | |_) / _ \ \___ \\___ \|  _| | | | |
  _|_____| |   | | | |___ ___) || |   |  __/ ___ \ ___) |___) | |___| |_| |
 (_)     | |   |_| |_____|____/ |_|   |_| /_/   \_\____/|____/|_____|____/ 
        /_/                                                                

TEST PASSED: perform user registration by entering the following
----------------------------------------------------------------------------
[Test worker] WARN net.thucydides.core.steps.BaseStepListener - stepStarted: net.thucydides.core.steps.ExecutedStepDescription@2868d2e4
[Test worker] WARN net.thucydides.core.steps.BaseStepListener - stepStarted: net.thucydides.core.steps.ExecutedStepDescription@4d566884
[Test worker] WARN net.thucydides.core.steps.BaseStepListener - stepStarted: net.thucydides.core.steps.ExecutedStepDescription@4334ec81
abr 27, 2022 10:13:23 PM org.openqa.selenium.remote.DesiredCapabilities chrome
INFORMACIÓN: Using `new ChromeOptions()` is preferred to `DesiredCapabilities.chrome()`
[Test worker] INFO net.serenitybdd.core.webdriver.driverproviders.ProvideNewDriver - Instantiating driver
[Test worker] INFO net.serenitybdd.core.webdriver.driverproviders.ProvideNewDriver - Driver capabilities: Capabilities {acceptInsecureCerts: false, browserName: chrome, chrome.switches: --start-maximized, goog:chromeOptions: {args: [--start-maximized], extensions: []}, loggingPrefs: org.openqa.selenium.logging..., platform: ANY, version: }
Starting ChromeDriver 100.0.4896.60 (6a5d10861ce8de5fce22564658033b43cb7de047-refs/branch-heads/4896@{#875}) on port 29286
Only local connections are allowed.
Please see https://chromedriver.chromium.org/security-considerations for suggestions on keeping ChromeDriver safe.
ChromeDriver was started successfully.
abr 27, 2022 10:13:25 PM org.openqa.selenium.remote.ProtocolHandshake createSession
INFORMACIÓN: Detected dialect: W3C
[Test worker] WARN net.thucydides.core.steps.BaseStepListener - stepFinished: current outcome:perform user registration by entering the following:Example: {firstname=Fernando, lastname=Villa Alvarez, address=Mz 11 Casa 1, email=fvilla.82@hotmail.com, phone=3124335093, year=1982, month=April, day=12, password1=Poiuytre155**, password2=Poiuytre155**} [Given Fernando wants to create users on the demo page [Fernando open up [Fernando opens the Open demo page]], When Entering the register tab of the automation demo site
| firstname | lastname | address | email | phone | year | month | day | password1 | password2 |
| Fernando | Villa Alvarez | Mz 11 Casa 1 | fvilla.82@hotmail.com | 3124335093 | 1982 | April | 12 | Poiuytre155** | Poiuytre155** | [Fernando register demo [Fernando clicks on enter first name, Fernando enters 'Fernando' into enter first name, Fernando enters 'Villa Alvarez' into enter last name, Fernando enters 'Mz 11 Casa 1' into enter address, Fernando enters 'fvilla.82@hotmail.com' into Input Email, Fernando enters '3124335093' into Input phone, Fernando clicks on Indicate Gender, Fernando clicks on Indicate hobbies, Fernando clicks on click language, Fernando clicks on click language, Fernando clicks on click language 2, Fernando clicks on click language 3 , Fernando clicks on indicate skills, Fernando clicks on indicate COUNTRY, Fernando clicks on indicate SELECT COUNTRY, Fernando select 1982 on select year, Fernando select April on select the month, Fernando select 12 on select day, Fernando enters 'Poiuytre155**' into write password to create, Fernando enters 'Poiuytre155**' into write password to confirm, Fernando clicks on click button submit, Fernando clicks on Register data user]], Then correctly Register your data [Then answer]], Example: {firstname=Lina, lastname=Holguin, address=Mz 11 Casa 1, email=linahm.25@hotmail.com, phone=3197123582, year=1985, month=April, day=23, password1=Poiuytre156**, password2=Poiuytre156**} [Given Fernando wants to create users on the demo page [Fernando open up [Fernando opens the Open demo page]]]
[Test worker] WARN net.thucydides.core.steps.BaseStepListener - stepFinished: current outcome:perform user registration by entering the following:Example: {firstname=Fernando, lastname=Villa Alvarez, address=Mz 11 Casa 1, email=fvilla.82@hotmail.com, phone=3124335093, year=1982, month=April, day=12, password1=Poiuytre155**, password2=Poiuytre155**} [Given Fernando wants to create users on the demo page [Fernando open up [Fernando opens the Open demo page]], When Entering the register tab of the automation demo site
| firstname | lastname | address | email | phone | year | month | day | password1 | password2 |
| Fernando | Villa Alvarez | Mz 11 Casa 1 | fvilla.82@hotmail.com | 3124335093 | 1982 | April | 12 | Poiuytre155** | Poiuytre155** | [Fernando register demo [Fernando clicks on enter first name, Fernando enters 'Fernando' into enter first name, Fernando enters 'Villa Alvarez' into enter last name, Fernando enters 'Mz 11 Casa 1' into enter address, Fernando enters 'fvilla.82@hotmail.com' into Input Email, Fernando enters '3124335093' into Input phone, Fernando clicks on Indicate Gender, Fernando clicks on Indicate hobbies, Fernando clicks on click language, Fernando clicks on click language, Fernando clicks on click language 2, Fernando clicks on click language 3 , Fernando clicks on indicate skills, Fernando clicks on indicate COUNTRY, Fernando clicks on indicate SELECT COUNTRY, Fernando select 1982 on select year, Fernando select April on select the month, Fernando select 12 on select day, Fernando enters 'Poiuytre155**' into write password to create, Fernando enters 'Poiuytre155**' into write password to confirm, Fernando clicks on click button submit, Fernando clicks on Register data user]], Then correctly Register your data [Then answer]], Example: {firstname=Lina, lastname=Holguin, address=Mz 11 Casa 1, email=linahm.25@hotmail.com, phone=3197123582, year=1985, month=April, day=23, password1=Poiuytre156**, password2=Poiuytre156**} [Given Fernando wants to create users on the demo page [Fernando open up [Fernando opens the Open demo page]]]
[Test worker] WARN net.thucydides.core.steps.BaseStepListener - stepFinished: current outcome:perform user registration by entering the following:Example: {firstname=Fernando, lastname=Villa Alvarez, address=Mz 11 Casa 1, email=fvilla.82@hotmail.com, phone=3124335093, year=1982, month=April, day=12, password1=Poiuytre155**, password2=Poiuytre155**} [Given Fernando wants to create users on the demo page [Fernando open up [Fernando opens the Open demo page]], When Entering the register tab of the automation demo site
| firstname | lastname | address | email | phone | year | month | day | password1 | password2 |
| Fernando | Villa Alvarez | Mz 11 Casa 1 | fvilla.82@hotmail.com | 3124335093 | 1982 | April | 12 | Poiuytre155** | Poiuytre155** | [Fernando register demo [Fernando clicks on enter first name, Fernando enters 'Fernando' into enter first name, Fernando enters 'Villa Alvarez' into enter last name, Fernando enters 'Mz 11 Casa 1' into enter address, Fernando enters 'fvilla.82@hotmail.com' into Input Email, Fernando enters '3124335093' into Input phone, Fernando clicks on Indicate Gender, Fernando clicks on Indicate hobbies, Fernando clicks on click language, Fernando clicks on click language, Fernando clicks on click language 2, Fernando clicks on click language 3 , Fernando clicks on indicate skills, Fernando clicks on indicate COUNTRY, Fernando clicks on indicate SELECT COUNTRY, Fernando select 1982 on select year, Fernando select April on select the month, Fernando select 12 on select day, Fernando enters 'Poiuytre155**' into write password to create, Fernando enters 'Poiuytre155**' into write password to confirm, Fernando clicks on click button submit, Fernando clicks on Register data user]], Then correctly Register your data [Then answer]], Example: {firstname=Lina, lastname=Holguin, address=Mz 11 Casa 1, email=linahm.25@hotmail.com, phone=3197123582, year=1985, month=April, day=23, password1=Poiuytre156**, password2=Poiuytre156**} [Given Fernando wants to create users on the demo page [Fernando open up [Fernando opens the Open demo page]]]
[Test worker] WARN net.thucydides.core.steps.BaseStepListener - stepStarted: net.thucydides.core.steps.ExecutedStepDescription@4ed6bbfe
[Test worker] WARN net.thucydides.core.steps.BaseStepListener - stepStarted: net.thucydides.core.steps.ExecutedStepDescription@7b8cd324
[Test worker] WARN net.thucydides.core.steps.BaseStepListener - stepStarted: net.thucydides.core.steps.ExecutedStepDescription@60de1890
[Test worker] WARN net.thucydides.core.steps.BaseStepListener - stepFinished: current outcome:perform user registration by entering the following:Example: {firstname=Fernando, lastname=Villa Alvarez, address=Mz 11 Casa 1, email=fvilla.82@hotmail.com, phone=3124335093, year=1982, month=April, day=12, password1=Poiuytre155**, password2=Poiuytre155**} [Given Fernando wants to create users on the demo page [Fernando open up [Fernando opens the Open demo page]], When Entering the register tab of the automation demo site
| firstname | lastname | address | email | phone | year | month | day | password1 | password2 |
| Fernando | Villa Alvarez | Mz 11 Casa 1 | fvilla.82@hotmail.com | 3124335093 | 1982 | April | 12 | Poiuytre155** | Poiuytre155** | [Fernando register demo [Fernando clicks on enter first name, Fernando enters 'Fernando' into enter first name, Fernando enters 'Villa Alvarez' into enter last name, Fernando enters 'Mz 11 Casa 1' into enter address, Fernando enters 'fvilla.82@hotmail.com' into Input Email, Fernando enters '3124335093' into Input phone, Fernando clicks on Indicate Gender, Fernando clicks on Indicate hobbies, Fernando clicks on click language, Fernando clicks on click language, Fernando clicks on click language 2, Fernando clicks on click language 3 , Fernando clicks on indicate skills, Fernando clicks on indicate COUNTRY, Fernando clicks on indicate SELECT COUNTRY, Fernando select 1982 on select year, Fernando select April on select the month, Fernando select 12 on select day, Fernando enters 'Poiuytre155**' into write password to create, Fernando enters 'Poiuytre155**' into write password to confirm, Fernando clicks on click button submit, Fernando clicks on Register data user]], Then correctly Register your data [Then answer]], Example: {firstname=Lina, lastname=Holguin, address=Mz 11 Casa 1, email=linahm.25@hotmail.com, phone=3197123582, year=1985, month=April, day=23, password1=Poiuytre156**, password2=Poiuytre156**} [Given Fernando wants to create users on the demo page [Fernando open up [Fernando opens the Open demo page]], When Entering the register tab of the automation demo site
| firstname | lastname | address | email | phone | year | month | day | password1 | password2 |
| Lina | Holguin | Mz 11 Casa 1 | linahm.25@hotmail.com | 3197123582 | 1985 | April | 23 | Poiuytre156** | Poiuytre156** | [Fernando register demo [Fernando clicks on enter first name]]]
[Test worker] WARN net.thucydides.core.steps.BaseStepListener - stepStarted: net.thucydides.core.steps.ExecutedStepDescription@73829aa0
[Test worker] WARN net.thucydides.core.steps.BaseStepListener - stepFinished: current outcome:perform user registration by entering the following:Example: {firstname=Fernando, lastname=Villa Alvarez, address=Mz 11 Casa 1, email=fvilla.82@hotmail.com, phone=3124335093, year=1982, month=April, day=12, password1=Poiuytre155**, password2=Poiuytre155**} [Given Fernando wants to create users on the demo page [Fernando open up [Fernando opens the Open demo page]], When Entering the register tab of the automation demo site
| firstname | lastname | address | email | phone | year | month | day | password1 | password2 |
| Fernando | Villa Alvarez | Mz 11 Casa 1 | fvilla.82@hotmail.com | 3124335093 | 1982 | April | 12 | Poiuytre155** | Poiuytre155** | [Fernando register demo [Fernando clicks on enter first name, Fernando enters 'Fernando' into enter first name, Fernando enters 'Villa Alvarez' into enter last name, Fernando enters 'Mz 11 Casa 1' into enter address, Fernando enters 'fvilla.82@hotmail.com' into Input Email, Fernando enters '3124335093' into Input phone, Fernando clicks on Indicate Gender, Fernando clicks on Indicate hobbies, Fernando clicks on click language, Fernando clicks on click language, Fernando clicks on click language 2, Fernando clicks on click language 3 , Fernando clicks on indicate skills, Fernando clicks on indicate COUNTRY, Fernando clicks on indicate SELECT COUNTRY, Fernando select 1982 on select year, Fernando select April on select the month, Fernando select 12 on select day, Fernando enters 'Poiuytre155**' into write password to create, Fernando enters 'Poiuytre155**' into write password to confirm, Fernando clicks on click button submit, Fernando clicks on Register data user]], Then correctly Register your data [Then answer]], Example: {firstname=Lina, lastname=Holguin, address=Mz 11 Casa 1, email=linahm.25@hotmail.com, phone=3197123582, year=1985, month=April, day=23, password1=Poiuytre156**, password2=Poiuytre156**} [Given Fernando wants to create users on the demo page [Fernando open up [Fernando opens the Open demo page]], When Entering the register tab of the automation demo site
| firstname | lastname | address | email | phone | year | month | day | password1 | password2 |
| Lina | Holguin | Mz 11 Casa 1 | linahm.25@hotmail.com | 3197123582 | 1985 | April | 23 | Poiuytre156** | Poiuytre156** | [Fernando register demo [Fernando clicks on enter first name, Fernando enters 'Lina' into enter first name]]]
[Test worker] WARN net.thucydides.core.steps.BaseStepListener - stepStarted: net.thucydides.core.steps.ExecutedStepDescription@3af3d2ee
[Test worker] WARN net.thucydides.core.steps.BaseStepListener - stepFinished: current outcome:perform user registration by entering the following:Example: {firstname=Fernando, lastname=Villa Alvarez, address=Mz 11 Casa 1, email=fvilla.82@hotmail.com, phone=3124335093, year=1982, month=April, day=12, password1=Poiuytre155**, password2=Poiuytre155**} [Given Fernando wants to create users on the demo page [Fernando open up [Fernando opens the Open demo page]], When Entering the register tab of the automation demo site
| firstname | lastname | address | email | phone | year | month | day | password1 | password2 |
| Fernando | Villa Alvarez | Mz 11 Casa 1 | fvilla.82@hotmail.com | 3124335093 | 1982 | April | 12 | Poiuytre155** | Poiuytre155** | [Fernando register demo [Fernando clicks on enter first name, Fernando enters 'Fernando' into enter first name, Fernando enters 'Villa Alvarez' into enter last name, Fernando enters 'Mz 11 Casa 1' into enter address, Fernando enters 'fvilla.82@hotmail.com' into Input Email, Fernando enters '3124335093' into Input phone, Fernando clicks on Indicate Gender, Fernando clicks on Indicate hobbies, Fernando clicks on click language, Fernando clicks on click language, Fernando clicks on click language 2, Fernando clicks on click language 3 , Fernando clicks on indicate skills, Fernando clicks on indicate COUNTRY, Fernando clicks on indicate SELECT COUNTRY, Fernando select 1982 on select year, Fernando select April on select the month, Fernando select 12 on select day, Fernando enters 'Poiuytre155**' into write password to create, Fernando enters 'Poiuytre155**' into write password to confirm, Fernando clicks on click button submit, Fernando clicks on Register data user]], Then correctly Register your data [Then answer]], Example: {firstname=Lina, lastname=Holguin, address=Mz 11 Casa 1, email=linahm.25@hotmail.com, phone=3197123582, year=1985, month=April, day=23, password1=Poiuytre156**, password2=Poiuytre156**} [Given Fernando wants to create users on the demo page [Fernando open up [Fernando opens the Open demo page]], When Entering the register tab of the automation demo site
| firstname | lastname | address | email | phone | year | month | day | password1 | password2 |
| Lina | Holguin | Mz 11 Casa 1 | linahm.25@hotmail.com | 3197123582 | 1985 | April | 23 | Poiuytre156** | Poiuytre156** | [Fernando register demo [Fernando clicks on enter first name, Fernando enters 'Lina' into enter first name, Fernando enters 'Holguin' into enter last name]]]
[Test worker] WARN net.thucydides.core.steps.BaseStepListener - stepStarted: net.thucydides.core.steps.ExecutedStepDescription@cc312cb
[Test worker] WARN net.thucydides.core.steps.BaseStepListener - stepFinished: current outcome:perform user registration by entering the following:Example: {firstname=Fernando, lastname=Villa Alvarez, address=Mz 11 Casa 1, email=fvilla.82@hotmail.com, phone=3124335093, year=1982, month=April, day=12, password1=Poiuytre155**, password2=Poiuytre155**} [Given Fernando wants to create users on the demo page [Fernando open up [Fernando opens the Open demo page]], When Entering the register tab of the automation demo site
| firstname | lastname | address | email | phone | year | month | day | password1 | password2 |
| Fernando | Villa Alvarez | Mz 11 Casa 1 | fvilla.82@hotmail.com | 3124335093 | 1982 | April | 12 | Poiuytre155** | Poiuytre155** | [Fernando register demo [Fernando clicks on enter first name, Fernando enters 'Fernando' into enter first name, Fernando enters 'Villa Alvarez' into enter last name, Fernando enters 'Mz 11 Casa 1' into enter address, Fernando enters 'fvilla.82@hotmail.com' into Input Email, Fernando enters '3124335093' into Input phone, Fernando clicks on Indicate Gender, Fernando clicks on Indicate hobbies, Fernando clicks on click language, Fernando clicks on click language, Fernando clicks on click language 2, Fernando clicks on click language 3 , Fernando clicks on indicate skills, Fernando clicks on indicate COUNTRY, Fernando clicks on indicate SELECT COUNTRY, Fernando select 1982 on select year, Fernando select April on select the month, Fernando select 12 on select day, Fernando enters 'Poiuytre155**' into write password to create, Fernando enters 'Poiuytre155**' into write password to confirm, Fernando clicks on click button submit, Fernando clicks on Register data user]], Then correctly Register your data [Then answer]], Example: {firstname=Lina, lastname=Holguin, address=Mz 11 Casa 1, email=linahm.25@hotmail.com, phone=3197123582, year=1985, month=April, day=23, password1=Poiuytre156**, password2=Poiuytre156**} [Given Fernando wants to create users on the demo page [Fernando open up [Fernando opens the Open demo page]], When Entering the register tab of the automation demo site
| firstname | lastname | address | email | phone | year | month | day | password1 | password2 |
| Lina | Holguin | Mz 11 Casa 1 | linahm.25@hotmail.com | 3197123582 | 1985 | April | 23 | Poiuytre156** | Poiuytre156** | [Fernando register demo [Fernando clicks on enter first name, Fernando enters 'Lina' into enter first name, Fernando enters 'Holguin' into enter last name, Fernando enters 'Mz 11 Casa 1' into enter address]]]
[Test worker] WARN net.thucydides.core.steps.BaseStepListener - stepStarted: net.thucydides.core.steps.ExecutedStepDescription@53e17e8f
[Test worker] WARN net.thucydides.core.steps.BaseStepListener - stepFinished: current outcome:perform user registration by entering the following:Example: {firstname=Fernando, lastname=Villa Alvarez, address=Mz 11 Casa 1, email=fvilla.82@hotmail.com, phone=3124335093, year=1982, month=April, day=12, password1=Poiuytre155**, password2=Poiuytre155**} [Given Fernando wants to create users on the demo page [Fernando open up [Fernando opens the Open demo page]], When Entering the register tab of the automation demo site
| firstname | lastname | address | email | phone | year | month | day | password1 | password2 |
| Fernando | Villa Alvarez | Mz 11 Casa 1 | fvilla.82@hotmail.com | 3124335093 | 1982 | April | 12 | Poiuytre155** | Poiuytre155** | [Fernando register demo [Fernando clicks on enter first name, Fernando enters 'Fernando' into enter first name, Fernando enters 'Villa Alvarez' into enter last name, Fernando enters 'Mz 11 Casa 1' into enter address, Fernando enters 'fvilla.82@hotmail.com' into Input Email, Fernando enters '3124335093' into Input phone, Fernando clicks on Indicate Gender, Fernando clicks on Indicate hobbies, Fernando clicks on click language, Fernando clicks on click language, Fernando clicks on click language 2, Fernando clicks on click language 3 , Fernando clicks on indicate skills, Fernando clicks on indicate COUNTRY, Fernando clicks on indicate SELECT COUNTRY, Fernando select 1982 on select year, Fernando select April on select the month, Fernando select 12 on select day, Fernando enters 'Poiuytre155**' into write password to create, Fernando enters 'Poiuytre155**' into write password to confirm, Fernando clicks on click button submit, Fernando clicks on Register data user]], Then correctly Register your data [Then answer]], Example: {firstname=Lina, lastname=Holguin, address=Mz 11 Casa 1, email=linahm.25@hotmail.com, phone=3197123582, year=1985, month=April, day=23, password1=Poiuytre156**, password2=Poiuytre156**} [Given Fernando wants to create users on the demo page [Fernando open up [Fernando opens the Open demo page]], When Entering the register tab of the automation demo site
| firstname | lastname | address | email | phone | year | month | day | password1 | password2 |
| Lina | Holguin | Mz 11 Casa 1 | linahm.25@hotmail.com | 3197123582 | 1985 | April | 23 | Poiuytre156** | Poiuytre156** | [Fernando register demo [Fernando clicks on enter first name, Fernando enters 'Lina' into enter first name, Fernando enters 'Holguin' into enter last name, Fernando enters 'Mz 11 Casa 1' into enter address, Fernando enters 'linahm.25@hotmail.com' into Input Email]]]
[Test worker] WARN net.thucydides.core.steps.BaseStepListener - stepStarted: net.thucydides.core.steps.ExecutedStepDescription@93d104b
[Test worker] WARN net.thucydides.core.steps.BaseStepListener - stepFinished: current outcome:perform user registration by entering the following:Example: {firstname=Fernando, lastname=Villa Alvarez, address=Mz 11 Casa 1, email=fvilla.82@hotmail.com, phone=3124335093, year=1982, month=April, day=12, password1=Poiuytre155**, password2=Poiuytre155**} [Given Fernando wants to create users on the demo page [Fernando open up [Fernando opens the Open demo page]], When Entering the register tab of the automation demo site
| firstname | lastname | address | email | phone | year | month | day | password1 | password2 |
| Fernando | Villa Alvarez | Mz 11 Casa 1 | fvilla.82@hotmail.com | 3124335093 | 1982 | April | 12 | Poiuytre155** | Poiuytre155** | [Fernando register demo [Fernando clicks on enter first name, Fernando enters 'Fernando' into enter first name, Fernando enters 'Villa Alvarez' into enter last name, Fernando enters 'Mz 11 Casa 1' into enter address, Fernando enters 'fvilla.82@hotmail.com' into Input Email, Fernando enters '3124335093' into Input phone, Fernando clicks on Indicate Gender, Fernando clicks on Indicate hobbies, Fernando clicks on click language, Fernando clicks on click language, Fernando clicks on click language 2, Fernando clicks on click language 3 , Fernando clicks on indicate skills, Fernando clicks on indicate COUNTRY, Fernando clicks on indicate SELECT COUNTRY, Fernando select 1982 on select year, Fernando select April on select the month, Fernando select 12 on select day, Fernando enters 'Poiuytre155**' into write password to create, Fernando enters 'Poiuytre155**' into write password to confirm, Fernando clicks on click button submit, Fernando clicks on Register data user]], Then correctly Register your data [Then answer]], Example: {firstname=Lina, lastname=Holguin, address=Mz 11 Casa 1, email=linahm.25@hotmail.com, phone=3197123582, year=1985, month=April, day=23, password1=Poiuytre156**, password2=Poiuytre156**} [Given Fernando wants to create users on the demo page [Fernando open up [Fernando opens the Open demo page]], When Entering the register tab of the automation demo site
| firstname | lastname | address | email | phone | year | month | day | password1 | password2 |
| Lina | Holguin | Mz 11 Casa 1 | linahm.25@hotmail.com | 3197123582 | 1985 | April | 23 | Poiuytre156** | Poiuytre156** | [Fernando register demo [Fernando clicks on enter first name, Fernando enters 'Lina' into enter first name, Fernando enters 'Holguin' into enter last name, Fernando enters 'Mz 11 Casa 1' into enter address, Fernando enters 'linahm.25@hotmail.com' into Input Email, Fernando enters '3197123582' into Input phone]]]
[Test worker] WARN net.thucydides.core.steps.BaseStepListener - stepStarted: net.thucydides.core.steps.ExecutedStepDescription@580722d2
[Test worker] WARN net.thucydides.core.steps.BaseStepListener - stepFinished: current outcome:perform user registration by entering the following:Example: {firstname=Fernando, lastname=Villa Alvarez, address=Mz 11 Casa 1, email=fvilla.82@hotmail.com, phone=3124335093, year=1982, month=April, day=12, password1=Poiuytre155**, password2=Poiuytre155**} [Given Fernando wants to create users on the demo page [Fernando open up [Fernando opens the Open demo page]], When Entering the register tab of the automation demo site
| firstname | lastname | address | email | phone | year | month | day | password1 | password2 |
| Fernando | Villa Alvarez | Mz 11 Casa 1 | fvilla.82@hotmail.com | 3124335093 | 1982 | April | 12 | Poiuytre155** | Poiuytre155** | [Fernando register demo [Fernando clicks on enter first name, Fernando enters 'Fernando' into enter first name, Fernando enters 'Villa Alvarez' into enter last name, Fernando enters 'Mz 11 Casa 1' into enter address, Fernando enters 'fvilla.82@hotmail.com' into Input Email, Fernando enters '3124335093' into Input phone, Fernando clicks on Indicate Gender, Fernando clicks on Indicate hobbies, Fernando clicks on click language, Fernando clicks on click language, Fernando clicks on click language 2, Fernando clicks on click language 3 , Fernando clicks on indicate skills, Fernando clicks on indicate COUNTRY, Fernando clicks on indicate SELECT COUNTRY, Fernando select 1982 on select year, Fernando select April on select the month, Fernando select 12 on select day, Fernando enters 'Poiuytre155**' into write password to create, Fernando enters 'Poiuytre155**' into write password to confirm, Fernando clicks on click button submit, Fernando clicks on Register data user]], Then correctly Register your data [Then answer]], Example: {firstname=Lina, lastname=Holguin, address=Mz 11 Casa 1, email=linahm.25@hotmail.com, phone=3197123582, year=1985, month=April, day=23, password1=Poiuytre156**, password2=Poiuytre156**} [Given Fernando wants to create users on the demo page [Fernando open up [Fernando opens the Open demo page]], When Entering the register tab of the automation demo site
| firstname | lastname | address | email | phone | year | month | day | password1 | password2 |
| Lina | Holguin | Mz 11 Casa 1 | linahm.25@hotmail.com | 3197123582 | 1985 | April | 23 | Poiuytre156** | Poiuytre156** | [Fernando register demo [Fernando clicks on enter first name, Fernando enters 'Lina' into enter first name, Fernando enters 'Holguin' into enter last name, Fernando enters 'Mz 11 Casa 1' into enter address, Fernando enters 'linahm.25@hotmail.com' into Input Email, Fernando enters '3197123582' into Input phone, Fernando clicks on Indicate Gender]]]
[Test worker] WARN net.thucydides.core.steps.BaseStepListener - stepStarted: net.thucydides.core.steps.ExecutedStepDescription@173cf008
[Test worker] WARN net.thucydides.core.steps.BaseStepListener - stepFinished: current outcome:perform user registration by entering the following:Example: {firstname=Fernando, lastname=Villa Alvarez, address=Mz 11 Casa 1, email=fvilla.82@hotmail.com, phone=3124335093, year=1982, month=April, day=12, password1=Poiuytre155**, password2=Poiuytre155**} [Given Fernando wants to create users on the demo page [Fernando open up [Fernando opens the Open demo page]], When Entering the register tab of the automation demo site
| firstname | lastname | address | email | phone | year | month | day | password1 | password2 |
| Fernando | Villa Alvarez | Mz 11 Casa 1 | fvilla.82@hotmail.com | 3124335093 | 1982 | April | 12 | Poiuytre155** | Poiuytre155** | [Fernando register demo [Fernando clicks on enter first name, Fernando enters 'Fernando' into enter first name, Fernando enters 'Villa Alvarez' into enter last name, Fernando enters 'Mz 11 Casa 1' into enter address, Fernando enters 'fvilla.82@hotmail.com' into Input Email, Fernando enters '3124335093' into Input phone, Fernando clicks on Indicate Gender, Fernando clicks on Indicate hobbies, Fernando clicks on click language, Fernando clicks on click language, Fernando clicks on click language 2, Fernando clicks on click language 3 , Fernando clicks on indicate skills, Fernando clicks on indicate COUNTRY, Fernando clicks on indicate SELECT COUNTRY, Fernando select 1982 on select year, Fernando select April on select the month, Fernando select 12 on select day, Fernando enters 'Poiuytre155**' into write password to create, Fernando enters 'Poiuytre155**' into write password to confirm, Fernando clicks on click button submit, Fernando clicks on Register data user]], Then correctly Register your data [Then answer]], Example: {firstname=Lina, lastname=Holguin, address=Mz 11 Casa 1, email=linahm.25@hotmail.com, phone=3197123582, year=1985, month=April, day=23, password1=Poiuytre156**, password2=Poiuytre156**} [Given Fernando wants to create users on the demo page [Fernando open up [Fernando opens the Open demo page]], When Entering the register tab of the automation demo site
| firstname | lastname | address | email | phone | year | month | day | password1 | password2 |
| Lina | Holguin | Mz 11 Casa 1 | linahm.25@hotmail.com | 3197123582 | 1985 | April | 23 | Poiuytre156** | Poiuytre156** | [Fernando register demo [Fernando clicks on enter first name, Fernando enters 'Lina' into enter first name, Fernando enters 'Holguin' into enter last name, Fernando enters 'Mz 11 Casa 1' into enter address, Fernando enters 'linahm.25@hotmail.com' into Input Email, Fernando enters '3197123582' into Input phone, Fernando clicks on Indicate Gender, Fernando clicks on Indicate hobbies]]]
[Test worker] WARN net.thucydides.core.steps.BaseStepListener - stepStarted: net.thucydides.core.steps.ExecutedStepDescription@2be7d35f
[Test worker] WARN net.thucydides.core.steps.BaseStepListener - stepFinished: current outcome:perform user registration by entering the following:Example: {firstname=Fernando, lastname=Villa Alvarez, address=Mz 11 Casa 1, email=fvilla.82@hotmail.com, phone=3124335093, year=1982, month=April, day=12, password1=Poiuytre155**, password2=Poiuytre155**} [Given Fernando wants to create users on the demo page [Fernando open up [Fernando opens the Open demo page]], When Entering the register tab of the automation demo site
| firstname | lastname | address | email | phone | year | month | day | password1 | password2 |
| Fernando | Villa Alvarez | Mz 11 Casa 1 | fvilla.82@hotmail.com | 3124335093 | 1982 | April | 12 | Poiuytre155** | Poiuytre155** | [Fernando register demo [Fernando clicks on enter first name, Fernando enters 'Fernando' into enter first name, Fernando enters 'Villa Alvarez' into enter last name, Fernando enters 'Mz 11 Casa 1' into enter address, Fernando enters 'fvilla.82@hotmail.com' into Input Email, Fernando enters '3124335093' into Input phone, Fernando clicks on Indicate Gender, Fernando clicks on Indicate hobbies, Fernando clicks on click language, Fernando clicks on click language, Fernando clicks on click language 2, Fernando clicks on click language 3 , Fernando clicks on indicate skills, Fernando clicks on indicate COUNTRY, Fernando clicks on indicate SELECT COUNTRY, Fernando select 1982 on select year, Fernando select April on select the month, Fernando select 12 on select day, Fernando enters 'Poiuytre155**' into write password to create, Fernando enters 'Poiuytre155**' into write password to confirm, Fernando clicks on click button submit, Fernando clicks on Register data user]], Then correctly Register your data [Then answer]], Example: {firstname=Lina, lastname=Holguin, address=Mz 11 Casa 1, email=linahm.25@hotmail.com, phone=3197123582, year=1985, month=April, day=23, password1=Poiuytre156**, password2=Poiuytre156**} [Given Fernando wants to create users on the demo page [Fernando open up [Fernando opens the Open demo page]], When Entering the register tab of the automation demo site
| firstname | lastname | address | email | phone | year | month | day | password1 | password2 |
| Lina | Holguin | Mz 11 Casa 1 | linahm.25@hotmail.com | 3197123582 | 1985 | April | 23 | Poiuytre156** | Poiuytre156** | [Fernando register demo [Fernando clicks on enter first name, Fernando enters 'Lina' into enter first name, Fernando enters 'Holguin' into enter last name, Fernando enters 'Mz 11 Casa 1' into enter address, Fernando enters 'linahm.25@hotmail.com' into Input Email, Fernando enters '3197123582' into Input phone, Fernando clicks on Indicate Gender, Fernando clicks on Indicate hobbies, Fernando clicks on click language]]]
[Test worker] WARN net.thucydides.core.steps.BaseStepListener - stepStarted: net.thucydides.core.steps.ExecutedStepDescription@16661895
[Test worker] WARN net.thucydides.core.steps.BaseStepListener - stepFinished: current outcome:perform user registration by entering the following:Example: {firstname=Fernando, lastname=Villa Alvarez, address=Mz 11 Casa 1, email=fvilla.82@hotmail.com, phone=3124335093, year=1982, month=April, day=12, password1=Poiuytre155**, password2=Poiuytre155**} [Given Fernando wants to create users on the demo page [Fernando open up [Fernando opens the Open demo page]], When Entering the register tab of the automation demo site
| firstname | lastname | address | email | phone | year | month | day | password1 | password2 |
| Fernando | Villa Alvarez | Mz 11 Casa 1 | fvilla.82@hotmail.com | 3124335093 | 1982 | April | 12 | Poiuytre155** | Poiuytre155** | [Fernando register demo [Fernando clicks on enter first name, Fernando enters 'Fernando' into enter first name, Fernando enters 'Villa Alvarez' into enter last name, Fernando enters 'Mz 11 Casa 1' into enter address, Fernando enters 'fvilla.82@hotmail.com' into Input Email, Fernando enters '3124335093' into Input phone, Fernando clicks on Indicate Gender, Fernando clicks on Indicate hobbies, Fernando clicks on click language, Fernando clicks on click language, Fernando clicks on click language 2, Fernando clicks on click language 3 , Fernando clicks on indicate skills, Fernando clicks on indicate COUNTRY, Fernando clicks on indicate SELECT COUNTRY, Fernando select 1982 on select year, Fernando select April on select the month, Fernando select 12 on select day, Fernando enters 'Poiuytre155**' into write password to create, Fernando enters 'Poiuytre155**' into write password to confirm, Fernando clicks on click button submit, Fernando clicks on Register data user]], Then correctly Register your data [Then answer]], Example: {firstname=Lina, lastname=Holguin, address=Mz 11 Casa 1, email=linahm.25@hotmail.com, phone=3197123582, year=1985, month=April, day=23, password1=Poiuytre156**, password2=Poiuytre156**} [Given Fernando wants to create users on the demo page [Fernando open up [Fernando opens the Open demo page]], When Entering the register tab of the automation demo site
| firstname | lastname | address | email | phone | year | month | day | password1 | password2 |
| Lina | Holguin | Mz 11 Casa 1 | linahm.25@hotmail.com | 3197123582 | 1985 | April | 23 | Poiuytre156** | Poiuytre156** | [Fernando register demo [Fernando clicks on enter first name, Fernando enters 'Lina' into enter first name, Fernando enters 'Holguin' into enter last name, Fernando enters 'Mz 11 Casa 1' into enter address, Fernando enters 'linahm.25@hotmail.com' into Input Email, Fernando enters '3197123582' into Input phone, Fernando clicks on Indicate Gender, Fernando clicks on Indicate hobbies, Fernando clicks on click language, Fernando clicks on click language]]]
[Test worker] WARN net.thucydides.core.steps.BaseStepListener - stepStarted: net.thucydides.core.steps.ExecutedStepDescription@523768fb
[Test worker] WARN net.thucydides.core.steps.BaseStepListener - stepFinished: current outcome:perform user registration by entering the following:Example: {firstname=Fernando, lastname=Villa Alvarez, address=Mz 11 Casa 1, email=fvilla.82@hotmail.com, phone=3124335093, year=1982, month=April, day=12, password1=Poiuytre155**, password2=Poiuytre155**} [Given Fernando wants to create users on the demo page [Fernando open up [Fernando opens the Open demo page]], When Entering the register tab of the automation demo site
| firstname | lastname | address | email | phone | year | month | day | password1 | password2 |
| Fernando | Villa Alvarez | Mz 11 Casa 1 | fvilla.82@hotmail.com | 3124335093 | 1982 | April | 12 | Poiuytre155** | Poiuytre155** | [Fernando register demo [Fernando clicks on enter first name, Fernando enters 'Fernando' into enter first name, Fernando enters 'Villa Alvarez' into enter last name, Fernando enters 'Mz 11 Casa 1' into enter address, Fernando enters 'fvilla.82@hotmail.com' into Input Email, Fernando enters '3124335093' into Input phone, Fernando clicks on Indicate Gender, Fernando clicks on Indicate hobbies, Fernando clicks on click language, Fernando clicks on click language, Fernando clicks on click language 2, Fernando clicks on click language 3 , Fernando clicks on indicate skills, Fernando clicks on indicate COUNTRY, Fernando clicks on indicate SELECT COUNTRY, Fernando select 1982 on select year, Fernando select April on select the month, Fernando select 12 on select day, Fernando enters 'Poiuytre155**' into write password to create, Fernando enters 'Poiuytre155**' into write password to confirm, Fernando clicks on click button submit, Fernando clicks on Register data user]], Then correctly Register your data [Then answer]], Example: {firstname=Lina, lastname=Holguin, address=Mz 11 Casa 1, email=linahm.25@hotmail.com, phone=3197123582, year=1985, month=April, day=23, password1=Poiuytre156**, password2=Poiuytre156**} [Given Fernando wants to create users on the demo page [Fernando open up [Fernando opens the Open demo page]], When Entering the register tab of the automation demo site
| firstname | lastname | address | email | phone | year | month | day | password1 | password2 |
| Lina | Holguin | Mz 11 Casa 1 | linahm.25@hotmail.com | 3197123582 | 1985 | April | 23 | Poiuytre156** | Poiuytre156** | [Fernando register demo [Fernando clicks on enter first name, Fernando enters 'Lina' into enter first name, Fernando enters 'Holguin' into enter last name, Fernando enters 'Mz 11 Casa 1' into enter address, Fernando enters 'linahm.25@hotmail.com' into Input Email, Fernando enters '3197123582' into Input phone, Fernando clicks on Indicate Gender, Fernando clicks on Indicate hobbies, Fernando clicks on click language, Fernando clicks on click language, Fernando clicks on click language 2]]]
[Test worker] WARN net.thucydides.core.steps.BaseStepListener - stepStarted: net.thucydides.core.steps.ExecutedStepDescription@524a9293
[Test worker] WARN net.thucydides.core.steps.BaseStepListener - stepFinished: current outcome:perform user registration by entering the following:Example: {firstname=Fernando, lastname=Villa Alvarez, address=Mz 11 Casa 1, email=fvilla.82@hotmail.com, phone=3124335093, year=1982, month=April, day=12, password1=Poiuytre155**, password2=Poiuytre155**} [Given Fernando wants to create users on the demo page [Fernando open up [Fernando opens the Open demo page]], When Entering the register tab of the automation demo site
| firstname | lastname | address | email | phone | year | month | day | password1 | password2 |
| Fernando | Villa Alvarez | Mz 11 Casa 1 | fvilla.82@hotmail.com | 3124335093 | 1982 | April | 12 | Poiuytre155** | Poiuytre155** | [Fernando register demo [Fernando clicks on enter first name, Fernando enters 'Fernando' into enter first name, Fernando enters 'Villa Alvarez' into enter last name, Fernando enters 'Mz 11 Casa 1' into enter address, Fernando enters 'fvilla.82@hotmail.com' into Input Email, Fernando enters '3124335093' into Input phone, Fernando clicks on Indicate Gender, Fernando clicks on Indicate hobbies, Fernando clicks on click language, Fernando clicks on click language, Fernando clicks on click language 2, Fernando clicks on click language 3 , Fernando clicks on indicate skills, Fernando clicks on indicate COUNTRY, Fernando clicks on indicate SELECT COUNTRY, Fernando select 1982 on select year, Fernando select April on select the month, Fernando select 12 on select day, Fernando enters 'Poiuytre155**' into write password to create, Fernando enters 'Poiuytre155**' into write password to confirm, Fernando clicks on click button submit, Fernando clicks on Register data user]], Then correctly Register your data [Then answer]], Example: {firstname=Lina, lastname=Holguin, address=Mz 11 Casa 1, email=linahm.25@hotmail.com, phone=3197123582, year=1985, month=April, day=23, password1=Poiuytre156**, password2=Poiuytre156**} [Given Fernando wants to create users on the demo page [Fernando open up [Fernando opens the Open demo page]], When Entering the register tab of the automation demo site
| firstname | lastname | address | email | phone | year | month | day | password1 | password2 |
| Lina | Holguin | Mz 11 Casa 1 | linahm.25@hotmail.com | 3197123582 | 1985 | April | 23 | Poiuytre156** | Poiuytre156** | [Fernando register demo [Fernando clicks on enter first name, Fernando enters 'Lina' into enter first name, Fernando enters 'Holguin' into enter last name, Fernando enters 'Mz 11 Casa 1' into enter address, Fernando enters 'linahm.25@hotmail.com' into Input Email, Fernando enters '3197123582' into Input phone, Fernando clicks on Indicate Gender, Fernando clicks on Indicate hobbies, Fernando clicks on click language, Fernando clicks on click language, Fernando clicks on click language 2, Fernando clicks on click language 3 ]]]
[Test worker] WARN net.thucydides.core.steps.BaseStepListener - stepStarted: net.thucydides.core.steps.ExecutedStepDescription@1d374fe9
[Test worker] WARN net.thucydides.core.steps.BaseStepListener - stepFinished: current outcome:perform user registration by entering the following:Example: {firstname=Fernando, lastname=Villa Alvarez, address=Mz 11 Casa 1, email=fvilla.82@hotmail.com, phone=3124335093, year=1982, month=April, day=12, password1=Poiuytre155**, password2=Poiuytre155**} [Given Fernando wants to create users on the demo page [Fernando open up [Fernando opens the Open demo page]], When Entering the register tab of the automation demo site
| firstname | lastname | address | email | phone | year | month | day | password1 | password2 |
| Fernando | Villa Alvarez | Mz 11 Casa 1 | fvilla.82@hotmail.com | 3124335093 | 1982 | April | 12 | Poiuytre155** | Poiuytre155** | [Fernando register demo [Fernando clicks on enter first name, Fernando enters 'Fernando' into enter first name, Fernando enters 'Villa Alvarez' into enter last name, Fernando enters 'Mz 11 Casa 1' into enter address, Fernando enters 'fvilla.82@hotmail.com' into Input Email, Fernando enters '3124335093' into Input phone, Fernando clicks on Indicate Gender, Fernando clicks on Indicate hobbies, Fernando clicks on click language, Fernando clicks on click language, Fernando clicks on click language 2, Fernando clicks on click language 3 , Fernando clicks on indicate skills, Fernando clicks on indicate COUNTRY, Fernando clicks on indicate SELECT COUNTRY, Fernando select 1982 on select year, Fernando select April on select the month, Fernando select 12 on select day, Fernando enters 'Poiuytre155**' into write password to create, Fernando enters 'Poiuytre155**' into write password to confirm, Fernando clicks on click button submit, Fernando clicks on Register data user]], Then correctly Register your data [Then answer]], Example: {firstname=Lina, lastname=Holguin, address=Mz 11 Casa 1, email=linahm.25@hotmail.com, phone=3197123582, year=1985, month=April, day=23, password1=Poiuytre156**, password2=Poiuytre156**} [Given Fernando wants to create users on the demo page [Fernando open up [Fernando opens the Open demo page]], When Entering the register tab of the automation demo site
| firstname | lastname | address | email | phone | year | month | day | password1 | password2 |
| Lina | Holguin | Mz 11 Casa 1 | linahm.25@hotmail.com | 3197123582 | 1985 | April | 23 | Poiuytre156** | Poiuytre156** | [Fernando register demo [Fernando clicks on enter first name, Fernando enters 'Lina' into enter first name, Fernando enters 'Holguin' into enter last name, Fernando enters 'Mz 11 Casa 1' into enter address, Fernando enters 'linahm.25@hotmail.com' into Input Email, Fernando enters '3197123582' into Input phone, Fernando clicks on Indicate Gender, Fernando clicks on Indicate hobbies, Fernando clicks on click language, Fernando clicks on click language, Fernando clicks on click language 2, Fernando clicks on click language 3 , Fernando clicks on indicate skills]]]
[Test worker] WARN net.thucydides.core.steps.BaseStepListener - stepStarted: net.thucydides.core.steps.ExecutedStepDescription@63e05913
[Test worker] WARN net.thucydides.core.steps.BaseStepListener - stepFinished: current outcome:perform user registration by entering the following:Example: {firstname=Fernando, lastname=Villa Alvarez, address=Mz 11 Casa 1, email=fvilla.82@hotmail.com, phone=3124335093, year=1982, month=April, day=12, password1=Poiuytre155**, password2=Poiuytre155**} [Given Fernando wants to create users on the demo page [Fernando open up [Fernando opens the Open demo page]], When Entering the register tab of the automation demo site
| firstname | lastname | address | email | phone | year | month | day | password1 | password2 |
| Fernando | Villa Alvarez | Mz 11 Casa 1 | fvilla.82@hotmail.com | 3124335093 | 1982 | April | 12 | Poiuytre155** | Poiuytre155** | [Fernando register demo [Fernando clicks on enter first name, Fernando enters 'Fernando' into enter first name, Fernando enters 'Villa Alvarez' into enter last name, Fernando enters 'Mz 11 Casa 1' into enter address, Fernando enters 'fvilla.82@hotmail.com' into Input Email, Fernando enters '3124335093' into Input phone, Fernando clicks on Indicate Gender, Fernando clicks on Indicate hobbies, Fernando clicks on click language, Fernando clicks on click language, Fernando clicks on click language 2, Fernando clicks on click language 3 , Fernando clicks on indicate skills, Fernando clicks on indicate COUNTRY, Fernando clicks on indicate SELECT COUNTRY, Fernando select 1982 on select year, Fernando select April on select the month, Fernando select 12 on select day, Fernando enters 'Poiuytre155**' into write password to create, Fernando enters 'Poiuytre155**' into write password to confirm, Fernando clicks on click button submit, Fernando clicks on Register data user]], Then correctly Register your data [Then answer]], Example: {firstname=Lina, lastname=Holguin, address=Mz 11 Casa 1, email=linahm.25@hotmail.com, phone=3197123582, year=1985, month=April, day=23, password1=Poiuytre156**, password2=Poiuytre156**} [Given Fernando wants to create users on the demo page [Fernando open up [Fernando opens the Open demo page]], When Entering the register tab of the automation demo site
| firstname | lastname | address | email | phone | year | month | day | password1 | password2 |
| Lina | Holguin | Mz 11 Casa 1 | linahm.25@hotmail.com | 3197123582 | 1985 | April | 23 | Poiuytre156** | Poiuytre156** | [Fernando register demo [Fernando clicks on enter first name, Fernando enters 'Lina' into enter first name, Fernando enters 'Holguin' into enter last name, Fernando enters 'Mz 11 Casa 1' into enter address, Fernando enters 'linahm.25@hotmail.com' into Input Email, Fernando enters '3197123582' into Input phone, Fernando clicks on Indicate Gender, Fernando clicks on Indicate hobbies, Fernando clicks on click language, Fernando clicks on click language, Fernando clicks on click language 2, Fernando clicks on click language 3 , Fernando clicks on indicate skills, Fernando clicks on indicate COUNTRY]]]
[Test worker] WARN net.thucydides.core.steps.BaseStepListener - stepStarted: net.thucydides.core.steps.ExecutedStepDescription@70f2de83
[Test worker] WARN net.thucydides.core.steps.BaseStepListener - stepFinished: current outcome:perform user registration by entering the following:Example: {firstname=Fernando, lastname=Villa Alvarez, address=Mz 11 Casa 1, email=fvilla.82@hotmail.com, phone=3124335093, year=1982, month=April, day=12, password1=Poiuytre155**, password2=Poiuytre155**} [Given Fernando wants to create users on the demo page [Fernando open up [Fernando opens the Open demo page]], When Entering the register tab of the automation demo site
| firstname | lastname | address | email | phone | year | month | day | password1 | password2 |
| Fernando | Villa Alvarez | Mz 11 Casa 1 | fvilla.82@hotmail.com | 3124335093 | 1982 | April | 12 | Poiuytre155** | Poiuytre155** | [Fernando register demo [Fernando clicks on enter first name, Fernando enters 'Fernando' into enter first name, Fernando enters 'Villa Alvarez' into enter last name, Fernando enters 'Mz 11 Casa 1' into enter address, Fernando enters 'fvilla.82@hotmail.com' into Input Email, Fernando enters '3124335093' into Input phone, Fernando clicks on Indicate Gender, Fernando clicks on Indicate hobbies, Fernando clicks on click language, Fernando clicks on click language, Fernando clicks on click language 2, Fernando clicks on click language 3 , Fernando clicks on indicate skills, Fernando clicks on indicate COUNTRY, Fernando clicks on indicate SELECT COUNTRY, Fernando select 1982 on select year, Fernando select April on select the month, Fernando select 12 on select day, Fernando enters 'Poiuytre155**' into write password to create, Fernando enters 'Poiuytre155**' into write password to confirm, Fernando clicks on click button submit, Fernando clicks on Register data user]], Then correctly Register your data [Then answer]], Example: {firstname=Lina, lastname=Holguin, address=Mz 11 Casa 1, email=linahm.25@hotmail.com, phone=3197123582, year=1985, month=April, day=23, password1=Poiuytre156**, password2=Poiuytre156**} [Given Fernando wants to create users on the demo page [Fernando open up [Fernando opens the Open demo page]], When Entering the register tab of the automation demo site
| firstname | lastname | address | email | phone | year | month | day | password1 | password2 |
| Lina | Holguin | Mz 11 Casa 1 | linahm.25@hotmail.com | 3197123582 | 1985 | April | 23 | Poiuytre156** | Poiuytre156** | [Fernando register demo [Fernando clicks on enter first name, Fernando enters 'Lina' into enter first name, Fernando enters 'Holguin' into enter last name, Fernando enters 'Mz 11 Casa 1' into enter address, Fernando enters 'linahm.25@hotmail.com' into Input Email, Fernando enters '3197123582' into Input phone, Fernando clicks on Indicate Gender, Fernando clicks on Indicate hobbies, Fernando clicks on click language, Fernando clicks on click language, Fernando clicks on click language 2, Fernando clicks on click language 3 , Fernando clicks on indicate skills, Fernando clicks on indicate COUNTRY, Fernando clicks on indicate SELECT COUNTRY]]]
[Test worker] WARN net.thucydides.core.steps.BaseStepListener - stepStarted: net.thucydides.core.steps.ExecutedStepDescription@292cbfce
[Test worker] WARN net.thucydides.core.steps.BaseStepListener - stepFinished: current outcome:perform user registration by entering the following:Example: {firstname=Fernando, lastname=Villa Alvarez, address=Mz 11 Casa 1, email=fvilla.82@hotmail.com, phone=3124335093, year=1982, month=April, day=12, password1=Poiuytre155**, password2=Poiuytre155**} [Given Fernando wants to create users on the demo page [Fernando open up [Fernando opens the Open demo page]], When Entering the register tab of the automation demo site
| firstname | lastname | address | email | phone | year | month | day | password1 | password2 |
| Fernando | Villa Alvarez | Mz 11 Casa 1 | fvilla.82@hotmail.com | 3124335093 | 1982 | April | 12 | Poiuytre155** | Poiuytre155** | [Fernando register demo [Fernando clicks on enter first name, Fernando enters 'Fernando' into enter first name, Fernando enters 'Villa Alvarez' into enter last name, Fernando enters 'Mz 11 Casa 1' into enter address, Fernando enters 'fvilla.82@hotmail.com' into Input Email, Fernando enters '3124335093' into Input phone, Fernando clicks on Indicate Gender, Fernando clicks on Indicate hobbies, Fernando clicks on click language, Fernando clicks on click language, Fernando clicks on click language 2, Fernando clicks on click language 3 , Fernando clicks on indicate skills, Fernando clicks on indicate COUNTRY, Fernando clicks on indicate SELECT COUNTRY, Fernando select 1982 on select year, Fernando select April on select the month, Fernando select 12 on select day, Fernando enters 'Poiuytre155**' into write password to create, Fernando enters 'Poiuytre155**' into write password to confirm, Fernando clicks on click button submit, Fernando clicks on Register data user]], Then correctly Register your data [Then answer]], Example: {firstname=Lina, lastname=Holguin, address=Mz 11 Casa 1, email=linahm.25@hotmail.com, phone=3197123582, year=1985, month=April, day=23, password1=Poiuytre156**, password2=Poiuytre156**} [Given Fernando wants to create users on the demo page [Fernando open up [Fernando opens the Open demo page]], When Entering the register tab of the automation demo site
| firstname | lastname | address | email | phone | year | month | day | password1 | password2 |
| Lina | Holguin | Mz 11 Casa 1 | linahm.25@hotmail.com | 3197123582 | 1985 | April | 23 | Poiuytre156** | Poiuytre156** | [Fernando register demo [Fernando clicks on enter first name, Fernando enters 'Lina' into enter first name, Fernando enters 'Holguin' into enter last name, Fernando enters 'Mz 11 Casa 1' into enter address, Fernando enters 'linahm.25@hotmail.com' into Input Email, Fernando enters '3197123582' into Input phone, Fernando clicks on Indicate Gender, Fernando clicks on Indicate hobbies, Fernando clicks on click language, Fernando clicks on click language, Fernando clicks on click language 2, Fernando clicks on click language 3 , Fernando clicks on indicate skills, Fernando clicks on indicate COUNTRY, Fernando clicks on indicate SELECT COUNTRY, Fernando select 1985 on select year]]]
[Test worker] WARN net.thucydides.core.steps.BaseStepListener - stepStarted: net.thucydides.core.steps.ExecutedStepDescription@2cfa9ff3
[Test worker] WARN net.thucydides.core.steps.BaseStepListener - stepFinished: current outcome:perform user registration by entering the following:Example: {firstname=Fernando, lastname=Villa Alvarez, address=Mz 11 Casa 1, email=fvilla.82@hotmail.com, phone=3124335093, year=1982, month=April, day=12, password1=Poiuytre155**, password2=Poiuytre155**} [Given Fernando wants to create users on the demo page [Fernando open up [Fernando opens the Open demo page]], When Entering the register tab of the automation demo site
| firstname | lastname | address | email | phone | year | month | day | password1 | password2 |
| Fernando | Villa Alvarez | Mz 11 Casa 1 | fvilla.82@hotmail.com | 3124335093 | 1982 | April | 12 | Poiuytre155** | Poiuytre155** | [Fernando register demo [Fernando clicks on enter first name, Fernando enters 'Fernando' into enter first name, Fernando enters 'Villa Alvarez' into enter last name, Fernando enters 'Mz 11 Casa 1' into enter address, Fernando enters 'fvilla.82@hotmail.com' into Input Email, Fernando enters '3124335093' into Input phone, Fernando clicks on Indicate Gender, Fernando clicks on Indicate hobbies, Fernando clicks on click language, Fernando clicks on click language, Fernando clicks on click language 2, Fernando clicks on click language 3 , Fernando clicks on indicate skills, Fernando clicks on indicate COUNTRY, Fernando clicks on indicate SELECT COUNTRY, Fernando select 1982 on select year, Fernando select April on select the month, Fernando select 12 on select day, Fernando enters 'Poiuytre155**' into write password to create, Fernando enters 'Poiuytre155**' into write password to confirm, Fernando clicks on click button submit, Fernando clicks on Register data user]], Then correctly Register your data [Then answer]], Example: {firstname=Lina, lastname=Holguin, address=Mz 11 Casa 1, email=linahm.25@hotmail.com, phone=3197123582, year=1985, month=April, day=23, password1=Poiuytre156**, password2=Poiuytre156**} [Given Fernando wants to create users on the demo page [Fernando open up [Fernando opens the Open demo page]], When Entering the register tab of the automation demo site
| firstname | lastname | address | email | phone | year | month | day | password1 | password2 |
| Lina | Holguin | Mz 11 Casa 1 | linahm.25@hotmail.com | 3197123582 | 1985 | April | 23 | Poiuytre156** | Poiuytre156** | [Fernando register demo [Fernando clicks on enter first name, Fernando enters 'Lina' into enter first name, Fernando enters 'Holguin' into enter last name, Fernando enters 'Mz 11 Casa 1' into enter address, Fernando enters 'linahm.25@hotmail.com' into Input Email, Fernando enters '3197123582' into Input phone, Fernando clicks on Indicate Gender, Fernando clicks on Indicate hobbies, Fernando clicks on click language, Fernando clicks on click language, Fernando clicks on click language 2, Fernando clicks on click language 3 , Fernando clicks on indicate skills, Fernando clicks on indicate COUNTRY, Fernando clicks on indicate SELECT COUNTRY, Fernando select 1985 on select year, Fernando select April on select the month]]]
[Test worker] WARN net.thucydides.core.steps.BaseStepListener - stepStarted: net.thucydides.core.steps.ExecutedStepDescription@46803fd8
[Test worker] WARN net.thucydides.core.steps.BaseStepListener - stepFinished: current outcome:perform user registration by entering the following:Example: {firstname=Fernando, lastname=Villa Alvarez, address=Mz 11 Casa 1, email=fvilla.82@hotmail.com, phone=3124335093, year=1982, month=April, day=12, password1=Poiuytre155**, password2=Poiuytre155**} [Given Fernando wants to create users on the demo page [Fernando open up [Fernando opens the Open demo page]], When Entering the register tab of the automation demo site
| firstname | lastname | address | email | phone | year | month | day | password1 | password2 |
| Fernando | Villa Alvarez | Mz 11 Casa 1 | fvilla.82@hotmail.com | 3124335093 | 1982 | April | 12 | Poiuytre155** | Poiuytre155** | [Fernando register demo [Fernando clicks on enter first name, Fernando enters 'Fernando' into enter first name, Fernando enters 'Villa Alvarez' into enter last name, Fernando enters 'Mz 11 Casa 1' into enter address, Fernando enters 'fvilla.82@hotmail.com' into Input Email, Fernando enters '3124335093' into Input phone, Fernando clicks on Indicate Gender, Fernando clicks on Indicate hobbies, Fernando clicks on click language, Fernando clicks on click language, Fernando clicks on click language 2, Fernando clicks on click language 3 , Fernando clicks on indicate skills, Fernando clicks on indicate COUNTRY, Fernando clicks on indicate SELECT COUNTRY, Fernando select 1982 on select year, Fernando select April on select the month, Fernando select 12 on select day, Fernando enters 'Poiuytre155**' into write password to create, Fernando enters 'Poiuytre155**' into write password to confirm, Fernando clicks on click button submit, Fernando clicks on Register data user]], Then correctly Register your data [Then answer]], Example: {firstname=Lina, lastname=Holguin, address=Mz 11 Casa 1, email=linahm.25@hotmail.com, phone=3197123582, year=1985, month=April, day=23, password1=Poiuytre156**, password2=Poiuytre156**} [Given Fernando wants to create users on the demo page [Fernando open up [Fernando opens the Open demo page]], When Entering the register tab of the automation demo site
| firstname | lastname | address | email | phone | year | month | day | password1 | password2 |
| Lina | Holguin | Mz 11 Casa 1 | linahm.25@hotmail.com | 3197123582 | 1985 | April | 23 | Poiuytre156** | Poiuytre156** | [Fernando register demo [Fernando clicks on enter first name, Fernando enters 'Lina' into enter first name, Fernando enters 'Holguin' into enter last name, Fernando enters 'Mz 11 Casa 1' into enter address, Fernando enters 'linahm.25@hotmail.com' into Input Email, Fernando enters '3197123582' into Input phone, Fernando clicks on Indicate Gender, Fernando clicks on Indicate hobbies, Fernando clicks on click language, Fernando clicks on click language, Fernando clicks on click language 2, Fernando clicks on click language 3 , Fernando clicks on indicate skills, Fernando clicks on indicate COUNTRY, Fernando clicks on indicate SELECT COUNTRY, Fernando select 1985 on select year, Fernando select April on select the month, Fernando select 23 on select day]]]
[Test worker] WARN net.thucydides.core.steps.BaseStepListener - stepStarted: net.thucydides.core.steps.ExecutedStepDescription@4eb668c9
[Test worker] WARN net.thucydides.core.steps.BaseStepListener - stepFinished: current outcome:perform user registration by entering the following:Example: {firstname=Fernando, lastname=Villa Alvarez, address=Mz 11 Casa 1, email=fvilla.82@hotmail.com, phone=3124335093, year=1982, month=April, day=12, password1=Poiuytre155**, password2=Poiuytre155**} [Given Fernando wants to create users on the demo page [Fernando open up [Fernando opens the Open demo page]], When Entering the register tab of the automation demo site
| firstname | lastname | address | email | phone | year | month | day | password1 | password2 |
| Fernando | Villa Alvarez | Mz 11 Casa 1 | fvilla.82@hotmail.com | 3124335093 | 1982 | April | 12 | Poiuytre155** | Poiuytre155** | [Fernando register demo [Fernando clicks on enter first name, Fernando enters 'Fernando' into enter first name, Fernando enters 'Villa Alvarez' into enter last name, Fernando enters 'Mz 11 Casa 1' into enter address, Fernando enters 'fvilla.82@hotmail.com' into Input Email, Fernando enters '3124335093' into Input phone, Fernando clicks on Indicate Gender, Fernando clicks on Indicate hobbies, Fernando clicks on click language, Fernando clicks on click language, Fernando clicks on click language 2, Fernando clicks on click language 3 , Fernando clicks on indicate skills, Fernando clicks on indicate COUNTRY, Fernando clicks on indicate SELECT COUNTRY, Fernando select 1982 on select year, Fernando select April on select the month, Fernando select 12 on select day, Fernando enters 'Poiuytre155**' into write password to create, Fernando enters 'Poiuytre155**' into write password to confirm, Fernando clicks on click button submit, Fernando clicks on Register data user]], Then correctly Register your data [Then answer]], Example: {firstname=Lina, lastname=Holguin, address=Mz 11 Casa 1, email=linahm.25@hotmail.com, phone=3197123582, year=1985, month=April, day=23, password1=Poiuytre156**, password2=Poiuytre156**} [Given Fernando wants to create users on the demo page [Fernando open up [Fernando opens the Open demo page]], When Entering the register tab of the automation demo site
| firstname | lastname | address | email | phone | year | month | day | password1 | password2 |
| Lina | Holguin | Mz 11 Casa 1 | linahm.25@hotmail.com | 3197123582 | 1985 | April | 23 | Poiuytre156** | Poiuytre156** | [Fernando register demo [Fernando clicks on enter first name, Fernando enters 'Lina' into enter first name, Fernando enters 'Holguin' into enter last name, Fernando enters 'Mz 11 Casa 1' into enter address, Fernando enters 'linahm.25@hotmail.com' into Input Email, Fernando enters '3197123582' into Input phone, Fernando clicks on Indicate Gender, Fernando clicks on Indicate hobbies, Fernando clicks on click language, Fernando clicks on click language, Fernando clicks on click language 2, Fernando clicks on click language 3 , Fernando clicks on indicate skills, Fernando clicks on indicate COUNTRY, Fernando clicks on indicate SELECT COUNTRY, Fernando select 1985 on select year, Fernando select April on select the month, Fernando select 23 on select day, Fernando enters 'Poiuytre156**' into write password to create]]]
[Test worker] WARN net.thucydides.core.steps.BaseStepListener - stepStarted: net.thucydides.core.steps.ExecutedStepDescription@1b46032a
[Test worker] WARN net.thucydides.core.steps.BaseStepListener - stepFinished: current outcome:perform user registration by entering the following:Example: {firstname=Fernando, lastname=Villa Alvarez, address=Mz 11 Casa 1, email=fvilla.82@hotmail.com, phone=3124335093, year=1982, month=April, day=12, password1=Poiuytre155**, password2=Poiuytre155**} [Given Fernando wants to create users on the demo page [Fernando open up [Fernando opens the Open demo page]], When Entering the register tab of the automation demo site
| firstname | lastname | address | email | phone | year | month | day | password1 | password2 |
| Fernando | Villa Alvarez | Mz 11 Casa 1 | fvilla.82@hotmail.com | 3124335093 | 1982 | April | 12 | Poiuytre155** | Poiuytre155** | [Fernando register demo [Fernando clicks on enter first name, Fernando enters 'Fernando' into enter first name, Fernando enters 'Villa Alvarez' into enter last name, Fernando enters 'Mz 11 Casa 1' into enter address, Fernando enters 'fvilla.82@hotmail.com' into Input Email, Fernando enters '3124335093' into Input phone, Fernando clicks on Indicate Gender, Fernando clicks on Indicate hobbies, Fernando clicks on click language, Fernando clicks on click language, Fernando clicks on click language 2, Fernando clicks on click language 3 , Fernando clicks on indicate skills, Fernando clicks on indicate COUNTRY, Fernando clicks on indicate SELECT COUNTRY, Fernando select 1982 on select year, Fernando select April on select the month, Fernando select 12 on select day, Fernando enters 'Poiuytre155**' into write password to create, Fernando enters 'Poiuytre155**' into write password to confirm, Fernando clicks on click button submit, Fernando clicks on Register data user]], Then correctly Register your data [Then answer]], Example: {firstname=Lina, lastname=Holguin, address=Mz 11 Casa 1, email=linahm.25@hotmail.com, phone=3197123582, year=1985, month=April, day=23, password1=Poiuytre156**, password2=Poiuytre156**} [Given Fernando wants to create users on the demo page [Fernando open up [Fernando opens the Open demo page]], When Entering the register tab of the automation demo site
| firstname | lastname | address | email | phone | year | month | day | password1 | password2 |
| Lina | Holguin | Mz 11 Casa 1 | linahm.25@hotmail.com | 3197123582 | 1985 | April | 23 | Poiuytre156** | Poiuytre156** | [Fernando register demo [Fernando clicks on enter first name, Fernando enters 'Lina' into enter first name, Fernando enters 'Holguin' into enter last name, Fernando enters 'Mz 11 Casa 1' into enter address, Fernando enters 'linahm.25@hotmail.com' into Input Email, Fernando enters '3197123582' into Input phone, Fernando clicks on Indicate Gender, Fernando clicks on Indicate hobbies, Fernando clicks on click language, Fernando clicks on click language, Fernando clicks on click language 2, Fernando clicks on click language 3 , Fernando clicks on indicate skills, Fernando clicks on indicate COUNTRY, Fernando clicks on indicate SELECT COUNTRY, Fernando select 1985 on select year, Fernando select April on select the month, Fernando select 23 on select day, Fernando enters 'Poiuytre156**' into write password to create, Fernando enters 'Poiuytre156**' into write password to confirm]]]
[Test worker] WARN net.thucydides.core.steps.BaseStepListener - stepStarted: net.thucydides.core.steps.ExecutedStepDescription@5e6568ff
[Test worker] WARN net.thucydides.core.steps.BaseStepListener - stepFinished: current outcome:perform user registration by entering the following:Example: {firstname=Fernando, lastname=Villa Alvarez, address=Mz 11 Casa 1, email=fvilla.82@hotmail.com, phone=3124335093, year=1982, month=April, day=12, password1=Poiuytre155**, password2=Poiuytre155**} [Given Fernando wants to create users on the demo page [Fernando open up [Fernando opens the Open demo page]], When Entering the register tab of the automation demo site
| firstname | lastname | address | email | phone | year | month | day | password1 | password2 |
| Fernando | Villa Alvarez | Mz 11 Casa 1 | fvilla.82@hotmail.com | 3124335093 | 1982 | April | 12 | Poiuytre155** | Poiuytre155** | [Fernando register demo [Fernando clicks on enter first name, Fernando enters 'Fernando' into enter first name, Fernando enters 'Villa Alvarez' into enter last name, Fernando enters 'Mz 11 Casa 1' into enter address, Fernando enters 'fvilla.82@hotmail.com' into Input Email, Fernando enters '3124335093' into Input phone, Fernando clicks on Indicate Gender, Fernando clicks on Indicate hobbies, Fernando clicks on click language, Fernando clicks on click language, Fernando clicks on click language 2, Fernando clicks on click language 3 , Fernando clicks on indicate skills, Fernando clicks on indicate COUNTRY, Fernando clicks on indicate SELECT COUNTRY, Fernando select 1982 on select year, Fernando select April on select the month, Fernando select 12 on select day, Fernando enters 'Poiuytre155**' into write password to create, Fernando enters 'Poiuytre155**' into write password to confirm, Fernando clicks on click button submit, Fernando clicks on Register data user]], Then correctly Register your data [Then answer]], Example: {firstname=Lina, lastname=Holguin, address=Mz 11 Casa 1, email=linahm.25@hotmail.com, phone=3197123582, year=1985, month=April, day=23, password1=Poiuytre156**, password2=Poiuytre156**} [Given Fernando wants to create users on the demo page [Fernando open up [Fernando opens the Open demo page]], When Entering the register tab of the automation demo site
| firstname | lastname | address | email | phone | year | month | day | password1 | password2 |
| Lina | Holguin | Mz 11 Casa 1 | linahm.25@hotmail.com | 3197123582 | 1985 | April | 23 | Poiuytre156** | Poiuytre156** | [Fernando register demo [Fernando clicks on enter first name, Fernando enters 'Lina' into enter first name, Fernando enters 'Holguin' into enter last name, Fernando enters 'Mz 11 Casa 1' into enter address, Fernando enters 'linahm.25@hotmail.com' into Input Email, Fernando enters '3197123582' into Input phone, Fernando clicks on Indicate Gender, Fernando clicks on Indicate hobbies, Fernando clicks on click language, Fernando clicks on click language, Fernando clicks on click language 2, Fernando clicks on click language 3 , Fernando clicks on indicate skills, Fernando clicks on indicate COUNTRY, Fernando clicks on indicate SELECT COUNTRY, Fernando select 1985 on select year, Fernando select April on select the month, Fernando select 23 on select day, Fernando enters 'Poiuytre156**' into write password to create, Fernando enters 'Poiuytre156**' into write password to confirm, Fernando clicks on click button submit]]]
[Test worker] WARN net.thucydides.core.steps.BaseStepListener - stepStarted: net.thucydides.core.steps.ExecutedStepDescription@2fa1aeec
[Test worker] WARN net.thucydides.core.steps.BaseStepListener - stepFinished: current outcome:perform user registration by entering the following:Example: {firstname=Fernando, lastname=Villa Alvarez, address=Mz 11 Casa 1, email=fvilla.82@hotmail.com, phone=3124335093, year=1982, month=April, day=12, password1=Poiuytre155**, password2=Poiuytre155**} [Given Fernando wants to create users on the demo page [Fernando open up [Fernando opens the Open demo page]], When Entering the register tab of the automation demo site
| firstname | lastname | address | email | phone | year | month | day | password1 | password2 |
| Fernando | Villa Alvarez | Mz 11 Casa 1 | fvilla.82@hotmail.com | 3124335093 | 1982 | April | 12 | Poiuytre155** | Poiuytre155** | [Fernando register demo [Fernando clicks on enter first name, Fernando enters 'Fernando' into enter first name, Fernando enters 'Villa Alvarez' into enter last name, Fernando enters 'Mz 11 Casa 1' into enter address, Fernando enters 'fvilla.82@hotmail.com' into Input Email, Fernando enters '3124335093' into Input phone, Fernando clicks on Indicate Gender, Fernando clicks on Indicate hobbies, Fernando clicks on click language, Fernando clicks on click language, Fernando clicks on click language 2, Fernando clicks on click language 3 , Fernando clicks on indicate skills, Fernando clicks on indicate COUNTRY, Fernando clicks on indicate SELECT COUNTRY, Fernando select 1982 on select year, Fernando select April on select the month, Fernando select 12 on select day, Fernando enters 'Poiuytre155**' into write password to create, Fernando enters 'Poiuytre155**' into write password to confirm, Fernando clicks on click button submit, Fernando clicks on Register data user]], Then correctly Register your data [Then answer]], Example: {firstname=Lina, lastname=Holguin, address=Mz 11 Casa 1, email=linahm.25@hotmail.com, phone=3197123582, year=1985, month=April, day=23, password1=Poiuytre156**, password2=Poiuytre156**} [Given Fernando wants to create users on the demo page [Fernando open up [Fernando opens the Open demo page]], When Entering the register tab of the automation demo site
| firstname | lastname | address | email | phone | year | month | day | password1 | password2 |
| Lina | Holguin | Mz 11 Casa 1 | linahm.25@hotmail.com | 3197123582 | 1985 | April | 23 | Poiuytre156** | Poiuytre156** | [Fernando register demo [Fernando clicks on enter first name, Fernando enters 'Lina' into enter first name, Fernando enters 'Holguin' into enter last name, Fernando enters 'Mz 11 Casa 1' into enter address, Fernando enters 'linahm.25@hotmail.com' into Input Email, Fernando enters '3197123582' into Input phone, Fernando clicks on Indicate Gender, Fernando clicks on Indicate hobbies, Fernando clicks on click language, Fernando clicks on click language, Fernando clicks on click language 2, Fernando clicks on click language 3 , Fernando clicks on indicate skills, Fernando clicks on indicate COUNTRY, Fernando clicks on indicate SELECT COUNTRY, Fernando select 1985 on select year, Fernando select April on select the month, Fernando select 23 on select day, Fernando enters 'Poiuytre156**' into write password to create, Fernando enters 'Poiuytre156**' into write password to confirm, Fernando clicks on click button submit, Fernando clicks on Register data user]]]
[Test worker] WARN net.thucydides.core.steps.BaseStepListener - stepFinished: current outcome:perform user registration by entering the following:Example: {firstname=Fernando, lastname=Villa Alvarez, address=Mz 11 Casa 1, email=fvilla.82@hotmail.com, phone=3124335093, year=1982, month=April, day=12, password1=Poiuytre155**, password2=Poiuytre155**} [Given Fernando wants to create users on the demo page [Fernando open up [Fernando opens the Open demo page]], When Entering the register tab of the automation demo site
| firstname | lastname | address | email | phone | year | month | day | password1 | password2 |
| Fernando | Villa Alvarez | Mz 11 Casa 1 | fvilla.82@hotmail.com | 3124335093 | 1982 | April | 12 | Poiuytre155** | Poiuytre155** | [Fernando register demo [Fernando clicks on enter first name, Fernando enters 'Fernando' into enter first name, Fernando enters 'Villa Alvarez' into enter last name, Fernando enters 'Mz 11 Casa 1' into enter address, Fernando enters 'fvilla.82@hotmail.com' into Input Email, Fernando enters '3124335093' into Input phone, Fernando clicks on Indicate Gender, Fernando clicks on Indicate hobbies, Fernando clicks on click language, Fernando clicks on click language, Fernando clicks on click language 2, Fernando clicks on click language 3 , Fernando clicks on indicate skills, Fernando clicks on indicate COUNTRY, Fernando clicks on indicate SELECT COUNTRY, Fernando select 1982 on select year, Fernando select April on select the month, Fernando select 12 on select day, Fernando enters 'Poiuytre155**' into write password to create, Fernando enters 'Poiuytre155**' into write password to confirm, Fernando clicks on click button submit, Fernando clicks on Register data user]], Then correctly Register your data [Then answer]], Example: {firstname=Lina, lastname=Holguin, address=Mz 11 Casa 1, email=linahm.25@hotmail.com, phone=3197123582, year=1985, month=April, day=23, password1=Poiuytre156**, password2=Poiuytre156**} [Given Fernando wants to create users on the demo page [Fernando open up [Fernando opens the Open demo page]], When Entering the register tab of the automation demo site
| firstname | lastname | address | email | phone | year | month | day | password1 | password2 |
| Lina | Holguin | Mz 11 Casa 1 | linahm.25@hotmail.com | 3197123582 | 1985 | April | 23 | Poiuytre156** | Poiuytre156** | [Fernando register demo [Fernando clicks on enter first name, Fernando enters 'Lina' into enter first name, Fernando enters 'Holguin' into enter last name, Fernando enters 'Mz 11 Casa 1' into enter address, Fernando enters 'linahm.25@hotmail.com' into Input Email, Fernando enters '3197123582' into Input phone, Fernando clicks on Indicate Gender, Fernando clicks on Indicate hobbies, Fernando clicks on click language, Fernando clicks on click language, Fernando clicks on click language 2, Fernando clicks on click language 3 , Fernando clicks on indicate skills, Fernando clicks on indicate COUNTRY, Fernando clicks on indicate SELECT COUNTRY, Fernando select 1985 on select year, Fernando select April on select the month, Fernando select 23 on select day, Fernando enters 'Poiuytre156**' into write password to create, Fernando enters 'Poiuytre156**' into write password to confirm, Fernando clicks on click button submit, Fernando clicks on Register data user]]]
[Test worker] WARN net.thucydides.core.steps.BaseStepListener - stepFinished: current outcome:perform user registration by entering the following:Example: {firstname=Fernando, lastname=Villa Alvarez, address=Mz 11 Casa 1, email=fvilla.82@hotmail.com, phone=3124335093, year=1982, month=April, day=12, password1=Poiuytre155**, password2=Poiuytre155**} [Given Fernando wants to create users on the demo page [Fernando open up [Fernando opens the Open demo page]], When Entering the register tab of the automation demo site
| firstname | lastname | address | email | phone | year | month | day | password1 | password2 |
| Fernando | Villa Alvarez | Mz 11 Casa 1 | fvilla.82@hotmail.com | 3124335093 | 1982 | April | 12 | Poiuytre155** | Poiuytre155** | [Fernando register demo [Fernando clicks on enter first name, Fernando enters 'Fernando' into enter first name, Fernando enters 'Villa Alvarez' into enter last name, Fernando enters 'Mz 11 Casa 1' into enter address, Fernando enters 'fvilla.82@hotmail.com' into Input Email, Fernando enters '3124335093' into Input phone, Fernando clicks on Indicate Gender, Fernando clicks on Indicate hobbies, Fernando clicks on click language, Fernando clicks on click language, Fernando clicks on click language 2, Fernando clicks on click language 3 , Fernando clicks on indicate skills, Fernando clicks on indicate COUNTRY, Fernando clicks on indicate SELECT COUNTRY, Fernando select 1982 on select year, Fernando select April on select the month, Fernando select 12 on select day, Fernando enters 'Poiuytre155**' into write password to create, Fernando enters 'Poiuytre155**' into write password to confirm, Fernando clicks on click button submit, Fernando clicks on Register data user]], Then correctly Register your data [Then answer]], Example: {firstname=Lina, lastname=Holguin, address=Mz 11 Casa 1, email=linahm.25@hotmail.com, phone=3197123582, year=1985, month=April, day=23, password1=Poiuytre156**, password2=Poiuytre156**} [Given Fernando wants to create users on the demo page [Fernando open up [Fernando opens the Open demo page]], When Entering the register tab of the automation demo site
| firstname | lastname | address | email | phone | year | month | day | password1 | password2 |
| Lina | Holguin | Mz 11 Casa 1 | linahm.25@hotmail.com | 3197123582 | 1985 | April | 23 | Poiuytre156** | Poiuytre156** | [Fernando register demo [Fernando clicks on enter first name, Fernando enters 'Lina' into enter first name, Fernando enters 'Holguin' into enter last name, Fernando enters 'Mz 11 Casa 1' into enter address, Fernando enters 'linahm.25@hotmail.com' into Input Email, Fernando enters '3197123582' into Input phone, Fernando clicks on Indicate Gender, Fernando clicks on Indicate hobbies, Fernando clicks on click language, Fernando clicks on click language, Fernando clicks on click language 2, Fernando clicks on click language 3 , Fernando clicks on indicate skills, Fernando clicks on indicate COUNTRY, Fernando clicks on indicate SELECT COUNTRY, Fernando select 1985 on select year, Fernando select April on select the month, Fernando select 23 on select day, Fernando enters 'Poiuytre156**' into write password to create, Fernando enters 'Poiuytre156**' into write password to confirm, Fernando clicks on click button submit, Fernando clicks on Register data user]]]
[Test worker] WARN net.thucydides.core.steps.BaseStepListener - stepStarted: net.thucydides.core.steps.ExecutedStepDescription@12c36255
[Test worker] WARN net.thucydides.core.steps.BaseStepListener - stepStarted: net.thucydides.core.steps.ExecutedStepDescription@1c0bc74d
[Test worker] WARN net.thucydides.core.steps.BaseStepListener - stepFinished: current outcome:perform user registration by entering the following:Example: {firstname=Fernando, lastname=Villa Alvarez, address=Mz 11 Casa 1, email=fvilla.82@hotmail.com, phone=3124335093, year=1982, month=April, day=12, password1=Poiuytre155**, password2=Poiuytre155**} [Given Fernando wants to create users on the demo page [Fernando open up [Fernando opens the Open demo page]], When Entering the register tab of the automation demo site
| firstname | lastname | address | email | phone | year | month | day | password1 | password2 |
| Fernando | Villa Alvarez | Mz 11 Casa 1 | fvilla.82@hotmail.com | 3124335093 | 1982 | April | 12 | Poiuytre155** | Poiuytre155** | [Fernando register demo [Fernando clicks on enter first name, Fernando enters 'Fernando' into enter first name, Fernando enters 'Villa Alvarez' into enter last name, Fernando enters 'Mz 11 Casa 1' into enter address, Fernando enters 'fvilla.82@hotmail.com' into Input Email, Fernando enters '3124335093' into Input phone, Fernando clicks on Indicate Gender, Fernando clicks on Indicate hobbies, Fernando clicks on click language, Fernando clicks on click language, Fernando clicks on click language 2, Fernando clicks on click language 3 , Fernando clicks on indicate skills, Fernando clicks on indicate COUNTRY, Fernando clicks on indicate SELECT COUNTRY, Fernando select 1982 on select year, Fernando select April on select the month, Fernando select 12 on select day, Fernando enters 'Poiuytre155**' into write password to create, Fernando enters 'Poiuytre155**' into write password to confirm, Fernando clicks on click button submit, Fernando clicks on Register data user]], Then correctly Register your data [Then answer]], Example: {firstname=Lina, lastname=Holguin, address=Mz 11 Casa 1, email=linahm.25@hotmail.com, phone=3197123582, year=1985, month=April, day=23, password1=Poiuytre156**, password2=Poiuytre156**} [Given Fernando wants to create users on the demo page [Fernando open up [Fernando opens the Open demo page]], When Entering the register tab of the automation demo site
| firstname | lastname | address | email | phone | year | month | day | password1 | password2 |
| Lina | Holguin | Mz 11 Casa 1 | linahm.25@hotmail.com | 3197123582 | 1985 | April | 23 | Poiuytre156** | Poiuytre156** | [Fernando register demo [Fernando clicks on enter first name, Fernando enters 'Lina' into enter first name, Fernando enters 'Holguin' into enter last name, Fernando enters 'Mz 11 Casa 1' into enter address, Fernando enters 'linahm.25@hotmail.com' into Input Email, Fernando enters '3197123582' into Input phone, Fernando clicks on Indicate Gender, Fernando clicks on Indicate hobbies, Fernando clicks on click language, Fernando clicks on click language, Fernando clicks on click language 2, Fernando clicks on click language 3 , Fernando clicks on indicate skills, Fernando clicks on indicate COUNTRY, Fernando clicks on indicate SELECT COUNTRY, Fernando select 1985 on select year, Fernando select April on select the month, Fernando select 23 on select day, Fernando enters 'Poiuytre156**' into write password to create, Fernando enters 'Poiuytre156**' into write password to confirm, Fernando clicks on click button submit, Fernando clicks on Register data user]], Then correctly Register your data [Then answer]]
[Test worker] WARN net.thucydides.core.steps.BaseStepListener - stepFinished: current outcome:perform user registration by entering the following:Example: {firstname=Fernando, lastname=Villa Alvarez, address=Mz 11 Casa 1, email=fvilla.82@hotmail.com, phone=3124335093, year=1982, month=April, day=12, password1=Poiuytre155**, password2=Poiuytre155**} [Given Fernando wants to create users on the demo page [Fernando open up [Fernando opens the Open demo page]], When Entering the register tab of the automation demo site
| firstname | lastname | address | email | phone | year | month | day | password1 | password2 |
| Fernando | Villa Alvarez | Mz 11 Casa 1 | fvilla.82@hotmail.com | 3124335093 | 1982 | April | 12 | Poiuytre155** | Poiuytre155** | [Fernando register demo [Fernando clicks on enter first name, Fernando enters 'Fernando' into enter first name, Fernando enters 'Villa Alvarez' into enter last name, Fernando enters 'Mz 11 Casa 1' into enter address, Fernando enters 'fvilla.82@hotmail.com' into Input Email, Fernando enters '3124335093' into Input phone, Fernando clicks on Indicate Gender, Fernando clicks on Indicate hobbies, Fernando clicks on click language, Fernando clicks on click language, Fernando clicks on click language 2, Fernando clicks on click language 3 , Fernando clicks on indicate skills, Fernando clicks on indicate COUNTRY, Fernando clicks on indicate SELECT COUNTRY, Fernando select 1982 on select year, Fernando select April on select the month, Fernando select 12 on select day, Fernando enters 'Poiuytre155**' into write password to create, Fernando enters 'Poiuytre155**' into write password to confirm, Fernando clicks on click button submit, Fernando clicks on Register data user]], Then correctly Register your data [Then answer]], Example: {firstname=Lina, lastname=Holguin, address=Mz 11 Casa 1, email=linahm.25@hotmail.com, phone=3197123582, year=1985, month=April, day=23, password1=Poiuytre156**, password2=Poiuytre156**} [Given Fernando wants to create users on the demo page [Fernando open up [Fernando opens the Open demo page]], When Entering the register tab of the automation demo site
| firstname | lastname | address | email | phone | year | month | day | password1 | password2 |
| Lina | Holguin | Mz 11 Casa 1 | linahm.25@hotmail.com | 3197123582 | 1985 | April | 23 | Poiuytre156** | Poiuytre156** | [Fernando register demo [Fernando clicks on enter first name, Fernando enters 'Lina' into enter first name, Fernando enters 'Holguin' into enter last name, Fernando enters 'Mz 11 Casa 1' into enter address, Fernando enters 'linahm.25@hotmail.com' into Input Email, Fernando enters '3197123582' into Input phone, Fernando clicks on Indicate Gender, Fernando clicks on Indicate hobbies, Fernando clicks on click language, Fernando clicks on click language, Fernando clicks on click language 2, Fernando clicks on click language 3 , Fernando clicks on indicate skills, Fernando clicks on indicate COUNTRY, Fernando clicks on indicate SELECT COUNTRY, Fernando select 1985 on select year, Fernando select April on select the month, Fernando select 23 on select day, Fernando enters 'Poiuytre156**' into write password to create, Fernando enters 'Poiuytre156**' into write password to confirm, Fernando clicks on click button submit, Fernando clicks on Register data user]], Then correctly Register your data [Then answer]]
[Test worker] WARN net.thucydides.core.steps.BaseStepListener - stepFinished: current outcome:perform user registration by entering the following:Example: {firstname=Fernando, lastname=Villa Alvarez, address=Mz 11 Casa 1, email=fvilla.82@hotmail.com, phone=3124335093, year=1982, month=April, day=12, password1=Poiuytre155**, password2=Poiuytre155**} [Given Fernando wants to create users on the demo page [Fernando open up [Fernando opens the Open demo page]], When Entering the register tab of the automation demo site
| firstname | lastname | address | email | phone | year | month | day | password1 | password2 |
| Fernando | Villa Alvarez | Mz 11 Casa 1 | fvilla.82@hotmail.com | 3124335093 | 1982 | April | 12 | Poiuytre155** | Poiuytre155** | [Fernando register demo [Fernando clicks on enter first name, Fernando enters 'Fernando' into enter first name, Fernando enters 'Villa Alvarez' into enter last name, Fernando enters 'Mz 11 Casa 1' into enter address, Fernando enters 'fvilla.82@hotmail.com' into Input Email, Fernando enters '3124335093' into Input phone, Fernando clicks on Indicate Gender, Fernando clicks on Indicate hobbies, Fernando clicks on click language, Fernando clicks on click language, Fernando clicks on click language 2, Fernando clicks on click language 3 , Fernando clicks on indicate skills, Fernando clicks on indicate COUNTRY, Fernando clicks on indicate SELECT COUNTRY, Fernando select 1982 on select year, Fernando select April on select the month, Fernando select 12 on select day, Fernando enters 'Poiuytre155**' into write password to create, Fernando enters 'Poiuytre155**' into write password to confirm, Fernando clicks on click button submit, Fernando clicks on Register data user]], Then correctly Register your data [Then answer]], Example: {firstname=Lina, lastname=Holguin, address=Mz 11 Casa 1, email=linahm.25@hotmail.com, phone=3197123582, year=1985, month=April, day=23, password1=Poiuytre156**, password2=Poiuytre156**} [Given Fernando wants to create users on the demo page [Fernando open up [Fernando opens the Open demo page]], When Entering the register tab of the automation demo site
| firstname | lastname | address | email | phone | year | month | day | password1 | password2 |
| Lina | Holguin | Mz 11 Casa 1 | linahm.25@hotmail.com | 3197123582 | 1985 | April | 23 | Poiuytre156** | Poiuytre156** | [Fernando register demo [Fernando clicks on enter first name, Fernando enters 'Lina' into enter first name, Fernando enters 'Holguin' into enter last name, Fernando enters 'Mz 11 Casa 1' into enter address, Fernando enters 'linahm.25@hotmail.com' into Input Email, Fernando enters '3197123582' into Input phone, Fernando clicks on Indicate Gender, Fernando clicks on Indicate hobbies, Fernando clicks on click language, Fernando clicks on click language, Fernando clicks on click language 2, Fernando clicks on click language 3 , Fernando clicks on indicate skills, Fernando clicks on indicate COUNTRY, Fernando clicks on indicate SELECT COUNTRY, Fernando select 1985 on select year, Fernando select April on select the month, Fernando select 23 on select day, Fernando enters 'Poiuytre156**' into write password to create, Fernando enters 'Poiuytre156**' into write password to confirm, Fernando clicks on click button submit, Fernando clicks on Register data user]], Then correctly Register your data [Then answer]]
[Test worker] WARN net.thucydides.core.steps.BaseStepListener - testFinished: perform user registration by entering the following:Example: {firstname=Fernando, lastname=Villa Alvarez, address=Mz 11 Casa 1, email=fvilla.82@hotmail.com, phone=3124335093, year=1982, month=April, day=12, password1=Poiuytre155**, password2=Poiuytre155**} [Given Fernando wants to create users on the demo page [Fernando open up [Fernando opens the Open demo page]], When Entering the register tab of the automation demo site
| firstname | lastname | address | email | phone | year | month | day | password1 | password2 |
| Fernando | Villa Alvarez | Mz 11 Casa 1 | fvilla.82@hotmail.com | 3124335093 | 1982 | April | 12 | Poiuytre155** | Poiuytre155** | [Fernando register demo [Fernando clicks on enter first name, Fernando enters 'Fernando' into enter first name, Fernando enters 'Villa Alvarez' into enter last name, Fernando enters 'Mz 11 Casa 1' into enter address, Fernando enters 'fvilla.82@hotmail.com' into Input Email, Fernando enters '3124335093' into Input phone, Fernando clicks on Indicate Gender, Fernando clicks on Indicate hobbies, Fernando clicks on click language, Fernando clicks on click language, Fernando clicks on click language 2, Fernando clicks on click language 3 , Fernando clicks on indicate skills, Fernando clicks on indicate COUNTRY, Fernando clicks on indicate SELECT COUNTRY, Fernando select 1982 on select year, Fernando select April on select the month, Fernando select 12 on select day, Fernando enters 'Poiuytre155**' into write password to create, Fernando enters 'Poiuytre155**' into write password to confirm, Fernando clicks on click button submit, Fernando clicks on Register data user]], Then correctly Register your data [Then answer]], Example: {firstname=Lina, lastname=Holguin, address=Mz 11 Casa 1, email=linahm.25@hotmail.com, phone=3197123582, year=1985, month=April, day=23, password1=Poiuytre156**, password2=Poiuytre156**} [Given Fernando wants to create users on the demo page [Fernando open up [Fernando opens the Open demo page]], When Entering the register tab of the automation demo site
| firstname | lastname | address | email | phone | year | month | day | password1 | password2 |
| Lina | Holguin | Mz 11 Casa 1 | linahm.25@hotmail.com | 3197123582 | 1985 | April | 23 | Poiuytre156** | Poiuytre156** | [Fernando register demo [Fernando clicks on enter first name, Fernando enters 'Lina' into enter first name, Fernando enters 'Holguin' into enter last name, Fernando enters 'Mz 11 Casa 1' into enter address, Fernando enters 'linahm.25@hotmail.com' into Input Email, Fernando enters '3197123582' into Input phone, Fernando clicks on Indicate Gender, Fernando clicks on Indicate hobbies, Fernando clicks on click language, Fernando clicks on click language, Fernando clicks on click language 2, Fernando clicks on click language 3 , Fernando clicks on indicate skills, Fernando clicks on indicate COUNTRY, Fernando clicks on indicate SELECT COUNTRY, Fernando select 1985 on select year, Fernando select April on select the month, Fernando select 23 on select day, Fernando enters 'Poiuytre156**' into write password to create, Fernando enters 'Poiuytre156**' into write password to confirm, Fernando clicks on click button submit, Fernando clicks on Register data user]], Then correctly Register your data [Then answer]]
[Test worker] WARN net.thucydides.core.steps.BaseStepListener - TestOutcomes: [perform user registration by entering the following:Example: {firstname=Fernando, lastname=Villa Alvarez, address=Mz 11 Casa 1, email=fvilla.82@hotmail.com, phone=3124335093, year=1982, month=April, day=12, password1=Poiuytre155**, password2=Poiuytre155**} [Given Fernando wants to create users on the demo page [Fernando open up [Fernando opens the Open demo page]], When Entering the register tab of the automation demo site
| firstname | lastname | address | email | phone | year | month | day | password1 | password2 |
| Fernando | Villa Alvarez | Mz 11 Casa 1 | fvilla.82@hotmail.com | 3124335093 | 1982 | April | 12 | Poiuytre155** | Poiuytre155** | [Fernando register demo [Fernando clicks on enter first name, Fernando enters 'Fernando' into enter first name, Fernando enters 'Villa Alvarez' into enter last name, Fernando enters 'Mz 11 Casa 1' into enter address, Fernando enters 'fvilla.82@hotmail.com' into Input Email, Fernando enters '3124335093' into Input phone, Fernando clicks on Indicate Gender, Fernando clicks on Indicate hobbies, Fernando clicks on click language, Fernando clicks on click language, Fernando clicks on click language 2, Fernando clicks on click language 3 , Fernando clicks on indicate skills, Fernando clicks on indicate COUNTRY, Fernando clicks on indicate SELECT COUNTRY, Fernando select 1982 on select year, Fernando select April on select the month, Fernando select 12 on select day, Fernando enters 'Poiuytre155**' into write password to create, Fernando enters 'Poiuytre155**' into write password to confirm, Fernando clicks on click button submit, Fernando clicks on Register data user]], Then correctly Register your data [Then answer]], Example: {firstname=Lina, lastname=Holguin, address=Mz 11 Casa 1, email=linahm.25@hotmail.com, phone=3197123582, year=1985, month=April, day=23, password1=Poiuytre156**, password2=Poiuytre156**} [Given Fernando wants to create users on the demo page [Fernando open up [Fernando opens the Open demo page]], When Entering the register tab of the automation demo site
| firstname | lastname | address | email | phone | year | month | day | password1 | password2 |
| Lina | Holguin | Mz 11 Casa 1 | linahm.25@hotmail.com | 3197123582 | 1985 | April | 23 | Poiuytre156** | Poiuytre156** | [Fernando register demo [Fernando clicks on enter first name, Fernando enters 'Lina' into enter first name, Fernando enters 'Holguin' into enter last name, Fernando enters 'Mz 11 Casa 1' into enter address, Fernando enters 'linahm.25@hotmail.com' into Input Email, Fernando enters '3197123582' into Input phone, Fernando clicks on Indicate Gender, Fernando clicks on Indicate hobbies, Fernando clicks on click language, Fernando clicks on click language, Fernando clicks on click language 2, Fernando clicks on click language 3 , Fernando clicks on indicate skills, Fernando clicks on indicate COUNTRY, Fernando clicks on indicate SELECT COUNTRY, Fernando select 1985 on select year, Fernando select April on select the month, Fernando select 23 on select day, Fernando enters 'Poiuytre156**' into write password to create, Fernando enters 'Poiuytre156**' into write password to confirm, Fernando clicks on click button submit, Fernando clicks on Register data user]], Then correctly Register your data [Then answer]]]
[Test worker] WARN net.thucydides.core.steps.BaseStepListener - Final testOutcomes: [perform user registration by entering the following:Example: {firstname=Fernando, lastname=Villa Alvarez, address=Mz 11 Casa 1, email=fvilla.82@hotmail.com, phone=3124335093, year=1982, month=April, day=12, password1=Poiuytre155**, password2=Poiuytre155**} [Given Fernando wants to create users on the demo page [Fernando open up [Fernando opens the Open demo page]], When Entering the register tab of the automation demo site
| firstname | lastname | address | email | phone | year | month | day | password1 | password2 |
| Fernando | Villa Alvarez | Mz 11 Casa 1 | fvilla.82@hotmail.com | 3124335093 | 1982 | April | 12 | Poiuytre155** | Poiuytre155** | [Fernando register demo [Fernando clicks on enter first name, Fernando enters 'Fernando' into enter first name, Fernando enters 'Villa Alvarez' into enter last name, Fernando enters 'Mz 11 Casa 1' into enter address, Fernando enters 'fvilla.82@hotmail.com' into Input Email, Fernando enters '3124335093' into Input phone, Fernando clicks on Indicate Gender, Fernando clicks on Indicate hobbies, Fernando clicks on click language, Fernando clicks on click language, Fernando clicks on click language 2, Fernando clicks on click language 3 , Fernando clicks on indicate skills, Fernando clicks on indicate COUNTRY, Fernando clicks on indicate SELECT COUNTRY, Fernando select 1982 on select year, Fernando select April on select the month, Fernando select 12 on select day, Fernando enters 'Poiuytre155**' into write password to create, Fernando enters 'Poiuytre155**' into write password to confirm, Fernando clicks on click button submit, Fernando clicks on Register data user]], Then correctly Register your data [Then answer]], Example: {firstname=Lina, lastname=Holguin, address=Mz 11 Casa 1, email=linahm.25@hotmail.com, phone=3197123582, year=1985, month=April, day=23, password1=Poiuytre156**, password2=Poiuytre156**} [Given Fernando wants to create users on the demo page [Fernando open up [Fernando opens the Open demo page]], When Entering the register tab of the automation demo site
| firstname | lastname | address | email | phone | year | month | day | password1 | password2 |
| Lina | Holguin | Mz 11 Casa 1 | linahm.25@hotmail.com | 3197123582 | 1985 | April | 23 | Poiuytre156** | Poiuytre156** | [Fernando register demo [Fernando clicks on enter first name, Fernando enters 'Lina' into enter first name, Fernando enters 'Holguin' into enter last name, Fernando enters 'Mz 11 Casa 1' into enter address, Fernando enters 'linahm.25@hotmail.com' into Input Email, Fernando enters '3197123582' into Input phone, Fernando clicks on Indicate Gender, Fernando clicks on Indicate hobbies, Fernando clicks on click language, Fernando clicks on click language, Fernando clicks on click language 2, Fernando clicks on click language 3 , Fernando clicks on indicate skills, Fernando clicks on indicate COUNTRY, Fernando clicks on indicate SELECT COUNTRY, Fernando select 1985 on select year, Fernando select April on select the month, Fernando select 23 on select day, Fernando enters 'Poiuytre156**' into write password to create, Fernando enters 'Poiuytre156**' into write password to confirm, Fernando clicks on click button submit, Fernando clicks on Register data user]], Then correctly Register your data [Then answer]]]
[Test worker] INFO net.thucydides.core.steps.ConsoleLoggingListener - 
        __    _____ _____ ____ _____   ____   _    ____  ____  _____ ____  
  _     \ \  |_   _| ____/ ___|_   _| |  _ \ / \  / ___|/ ___|| ____|  _ \ 
 (_)_____| |   | | |  _| \___ \ | |   | |_) / _ \ \___ \\___ \|  _| | | | |
  _|_____| |   | | | |___ ___) || |   |  __/ ___ \ ___) |___) | |___| |_| |
 (_)     | |   |_| |_____|____/ |_|   |_| /_/   \_\____/|____/|_____|____/ 
        /_/                                                                

TEST PASSED: perform user registration by entering the following
----------------------------------------------------------------------------
]]></system-err>
</testsuite>
