<?xml version="1.0" encoding="UTF-8"?>
<testsuite name="retoDemo" tests="1" skipped="0" failures="1" errors="0" timestamp="2022-04-27T21:33:04" hostname="DESKTOP-1EP5HQ0" time="24.61">
  <properties/>
  <testcase name="perform user registration by entering the following" classname="retoDemo" time="24.61">
    <failure message="java.lang.AssertionError: Expected answer&#10;Expected: is &lt;true&gt;&#10;     but: was &lt;false&gt;" type="java.lang.AssertionError">java.lang.AssertionError: Expected answer
Expected: is &lt;true&gt;
     but: was &lt;false&gt;
	at net.serenitybdd.screenplay.ErrorTally.throwSummaryExceptionFrom(ErrorTally.java:36)
	at net.serenitybdd.screenplay.ErrorTally.reportAnyErrors(ErrorTally.java:30)
	at net.serenitybdd.screenplay.Actor.should(Actor.java:301)
	at co.com.choucair.certification.retodemo.stepdefinitions.demoStepdefinitions.correctlyRegisterYourData(demoStepdefinitions.java:35)
	at ✽.correctly register your data(src/test/resources/features/demo.feature:11)
</failure>
  </testcase>
  <system-out><![CDATA[]]></system-out>
  <system-err><![CDATA[[Test worker] WARN net.thucydides.core.steps.BaseStepListener - stepStarted: net.thucydides.core.steps.ExecutedStepDescription@643c610f
[Test worker] WARN net.thucydides.core.steps.BaseStepListener - stepStarted: net.thucydides.core.steps.ExecutedStepDescription@1c25787e
[Test worker] WARN net.thucydides.core.steps.BaseStepListener - stepStarted: net.thucydides.core.steps.ExecutedStepDescription@367ce975
abr 27, 2022 4:33:05 PM org.openqa.selenium.remote.DesiredCapabilities chrome
INFORMACIÓN: Using `new ChromeOptions()` is preferred to `DesiredCapabilities.chrome()`
[Test worker] INFO net.serenitybdd.core.webdriver.driverproviders.ProvideNewDriver - Instantiating driver
[Test worker] INFO net.serenitybdd.core.webdriver.driverproviders.ProvideNewDriver - Driver capabilities: Capabilities {acceptInsecureCerts: false, browserName: chrome, chrome.switches: --start-maximized, goog:chromeOptions: {args: [--start-maximized], extensions: []}, loggingPrefs: org.openqa.selenium.logging..., platform: ANY, version: }
Starting ChromeDriver 100.0.4896.60 (6a5d10861ce8de5fce22564658033b43cb7de047-refs/branch-heads/4896@{#875}) on port 22046
Only local connections are allowed.
Please see https://chromedriver.chromium.org/security-considerations for suggestions on keeping ChromeDriver safe.
ChromeDriver was started successfully.
abr 27, 2022 4:33:10 PM org.openqa.selenium.remote.ProtocolHandshake createSession
INFORMACIÓN: Detected dialect: W3C
[Test worker] WARN net.thucydides.core.steps.BaseStepListener - stepFinished: current outcome:perform user registration by entering the following:Given Fernando wants to create users on the demo page [Fernando open up [Fernando opens the Open demo page]]
[Test worker] WARN net.thucydides.core.steps.BaseStepListener - stepFinished: current outcome:perform user registration by entering the following:Given Fernando wants to create users on the demo page [Fernando open up [Fernando opens the Open demo page]]
[Test worker] WARN net.thucydides.core.steps.BaseStepListener - stepFinished: current outcome:perform user registration by entering the following:Given Fernando wants to create users on the demo page [Fernando open up [Fernando opens the Open demo page]]
[Test worker] WARN net.thucydides.core.steps.BaseStepListener - stepStarted: net.thucydides.core.steps.ExecutedStepDescription@5cabf4db
[Test worker] WARN net.thucydides.core.steps.BaseStepListener - stepStarted: net.thucydides.core.steps.ExecutedStepDescription@1449d503
[Test worker] WARN net.thucydides.core.steps.BaseStepListener - stepStarted: net.thucydides.core.steps.ExecutedStepDescription@2a2b77a
[Test worker] WARN net.thucydides.core.steps.BaseStepListener - stepFinished: current outcome:perform user registration by entering the following:Given Fernando wants to create users on the demo page [Fernando open up [Fernando opens the Open demo page]], When Entering the registration tab of the page http://demo.automationtesting.in/Register.html [Fernando register demo [Fernando clicks on enter first name]]
[Test worker] WARN net.thucydides.core.steps.BaseStepListener - stepStarted: net.thucydides.core.steps.ExecutedStepDescription@11e12206
[Test worker] WARN net.thucydides.core.steps.BaseStepListener - stepFinished: current outcome:perform user registration by entering the following:Given Fernando wants to create users on the demo page [Fernando open up [Fernando opens the Open demo page]], When Entering the registration tab of the page http://demo.automationtesting.in/Register.html [Fernando register demo [Fernando clicks on enter first name, Fernando enters 'Fernando' into enter first name]]
[Test worker] WARN net.thucydides.core.steps.BaseStepListener - stepStarted: net.thucydides.core.steps.ExecutedStepDescription@3e22372c
[Test worker] WARN net.thucydides.core.steps.BaseStepListener - stepFinished: current outcome:perform user registration by entering the following:Given Fernando wants to create users on the demo page [Fernando open up [Fernando opens the Open demo page]], When Entering the registration tab of the page http://demo.automationtesting.in/Register.html [Fernando register demo [Fernando clicks on enter first name, Fernando enters 'Fernando' into enter first name, Fernando enters 'Villa Alvarez' into enter last name]]
[Test worker] WARN net.thucydides.core.steps.BaseStepListener - stepStarted: net.thucydides.core.steps.ExecutedStepDescription@5b9e95c1
[Test worker] WARN net.thucydides.core.steps.BaseStepListener - stepFinished: current outcome:perform user registration by entering the following:Given Fernando wants to create users on the demo page [Fernando open up [Fernando opens the Open demo page]], When Entering the registration tab of the page http://demo.automationtesting.in/Register.html [Fernando register demo [Fernando clicks on enter first name, Fernando enters 'Fernando' into enter first name, Fernando enters 'Villa Alvarez' into enter last name, Fernando enters 'Mz 11 Casa 1 Las Brisas-Pereira' into enter address]]
[Test worker] WARN net.thucydides.core.steps.BaseStepListener - stepStarted: net.thucydides.core.steps.ExecutedStepDescription@1e62b27f
[Test worker] WARN net.thucydides.core.steps.BaseStepListener - stepFinished: current outcome:perform user registration by entering the following:Given Fernando wants to create users on the demo page [Fernando open up [Fernando opens the Open demo page]], When Entering the registration tab of the page http://demo.automationtesting.in/Register.html [Fernando register demo [Fernando clicks on enter first name, Fernando enters 'Fernando' into enter first name, Fernando enters 'Villa Alvarez' into enter last name, Fernando enters 'Mz 11 Casa 1 Las Brisas-Pereira' into enter address, Fernando enters 'fvilla.82@hotmail.com' into Input Email]]
[Test worker] WARN net.thucydides.core.steps.BaseStepListener - stepStarted: net.thucydides.core.steps.ExecutedStepDescription@3c2e8d25
[Test worker] WARN net.thucydides.core.steps.BaseStepListener - stepFinished: current outcome:perform user registration by entering the following:Given Fernando wants to create users on the demo page [Fernando open up [Fernando opens the Open demo page]], When Entering the registration tab of the page http://demo.automationtesting.in/Register.html [Fernando register demo [Fernando clicks on enter first name, Fernando enters 'Fernando' into enter first name, Fernando enters 'Villa Alvarez' into enter last name, Fernando enters 'Mz 11 Casa 1 Las Brisas-Pereira' into enter address, Fernando enters 'fvilla.82@hotmail.com' into Input Email, Fernando enters '3124335093' into Input phone]]
[Test worker] WARN net.thucydides.core.steps.BaseStepListener - stepStarted: net.thucydides.core.steps.ExecutedStepDescription@39603a55
[Test worker] WARN net.thucydides.core.steps.BaseStepListener - stepFinished: current outcome:perform user registration by entering the following:Given Fernando wants to create users on the demo page [Fernando open up [Fernando opens the Open demo page]], When Entering the registration tab of the page http://demo.automationtesting.in/Register.html [Fernando register demo [Fernando clicks on enter first name, Fernando enters 'Fernando' into enter first name, Fernando enters 'Villa Alvarez' into enter last name, Fernando enters 'Mz 11 Casa 1 Las Brisas-Pereira' into enter address, Fernando enters 'fvilla.82@hotmail.com' into Input Email, Fernando enters '3124335093' into Input phone, Fernando clicks on Indicate Gender]]
[Test worker] WARN net.thucydides.core.steps.BaseStepListener - stepStarted: net.thucydides.core.steps.ExecutedStepDescription@4f06f882
[Test worker] WARN net.thucydides.core.steps.BaseStepListener - stepFinished: current outcome:perform user registration by entering the following:Given Fernando wants to create users on the demo page [Fernando open up [Fernando opens the Open demo page]], When Entering the registration tab of the page http://demo.automationtesting.in/Register.html [Fernando register demo [Fernando clicks on enter first name, Fernando enters 'Fernando' into enter first name, Fernando enters 'Villa Alvarez' into enter last name, Fernando enters 'Mz 11 Casa 1 Las Brisas-Pereira' into enter address, Fernando enters 'fvilla.82@hotmail.com' into Input Email, Fernando enters '3124335093' into Input phone, Fernando clicks on Indicate Gender, Fernando clicks on Indicate hobbies]]
[Test worker] WARN net.thucydides.core.steps.BaseStepListener - stepStarted: net.thucydides.core.steps.ExecutedStepDescription@13b6baee
[Test worker] WARN net.thucydides.core.steps.BaseStepListener - stepFinished: current outcome:perform user registration by entering the following:Given Fernando wants to create users on the demo page [Fernando open up [Fernando opens the Open demo page]], When Entering the registration tab of the page http://demo.automationtesting.in/Register.html [Fernando register demo [Fernando clicks on enter first name, Fernando enters 'Fernando' into enter first name, Fernando enters 'Villa Alvarez' into enter last name, Fernando enters 'Mz 11 Casa 1 Las Brisas-Pereira' into enter address, Fernando enters 'fvilla.82@hotmail.com' into Input Email, Fernando enters '3124335093' into Input phone, Fernando clicks on Indicate Gender, Fernando clicks on Indicate hobbies, Fernando clicks on click language]]
[Test worker] WARN net.thucydides.core.steps.BaseStepListener - stepStarted: net.thucydides.core.steps.ExecutedStepDescription@5b7f6db2
[Test worker] WARN net.thucydides.core.steps.BaseStepListener - stepFinished: current outcome:perform user registration by entering the following:Given Fernando wants to create users on the demo page [Fernando open up [Fernando opens the Open demo page]], When Entering the registration tab of the page http://demo.automationtesting.in/Register.html [Fernando register demo [Fernando clicks on enter first name, Fernando enters 'Fernando' into enter first name, Fernando enters 'Villa Alvarez' into enter last name, Fernando enters 'Mz 11 Casa 1 Las Brisas-Pereira' into enter address, Fernando enters 'fvilla.82@hotmail.com' into Input Email, Fernando enters '3124335093' into Input phone, Fernando clicks on Indicate Gender, Fernando clicks on Indicate hobbies, Fernando clicks on click language, Fernando clicks on click language]]
[Test worker] WARN net.thucydides.core.steps.BaseStepListener - stepStarted: net.thucydides.core.steps.ExecutedStepDescription@6cad919a
[Test worker] WARN net.thucydides.core.steps.BaseStepListener - stepFinished: current outcome:perform user registration by entering the following:Given Fernando wants to create users on the demo page [Fernando open up [Fernando opens the Open demo page]], When Entering the registration tab of the page http://demo.automationtesting.in/Register.html [Fernando register demo [Fernando clicks on enter first name, Fernando enters 'Fernando' into enter first name, Fernando enters 'Villa Alvarez' into enter last name, Fernando enters 'Mz 11 Casa 1 Las Brisas-Pereira' into enter address, Fernando enters 'fvilla.82@hotmail.com' into Input Email, Fernando enters '3124335093' into Input phone, Fernando clicks on Indicate Gender, Fernando clicks on Indicate hobbies, Fernando clicks on click language, Fernando clicks on click language, Fernando clicks on click language 2]]
[Test worker] WARN net.thucydides.core.steps.BaseStepListener - stepStarted: net.thucydides.core.steps.ExecutedStepDescription@30bf33f7
[Test worker] WARN net.thucydides.core.steps.BaseStepListener - stepFinished: current outcome:perform user registration by entering the following:Given Fernando wants to create users on the demo page [Fernando open up [Fernando opens the Open demo page]], When Entering the registration tab of the page http://demo.automationtesting.in/Register.html [Fernando register demo [Fernando clicks on enter first name, Fernando enters 'Fernando' into enter first name, Fernando enters 'Villa Alvarez' into enter last name, Fernando enters 'Mz 11 Casa 1 Las Brisas-Pereira' into enter address, Fernando enters 'fvilla.82@hotmail.com' into Input Email, Fernando enters '3124335093' into Input phone, Fernando clicks on Indicate Gender, Fernando clicks on Indicate hobbies, Fernando clicks on click language, Fernando clicks on click language, Fernando clicks on click language 2, Fernando clicks on click language 3 ]]
[Test worker] WARN net.thucydides.core.steps.BaseStepListener - stepStarted: net.thucydides.core.steps.ExecutedStepDescription@223f665
[Test worker] WARN net.thucydides.core.steps.BaseStepListener - stepFinished: current outcome:perform user registration by entering the following:Given Fernando wants to create users on the demo page [Fernando open up [Fernando opens the Open demo page]], When Entering the registration tab of the page http://demo.automationtesting.in/Register.html [Fernando register demo [Fernando clicks on enter first name, Fernando enters 'Fernando' into enter first name, Fernando enters 'Villa Alvarez' into enter last name, Fernando enters 'Mz 11 Casa 1 Las Brisas-Pereira' into enter address, Fernando enters 'fvilla.82@hotmail.com' into Input Email, Fernando enters '3124335093' into Input phone, Fernando clicks on Indicate Gender, Fernando clicks on Indicate hobbies, Fernando clicks on click language, Fernando clicks on click language, Fernando clicks on click language 2, Fernando clicks on click language 3 , Fernando clicks on indicate skills]]
[Test worker] WARN net.thucydides.core.steps.BaseStepListener - stepStarted: net.thucydides.core.steps.ExecutedStepDescription@d306953
[Test worker] WARN net.thucydides.core.steps.BaseStepListener - stepFinished: current outcome:perform user registration by entering the following:Given Fernando wants to create users on the demo page [Fernando open up [Fernando opens the Open demo page]], When Entering the registration tab of the page http://demo.automationtesting.in/Register.html [Fernando register demo [Fernando clicks on enter first name, Fernando enters 'Fernando' into enter first name, Fernando enters 'Villa Alvarez' into enter last name, Fernando enters 'Mz 11 Casa 1 Las Brisas-Pereira' into enter address, Fernando enters 'fvilla.82@hotmail.com' into Input Email, Fernando enters '3124335093' into Input phone, Fernando clicks on Indicate Gender, Fernando clicks on Indicate hobbies, Fernando clicks on click language, Fernando clicks on click language, Fernando clicks on click language 2, Fernando clicks on click language 3 , Fernando clicks on indicate skills, Fernando clicks on indicate COUNTRY]]
[Test worker] WARN net.thucydides.core.steps.BaseStepListener - stepStarted: net.thucydides.core.steps.ExecutedStepDescription@28b095f
[Test worker] WARN net.thucydides.core.steps.BaseStepListener - stepFinished: current outcome:perform user registration by entering the following:Given Fernando wants to create users on the demo page [Fernando open up [Fernando opens the Open demo page]], When Entering the registration tab of the page http://demo.automationtesting.in/Register.html [Fernando register demo [Fernando clicks on enter first name, Fernando enters 'Fernando' into enter first name, Fernando enters 'Villa Alvarez' into enter last name, Fernando enters 'Mz 11 Casa 1 Las Brisas-Pereira' into enter address, Fernando enters 'fvilla.82@hotmail.com' into Input Email, Fernando enters '3124335093' into Input phone, Fernando clicks on Indicate Gender, Fernando clicks on Indicate hobbies, Fernando clicks on click language, Fernando clicks on click language, Fernando clicks on click language 2, Fernando clicks on click language 3 , Fernando clicks on indicate skills, Fernando clicks on indicate COUNTRY, Fernando clicks on indicate SELECT COUNTRY]]
[Test worker] WARN net.thucydides.core.steps.BaseStepListener - stepStarted: net.thucydides.core.steps.ExecutedStepDescription@23b884db
[Test worker] WARN net.thucydides.core.steps.BaseStepListener - stepFinished: current outcome:perform user registration by entering the following:Given Fernando wants to create users on the demo page [Fernando open up [Fernando opens the Open demo page]], When Entering the registration tab of the page http://demo.automationtesting.in/Register.html [Fernando register demo [Fernando clicks on enter first name, Fernando enters 'Fernando' into enter first name, Fernando enters 'Villa Alvarez' into enter last name, Fernando enters 'Mz 11 Casa 1 Las Brisas-Pereira' into enter address, Fernando enters 'fvilla.82@hotmail.com' into Input Email, Fernando enters '3124335093' into Input phone, Fernando clicks on Indicate Gender, Fernando clicks on Indicate hobbies, Fernando clicks on click language, Fernando clicks on click language, Fernando clicks on click language 2, Fernando clicks on click language 3 , Fernando clicks on indicate skills, Fernando clicks on indicate COUNTRY, Fernando clicks on indicate SELECT COUNTRY, Fernando select 1982 on select year]]
[Test worker] WARN net.thucydides.core.steps.BaseStepListener - stepStarted: net.thucydides.core.steps.ExecutedStepDescription@45527206
[Test worker] WARN net.thucydides.core.steps.BaseStepListener - stepFinished: current outcome:perform user registration by entering the following:Given Fernando wants to create users on the demo page [Fernando open up [Fernando opens the Open demo page]], When Entering the registration tab of the page http://demo.automationtesting.in/Register.html [Fernando register demo [Fernando clicks on enter first name, Fernando enters 'Fernando' into enter first name, Fernando enters 'Villa Alvarez' into enter last name, Fernando enters 'Mz 11 Casa 1 Las Brisas-Pereira' into enter address, Fernando enters 'fvilla.82@hotmail.com' into Input Email, Fernando enters '3124335093' into Input phone, Fernando clicks on Indicate Gender, Fernando clicks on Indicate hobbies, Fernando clicks on click language, Fernando clicks on click language, Fernando clicks on click language 2, Fernando clicks on click language 3 , Fernando clicks on indicate skills, Fernando clicks on indicate COUNTRY, Fernando clicks on indicate SELECT COUNTRY, Fernando select 1982 on select year, Fernando select October on select the month]]
[Test worker] WARN net.thucydides.core.steps.BaseStepListener - stepStarted: net.thucydides.core.steps.ExecutedStepDescription@8b164e3
[Test worker] WARN net.thucydides.core.steps.BaseStepListener - stepFinished: current outcome:perform user registration by entering the following:Given Fernando wants to create users on the demo page [Fernando open up [Fernando opens the Open demo page]], When Entering the registration tab of the page http://demo.automationtesting.in/Register.html [Fernando register demo [Fernando clicks on enter first name, Fernando enters 'Fernando' into enter first name, Fernando enters 'Villa Alvarez' into enter last name, Fernando enters 'Mz 11 Casa 1 Las Brisas-Pereira' into enter address, Fernando enters 'fvilla.82@hotmail.com' into Input Email, Fernando enters '3124335093' into Input phone, Fernando clicks on Indicate Gender, Fernando clicks on Indicate hobbies, Fernando clicks on click language, Fernando clicks on click language, Fernando clicks on click language 2, Fernando clicks on click language 3 , Fernando clicks on indicate skills, Fernando clicks on indicate COUNTRY, Fernando clicks on indicate SELECT COUNTRY, Fernando select 1982 on select year, Fernando select October on select the month, Fernando select 12 on select day]]
[Test worker] WARN net.thucydides.core.steps.BaseStepListener - stepStarted: net.thucydides.core.steps.ExecutedStepDescription@48e58ce2
[Test worker] WARN net.thucydides.core.steps.BaseStepListener - stepFinished: current outcome:perform user registration by entering the following:Given Fernando wants to create users on the demo page [Fernando open up [Fernando opens the Open demo page]], When Entering the registration tab of the page http://demo.automationtesting.in/Register.html [Fernando register demo [Fernando clicks on enter first name, Fernando enters 'Fernando' into enter first name, Fernando enters 'Villa Alvarez' into enter last name, Fernando enters 'Mz 11 Casa 1 Las Brisas-Pereira' into enter address, Fernando enters 'fvilla.82@hotmail.com' into Input Email, Fernando enters '3124335093' into Input phone, Fernando clicks on Indicate Gender, Fernando clicks on Indicate hobbies, Fernando clicks on click language, Fernando clicks on click language, Fernando clicks on click language 2, Fernando clicks on click language 3 , Fernando clicks on indicate skills, Fernando clicks on indicate COUNTRY, Fernando clicks on indicate SELECT COUNTRY, Fernando select 1982 on select year, Fernando select October on select the month, Fernando select 12 on select day, Fernando enters 'Poiuytre155**' into write password to create]]
[Test worker] WARN net.thucydides.core.steps.BaseStepListener - stepStarted: net.thucydides.core.steps.ExecutedStepDescription@1d97614c
[Test worker] WARN net.thucydides.core.steps.BaseStepListener - stepFinished: current outcome:perform user registration by entering the following:Given Fernando wants to create users on the demo page [Fernando open up [Fernando opens the Open demo page]], When Entering the registration tab of the page http://demo.automationtesting.in/Register.html [Fernando register demo [Fernando clicks on enter first name, Fernando enters 'Fernando' into enter first name, Fernando enters 'Villa Alvarez' into enter last name, Fernando enters 'Mz 11 Casa 1 Las Brisas-Pereira' into enter address, Fernando enters 'fvilla.82@hotmail.com' into Input Email, Fernando enters '3124335093' into Input phone, Fernando clicks on Indicate Gender, Fernando clicks on Indicate hobbies, Fernando clicks on click language, Fernando clicks on click language, Fernando clicks on click language 2, Fernando clicks on click language 3 , Fernando clicks on indicate skills, Fernando clicks on indicate COUNTRY, Fernando clicks on indicate SELECT COUNTRY, Fernando select 1982 on select year, Fernando select October on select the month, Fernando select 12 on select day, Fernando enters 'Poiuytre155**' into write password to create, Fernando enters 'Poiuytre155**' into write password to confirm]]
[Test worker] WARN net.thucydides.core.steps.BaseStepListener - stepStarted: net.thucydides.core.steps.ExecutedStepDescription@18da92a5
[Test worker] WARN net.thucydides.core.steps.BaseStepListener - stepFinished: current outcome:perform user registration by entering the following:Given Fernando wants to create users on the demo page [Fernando open up [Fernando opens the Open demo page]], When Entering the registration tab of the page http://demo.automationtesting.in/Register.html [Fernando register demo [Fernando clicks on enter first name, Fernando enters 'Fernando' into enter first name, Fernando enters 'Villa Alvarez' into enter last name, Fernando enters 'Mz 11 Casa 1 Las Brisas-Pereira' into enter address, Fernando enters 'fvilla.82@hotmail.com' into Input Email, Fernando enters '3124335093' into Input phone, Fernando clicks on Indicate Gender, Fernando clicks on Indicate hobbies, Fernando clicks on click language, Fernando clicks on click language, Fernando clicks on click language 2, Fernando clicks on click language 3 , Fernando clicks on indicate skills, Fernando clicks on indicate COUNTRY, Fernando clicks on indicate SELECT COUNTRY, Fernando select 1982 on select year, Fernando select October on select the month, Fernando select 12 on select day, Fernando enters 'Poiuytre155**' into write password to create, Fernando enters 'Poiuytre155**' into write password to confirm, Fernando clicks on click button submit]]
[Test worker] WARN net.thucydides.core.steps.BaseStepListener - stepStarted: net.thucydides.core.steps.ExecutedStepDescription@1f1f9112
[Test worker] WARN net.thucydides.core.steps.BaseStepListener - stepFinished: current outcome:perform user registration by entering the following:Given Fernando wants to create users on the demo page [Fernando open up [Fernando opens the Open demo page]], When Entering the registration tab of the page http://demo.automationtesting.in/Register.html [Fernando register demo [Fernando clicks on enter first name, Fernando enters 'Fernando' into enter first name, Fernando enters 'Villa Alvarez' into enter last name, Fernando enters 'Mz 11 Casa 1 Las Brisas-Pereira' into enter address, Fernando enters 'fvilla.82@hotmail.com' into Input Email, Fernando enters '3124335093' into Input phone, Fernando clicks on Indicate Gender, Fernando clicks on Indicate hobbies, Fernando clicks on click language, Fernando clicks on click language, Fernando clicks on click language 2, Fernando clicks on click language 3 , Fernando clicks on indicate skills, Fernando clicks on indicate COUNTRY, Fernando clicks on indicate SELECT COUNTRY, Fernando select 1982 on select year, Fernando select October on select the month, Fernando select 12 on select day, Fernando enters 'Poiuytre155**' into write password to create, Fernando enters 'Poiuytre155**' into write password to confirm, Fernando clicks on click button submit, Fernando clicks on Register data user]]
[Test worker] WARN net.thucydides.core.steps.BaseStepListener - stepFinished: current outcome:perform user registration by entering the following:Given Fernando wants to create users on the demo page [Fernando open up [Fernando opens the Open demo page]], When Entering the registration tab of the page http://demo.automationtesting.in/Register.html [Fernando register demo [Fernando clicks on enter first name, Fernando enters 'Fernando' into enter first name, Fernando enters 'Villa Alvarez' into enter last name, Fernando enters 'Mz 11 Casa 1 Las Brisas-Pereira' into enter address, Fernando enters 'fvilla.82@hotmail.com' into Input Email, Fernando enters '3124335093' into Input phone, Fernando clicks on Indicate Gender, Fernando clicks on Indicate hobbies, Fernando clicks on click language, Fernando clicks on click language, Fernando clicks on click language 2, Fernando clicks on click language 3 , Fernando clicks on indicate skills, Fernando clicks on indicate COUNTRY, Fernando clicks on indicate SELECT COUNTRY, Fernando select 1982 on select year, Fernando select October on select the month, Fernando select 12 on select day, Fernando enters 'Poiuytre155**' into write password to create, Fernando enters 'Poiuytre155**' into write password to confirm, Fernando clicks on click button submit, Fernando clicks on Register data user]]
[Test worker] WARN net.thucydides.core.steps.BaseStepListener - stepFinished: current outcome:perform user registration by entering the following:Given Fernando wants to create users on the demo page [Fernando open up [Fernando opens the Open demo page]], When Entering the registration tab of the page http://demo.automationtesting.in/Register.html [Fernando register demo [Fernando clicks on enter first name, Fernando enters 'Fernando' into enter first name, Fernando enters 'Villa Alvarez' into enter last name, Fernando enters 'Mz 11 Casa 1 Las Brisas-Pereira' into enter address, Fernando enters 'fvilla.82@hotmail.com' into Input Email, Fernando enters '3124335093' into Input phone, Fernando clicks on Indicate Gender, Fernando clicks on Indicate hobbies, Fernando clicks on click language, Fernando clicks on click language, Fernando clicks on click language 2, Fernando clicks on click language 3 , Fernando clicks on indicate skills, Fernando clicks on indicate COUNTRY, Fernando clicks on indicate SELECT COUNTRY, Fernando select 1982 on select year, Fernando select October on select the month, Fernando select 12 on select day, Fernando enters 'Poiuytre155**' into write password to create, Fernando enters 'Poiuytre155**' into write password to confirm, Fernando clicks on click button submit, Fernando clicks on Register data user]]
[Test worker] WARN net.thucydides.core.steps.BaseStepListener - stepStarted: net.thucydides.core.steps.ExecutedStepDescription@64c72b6f
[Test worker] WARN net.thucydides.core.steps.BaseStepListener - stepStarted: net.thucydides.core.steps.ExecutedStepDescription@2f23a3b2
[Test worker] WARN net.thucydides.core.steps.BaseStepListener - testFinished: perform user registration by entering the following:Given Fernando wants to create users on the demo page [Fernando open up [Fernando opens the Open demo page]], When Entering the registration tab of the page http://demo.automationtesting.in/Register.html [Fernando register demo [Fernando clicks on enter first name, Fernando enters 'Fernando' into enter first name, Fernando enters 'Villa Alvarez' into enter last name, Fernando enters 'Mz 11 Casa 1 Las Brisas-Pereira' into enter address, Fernando enters 'fvilla.82@hotmail.com' into Input Email, Fernando enters '3124335093' into Input phone, Fernando clicks on Indicate Gender, Fernando clicks on Indicate hobbies, Fernando clicks on click language, Fernando clicks on click language, Fernando clicks on click language 2, Fernando clicks on click language 3 , Fernando clicks on indicate skills, Fernando clicks on indicate COUNTRY, Fernando clicks on indicate SELECT COUNTRY, Fernando select 1982 on select year, Fernando select October on select the month, Fernando select 12 on select day, Fernando enters 'Poiuytre155**' into write password to create, Fernando enters 'Poiuytre155**' into write password to confirm, Fernando clicks on click button submit, Fernando clicks on Register data user]], Then correctly register your data [Then answer]
[Test worker] WARN net.thucydides.core.steps.BaseStepListener - TestOutcomes: [perform user registration by entering the following:Given Fernando wants to create users on the demo page [Fernando open up [Fernando opens the Open demo page]], When Entering the registration tab of the page http://demo.automationtesting.in/Register.html [Fernando register demo [Fernando clicks on enter first name, Fernando enters 'Fernando' into enter first name, Fernando enters 'Villa Alvarez' into enter last name, Fernando enters 'Mz 11 Casa 1 Las Brisas-Pereira' into enter address, Fernando enters 'fvilla.82@hotmail.com' into Input Email, Fernando enters '3124335093' into Input phone, Fernando clicks on Indicate Gender, Fernando clicks on Indicate hobbies, Fernando clicks on click language, Fernando clicks on click language, Fernando clicks on click language 2, Fernando clicks on click language 3 , Fernando clicks on indicate skills, Fernando clicks on indicate COUNTRY, Fernando clicks on indicate SELECT COUNTRY, Fernando select 1982 on select year, Fernando select October on select the month, Fernando select 12 on select day, Fernando enters 'Poiuytre155**' into write password to create, Fernando enters 'Poiuytre155**' into write password to confirm, Fernando clicks on click button submit, Fernando clicks on Register data user]], Then correctly register your data [Then answer]]
[Test worker] WARN net.thucydides.core.steps.BaseStepListener - Final testOutcomes: [perform user registration by entering the following:Given Fernando wants to create users on the demo page [Fernando open up [Fernando opens the Open demo page]], When Entering the registration tab of the page http://demo.automationtesting.in/Register.html [Fernando register demo [Fernando clicks on enter first name, Fernando enters 'Fernando' into enter first name, Fernando enters 'Villa Alvarez' into enter last name, Fernando enters 'Mz 11 Casa 1 Las Brisas-Pereira' into enter address, Fernando enters 'fvilla.82@hotmail.com' into Input Email, Fernando enters '3124335093' into Input phone, Fernando clicks on Indicate Gender, Fernando clicks on Indicate hobbies, Fernando clicks on click language, Fernando clicks on click language, Fernando clicks on click language 2, Fernando clicks on click language 3 , Fernando clicks on indicate skills, Fernando clicks on indicate COUNTRY, Fernando clicks on indicate SELECT COUNTRY, Fernando select 1982 on select year, Fernando select October on select the month, Fernando select 12 on select day, Fernando enters 'Poiuytre155**' into write password to create, Fernando enters 'Poiuytre155**' into write password to confirm, Fernando clicks on click button submit, Fernando clicks on Register data user]], Then correctly register your data [Then answer]]
[Test worker] ERROR net.thucydides.core.steps.ConsoleLoggingListener - 
           __  _____ _____ ____ _____   _____ _    ___ _     _____ ____  
  _       / / |_   _| ____/ ___|_   _| |  ___/ \  |_ _| |   | ____|  _ \ 
 (_)_____| |    | | |  _| \___ \ | |   | |_ / _ \  | || |   |  _| | | | |
  _|_____| |    | | | |___ ___) || |   |  _/ ___ \ | || |___| |___| |_| |
 (_)     | |    |_| |_____|____/ |_|   |_|/_/   \_\___|_____|_____|____/ 
          \_\                                                            

TEST FAILED: perform user registration by entering the following
--------------------------------------------------------------------------
[Test worker] ERROR net.thucydides.core.steps.ConsoleLoggingListener - TEST FAILED AT STEP Then answer
[Test worker] ERROR net.thucydides.core.steps.ConsoleLoggingListener - Expected answerExpected: is <true> but: was <false>
]]></system-err>
</testsuite>
