<?xml version="1.0" encoding="UTF-8"?>
<testsuite name="retoDemo" tests="1" skipped="0" failures="0" errors="0" timestamp="2022-04-27T04:26:04" hostname="DESKTOP-1EP5HQ0" time="26.441">
  <properties/>
  <testcase name="perform user registration by entering the following" classname="retoDemo" time="26.441"/>
  <system-out><![CDATA[]]></system-out>
  <system-err><![CDATA[[Test worker] WARN net.thucydides.core.steps.BaseStepListener - stepStarted: net.thucydides.core.steps.ExecutedStepDescription@53f1d487
[Test worker] WARN net.thucydides.core.steps.BaseStepListener - stepStarted: net.thucydides.core.steps.ExecutedStepDescription@58508f7
[Test worker] WARN net.thucydides.core.steps.BaseStepListener - stepStarted: net.thucydides.core.steps.ExecutedStepDescription@7a3779f7
abr 26, 2022 11:26:05 PM org.openqa.selenium.remote.DesiredCapabilities chrome
INFORMACIÓN: Using `new ChromeOptions()` is preferred to `DesiredCapabilities.chrome()`
[Test worker] INFO net.serenitybdd.core.webdriver.driverproviders.ProvideNewDriver - Instantiating driver
[Test worker] INFO net.serenitybdd.core.webdriver.driverproviders.ProvideNewDriver - Driver capabilities: Capabilities {acceptInsecureCerts: false, browserName: chrome, chrome.switches: --start-maximized, goog:chromeOptions: {args: [--start-maximized], extensions: []}, loggingPrefs: org.openqa.selenium.logging..., platform: ANY, version: }
Starting ChromeDriver 100.0.4896.60 (6a5d10861ce8de5fce22564658033b43cb7de047-refs/branch-heads/4896@{#875}) on port 36221
Only local connections are allowed.
Please see https://chromedriver.chromium.org/security-considerations for suggestions on keeping ChromeDriver safe.
ChromeDriver was started successfully.
abr 26, 2022 11:26:08 PM org.openqa.selenium.remote.ProtocolHandshake createSession
INFORMACIÓN: Detected dialect: W3C
[Test worker] WARN net.thucydides.core.steps.BaseStepListener - stepFinished: current outcome:perform user registration by entering the following:Given Fernando wants to create users on the demo page [Fernando open up [Fernando opens the Open demo page]]
[Test worker] WARN net.thucydides.core.steps.BaseStepListener - stepFinished: current outcome:perform user registration by entering the following:Given Fernando wants to create users on the demo page [Fernando open up [Fernando opens the Open demo page]]
[Test worker] WARN net.thucydides.core.steps.BaseStepListener - stepStarted: net.thucydides.core.steps.ExecutedStepDescription@19dbae8f
[Test worker] WARN net.thucydides.core.steps.BaseStepListener - stepStarted: net.thucydides.core.steps.ExecutedStepDescription@4ed4ee97
[Test worker] WARN net.thucydides.core.steps.BaseStepListener - stepFinished: current outcome:perform user registration by entering the following:Given Fernando wants to create users on the demo page [Fernando open up [Fernando opens the Open demo page], Fernando register demo [Fernando clicks on enter first name]]
[Test worker] WARN net.thucydides.core.steps.BaseStepListener - stepStarted: net.thucydides.core.steps.ExecutedStepDescription@5a5f9b40
[Test worker] WARN net.thucydides.core.steps.BaseStepListener - stepFinished: current outcome:perform user registration by entering the following:Given Fernando wants to create users on the demo page [Fernando open up [Fernando opens the Open demo page], Fernando register demo [Fernando clicks on enter first name, Fernando enters 'Fernando' into enter first name]]
[Test worker] WARN net.thucydides.core.steps.BaseStepListener - stepStarted: net.thucydides.core.steps.ExecutedStepDescription@5c2addd7
[Test worker] WARN net.thucydides.core.steps.BaseStepListener - stepFinished: current outcome:perform user registration by entering the following:Given Fernando wants to create users on the demo page [Fernando open up [Fernando opens the Open demo page], Fernando register demo [Fernando clicks on enter first name, Fernando enters 'Fernando' into enter first name, Fernando enters 'Villa Alvarez' into enter last name]]
[Test worker] WARN net.thucydides.core.steps.BaseStepListener - stepStarted: net.thucydides.core.steps.ExecutedStepDescription@26b5bcb3
[Test worker] WARN net.thucydides.core.steps.BaseStepListener - stepFinished: current outcome:perform user registration by entering the following:Given Fernando wants to create users on the demo page [Fernando open up [Fernando opens the Open demo page], Fernando register demo [Fernando clicks on enter first name, Fernando enters 'Fernando' into enter first name, Fernando enters 'Villa Alvarez' into enter last name, Fernando enters 'Mz 11 Casa 1 Las Brisas-Pereira' into enter address]]
[Test worker] WARN net.thucydides.core.steps.BaseStepListener - stepStarted: net.thucydides.core.steps.ExecutedStepDescription@776ea889
[Test worker] WARN net.thucydides.core.steps.BaseStepListener - stepFinished: current outcome:perform user registration by entering the following:Given Fernando wants to create users on the demo page [Fernando open up [Fernando opens the Open demo page], Fernando register demo [Fernando clicks on enter first name, Fernando enters 'Fernando' into enter first name, Fernando enters 'Villa Alvarez' into enter last name, Fernando enters 'Mz 11 Casa 1 Las Brisas-Pereira' into enter address, Fernando enters 'fvilla.82@hotmail.com' into Input Email]]
[Test worker] WARN net.thucydides.core.steps.BaseStepListener - stepStarted: net.thucydides.core.steps.ExecutedStepDescription@1c71fdcd
[Test worker] WARN net.thucydides.core.steps.BaseStepListener - stepFinished: current outcome:perform user registration by entering the following:Given Fernando wants to create users on the demo page [Fernando open up [Fernando opens the Open demo page], Fernando register demo [Fernando clicks on enter first name, Fernando enters 'Fernando' into enter first name, Fernando enters 'Villa Alvarez' into enter last name, Fernando enters 'Mz 11 Casa 1 Las Brisas-Pereira' into enter address, Fernando enters 'fvilla.82@hotmail.com' into Input Email, Fernando enters '3124335093' into Input phone]]
[Test worker] WARN net.thucydides.core.steps.BaseStepListener - stepStarted: net.thucydides.core.steps.ExecutedStepDescription@6fdd0e7c
[Test worker] WARN net.thucydides.core.steps.BaseStepListener - stepFinished: current outcome:perform user registration by entering the following:Given Fernando wants to create users on the demo page [Fernando open up [Fernando opens the Open demo page], Fernando register demo [Fernando clicks on enter first name, Fernando enters 'Fernando' into enter first name, Fernando enters 'Villa Alvarez' into enter last name, Fernando enters 'Mz 11 Casa 1 Las Brisas-Pereira' into enter address, Fernando enters 'fvilla.82@hotmail.com' into Input Email, Fernando enters '3124335093' into Input phone, Fernando clicks on Indicate Gender]]
[Test worker] WARN net.thucydides.core.steps.BaseStepListener - stepStarted: net.thucydides.core.steps.ExecutedStepDescription@1cd8d722
[Test worker] WARN net.thucydides.core.steps.BaseStepListener - stepFinished: current outcome:perform user registration by entering the following:Given Fernando wants to create users on the demo page [Fernando open up [Fernando opens the Open demo page], Fernando register demo [Fernando clicks on enter first name, Fernando enters 'Fernando' into enter first name, Fernando enters 'Villa Alvarez' into enter last name, Fernando enters 'Mz 11 Casa 1 Las Brisas-Pereira' into enter address, Fernando enters 'fvilla.82@hotmail.com' into Input Email, Fernando enters '3124335093' into Input phone, Fernando clicks on Indicate Gender, Fernando clicks on Indicate hobbies]]
[Test worker] WARN net.thucydides.core.steps.BaseStepListener - stepStarted: net.thucydides.core.steps.ExecutedStepDescription@15590236
[Test worker] WARN net.thucydides.core.steps.BaseStepListener - stepFinished: current outcome:perform user registration by entering the following:Given Fernando wants to create users on the demo page [Fernando open up [Fernando opens the Open demo page], Fernando register demo [Fernando clicks on enter first name, Fernando enters 'Fernando' into enter first name, Fernando enters 'Villa Alvarez' into enter last name, Fernando enters 'Mz 11 Casa 1 Las Brisas-Pereira' into enter address, Fernando enters 'fvilla.82@hotmail.com' into Input Email, Fernando enters '3124335093' into Input phone, Fernando clicks on Indicate Gender, Fernando clicks on Indicate hobbies, Fernando clicks on click language]]
[Test worker] WARN net.thucydides.core.steps.BaseStepListener - stepStarted: net.thucydides.core.steps.ExecutedStepDescription@6151826
[Test worker] WARN net.thucydides.core.steps.BaseStepListener - stepFinished: current outcome:perform user registration by entering the following:Given Fernando wants to create users on the demo page [Fernando open up [Fernando opens the Open demo page], Fernando register demo [Fernando clicks on enter first name, Fernando enters 'Fernando' into enter first name, Fernando enters 'Villa Alvarez' into enter last name, Fernando enters 'Mz 11 Casa 1 Las Brisas-Pereira' into enter address, Fernando enters 'fvilla.82@hotmail.com' into Input Email, Fernando enters '3124335093' into Input phone, Fernando clicks on Indicate Gender, Fernando clicks on Indicate hobbies, Fernando clicks on click language, Fernando clicks on click language]]
[Test worker] WARN net.thucydides.core.steps.BaseStepListener - stepStarted: net.thucydides.core.steps.ExecutedStepDescription@1011ea63
[Test worker] WARN net.thucydides.core.steps.BaseStepListener - stepFinished: current outcome:perform user registration by entering the following:Given Fernando wants to create users on the demo page [Fernando open up [Fernando opens the Open demo page], Fernando register demo [Fernando clicks on enter first name, Fernando enters 'Fernando' into enter first name, Fernando enters 'Villa Alvarez' into enter last name, Fernando enters 'Mz 11 Casa 1 Las Brisas-Pereira' into enter address, Fernando enters 'fvilla.82@hotmail.com' into Input Email, Fernando enters '3124335093' into Input phone, Fernando clicks on Indicate Gender, Fernando clicks on Indicate hobbies, Fernando clicks on click language, Fernando clicks on click language, Fernando clicks on click language 2]]
[Test worker] WARN net.thucydides.core.steps.BaseStepListener - stepStarted: net.thucydides.core.steps.ExecutedStepDescription@49aeb00c
[Test worker] WARN net.thucydides.core.steps.BaseStepListener - stepFinished: current outcome:perform user registration by entering the following:Given Fernando wants to create users on the demo page [Fernando open up [Fernando opens the Open demo page], Fernando register demo [Fernando clicks on enter first name, Fernando enters 'Fernando' into enter first name, Fernando enters 'Villa Alvarez' into enter last name, Fernando enters 'Mz 11 Casa 1 Las Brisas-Pereira' into enter address, Fernando enters 'fvilla.82@hotmail.com' into Input Email, Fernando enters '3124335093' into Input phone, Fernando clicks on Indicate Gender, Fernando clicks on Indicate hobbies, Fernando clicks on click language, Fernando clicks on click language, Fernando clicks on click language 2, Fernando clicks on click language 3 ]]
[Test worker] WARN net.thucydides.core.steps.BaseStepListener - stepStarted: net.thucydides.core.steps.ExecutedStepDescription@70a0dc79
[Test worker] WARN net.thucydides.core.steps.BaseStepListener - stepFinished: current outcome:perform user registration by entering the following:Given Fernando wants to create users on the demo page [Fernando open up [Fernando opens the Open demo page], Fernando register demo [Fernando clicks on enter first name, Fernando enters 'Fernando' into enter first name, Fernando enters 'Villa Alvarez' into enter last name, Fernando enters 'Mz 11 Casa 1 Las Brisas-Pereira' into enter address, Fernando enters 'fvilla.82@hotmail.com' into Input Email, Fernando enters '3124335093' into Input phone, Fernando clicks on Indicate Gender, Fernando clicks on Indicate hobbies, Fernando clicks on click language, Fernando clicks on click language, Fernando clicks on click language 2, Fernando clicks on click language 3 , Fernando clicks on indicate skills]]
[Test worker] WARN net.thucydides.core.steps.BaseStepListener - stepStarted: net.thucydides.core.steps.ExecutedStepDescription@33b7eb6a
[Test worker] WARN net.thucydides.core.steps.BaseStepListener - stepFinished: current outcome:perform user registration by entering the following:Given Fernando wants to create users on the demo page [Fernando open up [Fernando opens the Open demo page], Fernando register demo [Fernando clicks on enter first name, Fernando enters 'Fernando' into enter first name, Fernando enters 'Villa Alvarez' into enter last name, Fernando enters 'Mz 11 Casa 1 Las Brisas-Pereira' into enter address, Fernando enters 'fvilla.82@hotmail.com' into Input Email, Fernando enters '3124335093' into Input phone, Fernando clicks on Indicate Gender, Fernando clicks on Indicate hobbies, Fernando clicks on click language, Fernando clicks on click language, Fernando clicks on click language 2, Fernando clicks on click language 3 , Fernando clicks on indicate skills, Fernando clicks on indicate COUNTRY]]
[Test worker] WARN net.thucydides.core.steps.BaseStepListener - stepStarted: net.thucydides.core.steps.ExecutedStepDescription@1186306d
[Test worker] WARN net.thucydides.core.steps.BaseStepListener - stepFinished: current outcome:perform user registration by entering the following:Given Fernando wants to create users on the demo page [Fernando open up [Fernando opens the Open demo page], Fernando register demo [Fernando clicks on enter first name, Fernando enters 'Fernando' into enter first name, Fernando enters 'Villa Alvarez' into enter last name, Fernando enters 'Mz 11 Casa 1 Las Brisas-Pereira' into enter address, Fernando enters 'fvilla.82@hotmail.com' into Input Email, Fernando enters '3124335093' into Input phone, Fernando clicks on Indicate Gender, Fernando clicks on Indicate hobbies, Fernando clicks on click language, Fernando clicks on click language, Fernando clicks on click language 2, Fernando clicks on click language 3 , Fernando clicks on indicate skills, Fernando clicks on indicate COUNTRY, Fernando clicks on indicate SELECT COUNTRY]]
[Test worker] WARN net.thucydides.core.steps.BaseStepListener - stepStarted: net.thucydides.core.steps.ExecutedStepDescription@62376c10
[Test worker] WARN net.thucydides.core.steps.BaseStepListener - stepFinished: current outcome:perform user registration by entering the following:Given Fernando wants to create users on the demo page [Fernando open up [Fernando opens the Open demo page], Fernando register demo [Fernando clicks on enter first name, Fernando enters 'Fernando' into enter first name, Fernando enters 'Villa Alvarez' into enter last name, Fernando enters 'Mz 11 Casa 1 Las Brisas-Pereira' into enter address, Fernando enters 'fvilla.82@hotmail.com' into Input Email, Fernando enters '3124335093' into Input phone, Fernando clicks on Indicate Gender, Fernando clicks on Indicate hobbies, Fernando clicks on click language, Fernando clicks on click language, Fernando clicks on click language 2, Fernando clicks on click language 3 , Fernando clicks on indicate skills, Fernando clicks on indicate COUNTRY, Fernando clicks on indicate SELECT COUNTRY, Fernando select 1982 on select year]]
[Test worker] WARN net.thucydides.core.steps.BaseStepListener - stepStarted: net.thucydides.core.steps.ExecutedStepDescription@80eb380
[Test worker] WARN net.thucydides.core.steps.BaseStepListener - stepFinished: current outcome:perform user registration by entering the following:Given Fernando wants to create users on the demo page [Fernando open up [Fernando opens the Open demo page], Fernando register demo [Fernando clicks on enter first name, Fernando enters 'Fernando' into enter first name, Fernando enters 'Villa Alvarez' into enter last name, Fernando enters 'Mz 11 Casa 1 Las Brisas-Pereira' into enter address, Fernando enters 'fvilla.82@hotmail.com' into Input Email, Fernando enters '3124335093' into Input phone, Fernando clicks on Indicate Gender, Fernando clicks on Indicate hobbies, Fernando clicks on click language, Fernando clicks on click language, Fernando clicks on click language 2, Fernando clicks on click language 3 , Fernando clicks on indicate skills, Fernando clicks on indicate COUNTRY, Fernando clicks on indicate SELECT COUNTRY, Fernando select 1982 on select year, Fernando select October on select the month]]
[Test worker] WARN net.thucydides.core.steps.BaseStepListener - stepStarted: net.thucydides.core.steps.ExecutedStepDescription@375ce3df
[Test worker] WARN net.thucydides.core.steps.BaseStepListener - stepFinished: current outcome:perform user registration by entering the following:Given Fernando wants to create users on the demo page [Fernando open up [Fernando opens the Open demo page], Fernando register demo [Fernando clicks on enter first name, Fernando enters 'Fernando' into enter first name, Fernando enters 'Villa Alvarez' into enter last name, Fernando enters 'Mz 11 Casa 1 Las Brisas-Pereira' into enter address, Fernando enters 'fvilla.82@hotmail.com' into Input Email, Fernando enters '3124335093' into Input phone, Fernando clicks on Indicate Gender, Fernando clicks on Indicate hobbies, Fernando clicks on click language, Fernando clicks on click language, Fernando clicks on click language 2, Fernando clicks on click language 3 , Fernando clicks on indicate skills, Fernando clicks on indicate COUNTRY, Fernando clicks on indicate SELECT COUNTRY, Fernando select 1982 on select year, Fernando select October on select the month, Fernando select 12 on select day]]
[Test worker] WARN net.thucydides.core.steps.BaseStepListener - stepStarted: net.thucydides.core.steps.ExecutedStepDescription@2cd5cff2
[Test worker] WARN net.thucydides.core.steps.BaseStepListener - stepFinished: current outcome:perform user registration by entering the following:Given Fernando wants to create users on the demo page [Fernando open up [Fernando opens the Open demo page], Fernando register demo [Fernando clicks on enter first name, Fernando enters 'Fernando' into enter first name, Fernando enters 'Villa Alvarez' into enter last name, Fernando enters 'Mz 11 Casa 1 Las Brisas-Pereira' into enter address, Fernando enters 'fvilla.82@hotmail.com' into Input Email, Fernando enters '3124335093' into Input phone, Fernando clicks on Indicate Gender, Fernando clicks on Indicate hobbies, Fernando clicks on click language, Fernando clicks on click language, Fernando clicks on click language 2, Fernando clicks on click language 3 , Fernando clicks on indicate skills, Fernando clicks on indicate COUNTRY, Fernando clicks on indicate SELECT COUNTRY, Fernando select 1982 on select year, Fernando select October on select the month, Fernando select 12 on select day, Fernando enters 'Poiuytre155**' into write password to create]]
[Test worker] WARN net.thucydides.core.steps.BaseStepListener - stepStarted: net.thucydides.core.steps.ExecutedStepDescription@5f9329dd
[Test worker] WARN net.thucydides.core.steps.BaseStepListener - stepFinished: current outcome:perform user registration by entering the following:Given Fernando wants to create users on the demo page [Fernando open up [Fernando opens the Open demo page], Fernando register demo [Fernando clicks on enter first name, Fernando enters 'Fernando' into enter first name, Fernando enters 'Villa Alvarez' into enter last name, Fernando enters 'Mz 11 Casa 1 Las Brisas-Pereira' into enter address, Fernando enters 'fvilla.82@hotmail.com' into Input Email, Fernando enters '3124335093' into Input phone, Fernando clicks on Indicate Gender, Fernando clicks on Indicate hobbies, Fernando clicks on click language, Fernando clicks on click language, Fernando clicks on click language 2, Fernando clicks on click language 3 , Fernando clicks on indicate skills, Fernando clicks on indicate COUNTRY, Fernando clicks on indicate SELECT COUNTRY, Fernando select 1982 on select year, Fernando select October on select the month, Fernando select 12 on select day, Fernando enters 'Poiuytre155**' into write password to create, Fernando enters 'Poiuytre155**' into write password to confirm]]
[Test worker] WARN net.thucydides.core.steps.BaseStepListener - stepStarted: net.thucydides.core.steps.ExecutedStepDescription@7d792f53
[Test worker] WARN net.thucydides.core.steps.BaseStepListener - stepFinished: current outcome:perform user registration by entering the following:Given Fernando wants to create users on the demo page [Fernando open up [Fernando opens the Open demo page], Fernando register demo [Fernando clicks on enter first name, Fernando enters 'Fernando' into enter first name, Fernando enters 'Villa Alvarez' into enter last name, Fernando enters 'Mz 11 Casa 1 Las Brisas-Pereira' into enter address, Fernando enters 'fvilla.82@hotmail.com' into Input Email, Fernando enters '3124335093' into Input phone, Fernando clicks on Indicate Gender, Fernando clicks on Indicate hobbies, Fernando clicks on click language, Fernando clicks on click language, Fernando clicks on click language 2, Fernando clicks on click language 3 , Fernando clicks on indicate skills, Fernando clicks on indicate COUNTRY, Fernando clicks on indicate SELECT COUNTRY, Fernando select 1982 on select year, Fernando select October on select the month, Fernando select 12 on select day, Fernando enters 'Poiuytre155**' into write password to create, Fernando enters 'Poiuytre155**' into write password to confirm, Fernando clicks on click button submit]]
[Test worker] WARN net.thucydides.core.steps.BaseStepListener - stepFinished: current outcome:perform user registration by entering the following:Given Fernando wants to create users on the demo page [Fernando open up [Fernando opens the Open demo page], Fernando register demo [Fernando clicks on enter first name, Fernando enters 'Fernando' into enter first name, Fernando enters 'Villa Alvarez' into enter last name, Fernando enters 'Mz 11 Casa 1 Las Brisas-Pereira' into enter address, Fernando enters 'fvilla.82@hotmail.com' into Input Email, Fernando enters '3124335093' into Input phone, Fernando clicks on Indicate Gender, Fernando clicks on Indicate hobbies, Fernando clicks on click language, Fernando clicks on click language, Fernando clicks on click language 2, Fernando clicks on click language 3 , Fernando clicks on indicate skills, Fernando clicks on indicate COUNTRY, Fernando clicks on indicate SELECT COUNTRY, Fernando select 1982 on select year, Fernando select October on select the month, Fernando select 12 on select day, Fernando enters 'Poiuytre155**' into write password to create, Fernando enters 'Poiuytre155**' into write password to confirm, Fernando clicks on click button submit]]
[Test worker] WARN net.thucydides.core.steps.BaseStepListener - stepFinished: current outcome:perform user registration by entering the following:Given Fernando wants to create users on the demo page [Fernando open up [Fernando opens the Open demo page], Fernando register demo [Fernando clicks on enter first name, Fernando enters 'Fernando' into enter first name, Fernando enters 'Villa Alvarez' into enter last name, Fernando enters 'Mz 11 Casa 1 Las Brisas-Pereira' into enter address, Fernando enters 'fvilla.82@hotmail.com' into Input Email, Fernando enters '3124335093' into Input phone, Fernando clicks on Indicate Gender, Fernando clicks on Indicate hobbies, Fernando clicks on click language, Fernando clicks on click language, Fernando clicks on click language 2, Fernando clicks on click language 3 , Fernando clicks on indicate skills, Fernando clicks on indicate COUNTRY, Fernando clicks on indicate SELECT COUNTRY, Fernando select 1982 on select year, Fernando select October on select the month, Fernando select 12 on select day, Fernando enters 'Poiuytre155**' into write password to create, Fernando enters 'Poiuytre155**' into write password to confirm, Fernando clicks on click button submit]]
[Test worker] WARN net.thucydides.core.steps.BaseStepListener - stepStarted: net.thucydides.core.steps.ExecutedStepDescription@6f5d1806
[Test worker] WARN net.thucydides.core.steps.BaseStepListener - stepFinished: current outcome:perform user registration by entering the following:Given Fernando wants to create users on the demo page [Fernando open up [Fernando opens the Open demo page], Fernando register demo [Fernando clicks on enter first name, Fernando enters 'Fernando' into enter first name, Fernando enters 'Villa Alvarez' into enter last name, Fernando enters 'Mz 11 Casa 1 Las Brisas-Pereira' into enter address, Fernando enters 'fvilla.82@hotmail.com' into Input Email, Fernando enters '3124335093' into Input phone, Fernando clicks on Indicate Gender, Fernando clicks on Indicate hobbies, Fernando clicks on click language, Fernando clicks on click language, Fernando clicks on click language 2, Fernando clicks on click language 3 , Fernando clicks on indicate skills, Fernando clicks on indicate COUNTRY, Fernando clicks on indicate SELECT COUNTRY, Fernando select 1982 on select year, Fernando select October on select the month, Fernando select 12 on select day, Fernando enters 'Poiuytre155**' into write password to create, Fernando enters 'Poiuytre155**' into write password to confirm, Fernando clicks on click button submit]], When Entering the registration tab of the page http://demo.automationtesting.in/Register.html
[Test worker] WARN net.thucydides.core.steps.BaseStepListener - stepStarted: net.thucydides.core.steps.ExecutedStepDescription@20cf703c
[Test worker] WARN net.thucydides.core.steps.BaseStepListener - stepFinished: current outcome:perform user registration by entering the following:Given Fernando wants to create users on the demo page [Fernando open up [Fernando opens the Open demo page], Fernando register demo [Fernando clicks on enter first name, Fernando enters 'Fernando' into enter first name, Fernando enters 'Villa Alvarez' into enter last name, Fernando enters 'Mz 11 Casa 1 Las Brisas-Pereira' into enter address, Fernando enters 'fvilla.82@hotmail.com' into Input Email, Fernando enters '3124335093' into Input phone, Fernando clicks on Indicate Gender, Fernando clicks on Indicate hobbies, Fernando clicks on click language, Fernando clicks on click language, Fernando clicks on click language 2, Fernando clicks on click language 3 , Fernando clicks on indicate skills, Fernando clicks on indicate COUNTRY, Fernando clicks on indicate SELECT COUNTRY, Fernando select 1982 on select year, Fernando select October on select the month, Fernando select 12 on select day, Fernando enters 'Poiuytre155**' into write password to create, Fernando enters 'Poiuytre155**' into write password to confirm, Fernando clicks on click button submit]], When Entering the registration tab of the page http://demo.automationtesting.in/Register.html, Then correctly register your data
[Test worker] WARN net.thucydides.core.steps.BaseStepListener - testFinished: perform user registration by entering the following:Given Fernando wants to create users on the demo page [Fernando open up [Fernando opens the Open demo page], Fernando register demo [Fernando clicks on enter first name, Fernando enters 'Fernando' into enter first name, Fernando enters 'Villa Alvarez' into enter last name, Fernando enters 'Mz 11 Casa 1 Las Brisas-Pereira' into enter address, Fernando enters 'fvilla.82@hotmail.com' into Input Email, Fernando enters '3124335093' into Input phone, Fernando clicks on Indicate Gender, Fernando clicks on Indicate hobbies, Fernando clicks on click language, Fernando clicks on click language, Fernando clicks on click language 2, Fernando clicks on click language 3 , Fernando clicks on indicate skills, Fernando clicks on indicate COUNTRY, Fernando clicks on indicate SELECT COUNTRY, Fernando select 1982 on select year, Fernando select October on select the month, Fernando select 12 on select day, Fernando enters 'Poiuytre155**' into write password to create, Fernando enters 'Poiuytre155**' into write password to confirm, Fernando clicks on click button submit]], When Entering the registration tab of the page http://demo.automationtesting.in/Register.html, Then correctly register your data
[Test worker] WARN net.thucydides.core.steps.BaseStepListener - TestOutcomes: [perform user registration by entering the following:Given Fernando wants to create users on the demo page [Fernando open up [Fernando opens the Open demo page], Fernando register demo [Fernando clicks on enter first name, Fernando enters 'Fernando' into enter first name, Fernando enters 'Villa Alvarez' into enter last name, Fernando enters 'Mz 11 Casa 1 Las Brisas-Pereira' into enter address, Fernando enters 'fvilla.82@hotmail.com' into Input Email, Fernando enters '3124335093' into Input phone, Fernando clicks on Indicate Gender, Fernando clicks on Indicate hobbies, Fernando clicks on click language, Fernando clicks on click language, Fernando clicks on click language 2, Fernando clicks on click language 3 , Fernando clicks on indicate skills, Fernando clicks on indicate COUNTRY, Fernando clicks on indicate SELECT COUNTRY, Fernando select 1982 on select year, Fernando select October on select the month, Fernando select 12 on select day, Fernando enters 'Poiuytre155**' into write password to create, Fernando enters 'Poiuytre155**' into write password to confirm, Fernando clicks on click button submit]], When Entering the registration tab of the page http://demo.automationtesting.in/Register.html, Then correctly register your data]
[Test worker] WARN net.thucydides.core.steps.BaseStepListener - Final testOutcomes: [perform user registration by entering the following:Given Fernando wants to create users on the demo page [Fernando open up [Fernando opens the Open demo page], Fernando register demo [Fernando clicks on enter first name, Fernando enters 'Fernando' into enter first name, Fernando enters 'Villa Alvarez' into enter last name, Fernando enters 'Mz 11 Casa 1 Las Brisas-Pereira' into enter address, Fernando enters 'fvilla.82@hotmail.com' into Input Email, Fernando enters '3124335093' into Input phone, Fernando clicks on Indicate Gender, Fernando clicks on Indicate hobbies, Fernando clicks on click language, Fernando clicks on click language, Fernando clicks on click language 2, Fernando clicks on click language 3 , Fernando clicks on indicate skills, Fernando clicks on indicate COUNTRY, Fernando clicks on indicate SELECT COUNTRY, Fernando select 1982 on select year, Fernando select October on select the month, Fernando select 12 on select day, Fernando enters 'Poiuytre155**' into write password to create, Fernando enters 'Poiuytre155**' into write password to confirm, Fernando clicks on click button submit]], When Entering the registration tab of the page http://demo.automationtesting.in/Register.html, Then correctly register your data]
[Test worker] INFO net.thucydides.core.steps.ConsoleLoggingListener - 
        __    _____ _____ ____ _____   ____   _    ____  ____  _____ ____  
  _     \ \  |_   _| ____/ ___|_   _| |  _ \ / \  / ___|/ ___|| ____|  _ \ 
 (_)_____| |   | | |  _| \___ \ | |   | |_) / _ \ \___ \\___ \|  _| | | | |
  _|_____| |   | | | |___ ___) || |   |  __/ ___ \ ___) |___) | |___| |_| |
 (_)     | |   |_| |_____|____/ |_|   |_| /_/   \_\____/|____/|_____|____/ 
        /_/                                                                

TEST PASSED: perform user registration by entering the following
----------------------------------------------------------------------------
]]></system-err>
</testsuite>
